<?xml version="1.0" encoding="UTF-8"?>
<coverage generated="1725256263782" clover="3.2.0">
  <project timestamp="1725256263782" name="All files">
    <metrics statements="624" coveredstatements="457" conditionals="2581" coveredconditionals="1352" methods="27" coveredmethods="24" elements="3232" coveredelements="1833" complexity="0" loc="624" ncloc="624" packages="4" files="10" classes="10"/>
    <package name="src">
      <metrics statements="385" coveredstatements="308" conditionals="735" coveredconditionals="359" methods="24" coveredmethods="21"/>
      <file name="ConfigurationLoader.ts" path="C:\github\mimic-css\src\ConfigurationLoader.ts">
        <metrics statements="18" coveredstatements="3" conditionals="5" coveredconditionals="0" methods="1" coveredmethods="0"/>
        <line num="1" count="1" type="stmt"/>
        <line num="7" count="1" type="stmt"/>
        <line num="12" count="1" type="stmt"/>
        <line num="13" count="0" type="stmt"/>
        <line num="18" count="0" type="stmt"/>
        <line num="20" count="0" type="cond" truecount="0" falsecount="1"/>
        <line num="21" count="0" type="stmt"/>
        <line num="24" count="0" type="cond" truecount="0" falsecount="1"/>
        <line num="25" count="0" type="stmt"/>
        <line num="28" count="0" type="cond" truecount="0" falsecount="1"/>
        <line num="29" count="0" type="stmt"/>
        <line num="32" count="0" type="cond" truecount="0" falsecount="1"/>
        <line num="33" count="0" type="stmt"/>
        <line num="36" count="0" type="cond" truecount="0" falsecount="1"/>
        <line num="39" count="0" type="stmt"/>
        <line num="40" count="0" type="stmt"/>
        <line num="42" count="0" type="stmt"/>
        <line num="43" count="0" type="stmt"/>
      </file>
      <file name="GenerateMimicCss.ts" path="C:\github\mimic-css\src\GenerateMimicCss.ts">
        <metrics statements="79" coveredstatements="79" conditionals="288" coveredconditionals="246" methods="3" coveredmethods="3"/>
        <line num="1" count="1" type="stmt"/>
        <line num="2" count="1" type="stmt"/>
        <line num="3" count="1" type="stmt"/>
        <line num="10" count="1" type="stmt"/>
        <line num="12" count="1" type="stmt"/>
        <line num="31" count="282" type="cond" truecount="3" falsecount="1"/>
        <line num="33" count="282" type="cond" truecount="4" falsecount="0"/>
        <line num="34" count="282" type="stmt"/>
        <line num="36" count="282" type="cond" truecount="4" falsecount="0"/>
        <line num="37" count="282" type="stmt"/>
        <line num="39" count="282" type="cond" truecount="4" falsecount="0"/>
        <line num="40" count="282" type="stmt"/>
        <line num="42" count="282" type="cond" truecount="4" falsecount="0"/>
        <line num="43" count="282" type="stmt"/>
        <line num="49" count="282" type="stmt"/>
        <line num="51" count="282" type="cond" truecount="4" falsecount="0"/>
        <line num="52" count="282" type="cond" truecount="4" falsecount="0"/>
        <line num="53" count="282" type="cond" truecount="4" falsecount="0"/>
        <line num="54" count="282" type="cond" truecount="4" falsecount="0"/>
        <line num="56" count="282" type="cond" truecount="4" falsecount="0"/>
        <line num="57" count="282" type="cond" truecount="4" falsecount="0"/>
        <line num="58" count="282" type="cond" truecount="4" falsecount="0"/>
        <line num="59" count="282" type="cond" truecount="4" falsecount="0"/>
        <line num="61" count="282" type="stmt"/>
        <line num="65" count="282" type="stmt"/>
        <line num="69" count="282" type="stmt"/>
        <line num="73" count="282" type="cond" truecount="4" falsecount="0"/>
        <line num="74" count="282" type="stmt"/>
        <line num="77" count="282" type="cond" truecount="3" falsecount="1"/>
        <line num="82" count="282" type="stmt"/>
        <line num="104" count="1" type="stmt"/>
        <line num="123" count="27" type="cond" truecount="3" falsecount="1"/>
        <line num="125" count="27" type="cond" truecount="4" falsecount="0"/>
        <line num="126" count="27" type="stmt"/>
        <line num="128" count="27" type="cond" truecount="4" falsecount="0"/>
        <line num="129" count="27" type="stmt"/>
        <line num="131" count="27" type="cond" truecount="3" falsecount="1"/>
        <line num="132" count="27" type="stmt"/>
        <line num="134" count="27" type="cond" truecount="3" falsecount="1"/>
        <line num="135" count="27" type="stmt"/>
        <line num="137" count="27" type="cond" truecount="4" falsecount="0"/>
        <line num="138" count="27" type="cond" truecount="4" falsecount="0"/>
        <line num="139" count="27" type="cond" truecount="3" falsecount="1"/>
        <line num="140" count="27" type="cond" truecount="3" falsecount="1"/>
        <line num="142" count="27" type="cond" truecount="4" falsecount="0"/>
        <line num="143" count="27" type="cond" truecount="4" falsecount="0"/>
        <line num="144" count="27" type="cond" truecount="3" falsecount="1"/>
        <line num="145" count="27" type="cond" truecount="3" falsecount="1"/>
        <line num="147" count="27" type="stmt"/>
        <line num="151" count="27" type="stmt"/>
        <line num="155" count="27" type="stmt"/>
        <line num="159" count="27" type="cond" truecount="3" falsecount="1"/>
        <line num="160" count="27" type="cond" truecount="3" falsecount="1"/>
        <line num="168" count="27" type="stmt"/>
        <line num="178" count="27" type="stmt"/>
        <line num="183" count="27" type="stmt"/>
        <line num="193" count="1" type="stmt"/>
        <line num="213" count="7" type="cond" truecount="3" falsecount="1"/>
        <line num="215" count="7" type="cond" truecount="4" falsecount="0"/>
        <line num="216" count="7" type="stmt"/>
        <line num="218" count="7" type="cond" truecount="3" falsecount="1"/>
        <line num="219" count="7" type="stmt"/>
        <line num="221" count="7" type="cond" truecount="3" falsecount="1"/>
        <line num="222" count="7" type="stmt"/>
        <line num="224" count="7" type="cond" truecount="3" falsecount="1"/>
        <line num="225" count="7" type="stmt"/>
        <line num="227" count="7" type="cond" truecount="3" falsecount="1"/>
        <line num="228" count="7" type="cond" truecount="3" falsecount="1"/>
        <line num="229" count="7" type="cond" truecount="3" falsecount="1"/>
        <line num="230" count="7" type="cond" truecount="3" falsecount="1"/>
        <line num="232" count="7" type="cond" truecount="4" falsecount="0"/>
        <line num="233" count="7" type="cond" truecount="3" falsecount="1"/>
        <line num="234" count="7" type="cond" truecount="3" falsecount="1"/>
        <line num="235" count="7" type="cond" truecount="3" falsecount="1"/>
        <line num="237" count="7" type="stmt"/>
        <line num="241" count="7" type="stmt"/>
        <line num="245" count="7" type="stmt"/>
        <line num="249" count="7" type="cond" truecount="3" falsecount="1"/>
        <line num="251" count="7" type="stmt"/>
      </file>
      <file name="Main.ts" path="C:\github\mimic-css\src\Main.ts">
        <metrics statements="150" coveredstatements="133" conditionals="52" coveredconditionals="30" methods="14" coveredmethods="14"/>
        <line num="6" count="1" type="stmt"/>
        <line num="12" count="1" type="stmt"/>
        <line num="24" count="1" type="stmt"/>
        <line num="26" count="1" type="stmt"/>
        <line num="37" count="85" type="stmt"/>
        <line num="43" count="85" type="stmt"/>
        <line num="45" count="85" type="stmt"/>
        <line num="47" count="85" type="stmt"/>
        <line num="49" count="85" type="stmt"/>
        <line num="51" count="85" type="stmt"/>
        <line num="53" count="85" type="stmt"/>
        <line num="58" count="85" type="stmt"/>
        <line num="61" count="1" type="stmt"/>
        <line num="67" count="85" type="stmt"/>
        <line num="69" count="85" type="stmt"/>
        <line num="70" count="0" type="cond" truecount="0" falsecount="3"/>
        <line num="71" count="0" type="cond" truecount="0" falsecount="1"/>
        <line num="72" count="0" type="stmt"/>
        <line num="76" count="85" type="stmt"/>
        <line num="87" count="85" type="stmt"/>
        <line num="89" count="85" type="stmt"/>
        <line num="93" count="85" type="stmt"/>
        <line num="94" count="85" type="stmt"/>
        <line num="97" count="85" type="stmt"/>
        <line num="98" count="176" type="cond" truecount="3" falsecount="1"/>
        <line num="99" count="176" type="stmt"/>
        <line num="101" count="176" type="stmt"/>
        <line num="102" count="531" type="cond" truecount="1" falsecount="0"/>
        <line num="103" count="179" type="stmt"/>
        <line num="107" count="179" type="stmt"/>
        <line num="112" count="179" type="stmt"/>
        <line num="119" count="179" type="stmt"/>
        <line num="125" count="179" type="stmt"/>
        <line num="132" count="179" type="stmt"/>
        <line num="138" count="179" type="stmt"/>
        <line num="145" count="179" type="stmt"/>
        <line num="151" count="179" type="stmt"/>
        <line num="158" count="179" type="stmt"/>
        <line num="164" count="179" type="stmt"/>
        <line num="171" count="179" type="stmt"/>
        <line num="173" count="179" type="stmt"/>
        <line num="193" count="179" type="stmt"/>
        <line num="199" count="179" type="stmt"/>
        <line num="218" count="1253" type="stmt"/>
        <line num="238" count="1611" type="stmt"/>
        <line num="254" count="85" type="stmt"/>
        <line num="255" count="85" type="stmt"/>
        <line num="257" count="85" type="stmt"/>
        <line num="260" count="85" type="stmt"/>
        <line num="261" count="176" type="cond" truecount="3" falsecount="1"/>
        <line num="262" count="176" type="stmt"/>
        <line num="264" count="176" type="stmt"/>
        <line num="265" count="176" type="stmt"/>
        <line num="267" count="176" type="stmt"/>
        <line num="268" count="531" type="cond" truecount="1" falsecount="0"/>
        <line num="270" count="179" type="stmt"/>
        <line num="273" count="179" type="stmt"/>
        <line num="279" count="179" type="stmt"/>
        <line num="285" count="179" type="cond" truecount="1" falsecount="0"/>
        <line num="295" count="2" type="stmt"/>
        <line num="298" count="177" type="stmt"/>
        <line num="304" count="177" type="stmt"/>
        <line num="310" count="177" type="cond" truecount="1" falsecount="0"/>
        <line num="320" count="5" type="stmt"/>
        <line num="323" count="172" type="stmt"/>
        <line num="329" count="172" type="stmt"/>
        <line num="335" count="172" type="cond" truecount="0" falsecount="1"/>
        <line num="345" count="0" type="stmt"/>
        <line num="348" count="172" type="stmt"/>
        <line num="354" count="172" type="stmt"/>
        <line num="360" count="172" type="cond" truecount="0" falsecount="1"/>
        <line num="370" count="0" type="stmt"/>
        <line num="373" count="172" type="stmt"/>
        <line num="379" count="172" type="stmt"/>
        <line num="385" count="172" type="cond" truecount="0" falsecount="1"/>
        <line num="395" count="0" type="stmt"/>
        <line num="398" count="172" type="stmt"/>
        <line num="404" count="172" type="stmt"/>
        <line num="411" count="172" type="cond" truecount="0" falsecount="1"/>
        <line num="421" count="0" type="stmt"/>
        <line num="424" count="172" type="stmt"/>
        <line num="430" count="172" type="stmt"/>
        <line num="437" count="172" type="cond" truecount="0" falsecount="1"/>
        <line num="447" count="0" type="stmt"/>
        <line num="476" count="172" type="stmt"/>
        <line num="482" count="172" type="stmt"/>
        <line num="489" count="172" type="cond" truecount="0" falsecount="1"/>
        <line num="499" count="0" type="stmt"/>
        <line num="503" count="176" type="stmt"/>
        <line num="504" count="852" type="cond" truecount="3" falsecount="0"/>
        <line num="505" count="676" type="stmt"/>
        <line num="521" count="85" type="stmt"/>
        <line num="522" count="85" type="stmt"/>
        <line num="524" count="85" type="stmt"/>
        <line num="525" count="176" type="cond" truecount="3" falsecount="1"/>
        <line num="526" count="176" type="stmt"/>
        <line num="528" count="176" type="stmt"/>
        <line num="529" count="531" type="cond" truecount="1" falsecount="0"/>
        <line num="533" count="179" type="stmt"/>
        <line num="539" count="179" type="stmt"/>
        <line num="545" count="179" type="stmt"/>
        <line num="550" count="179" type="stmt"/>
        <line num="556" count="179" type="stmt"/>
        <line num="561" count="179" type="stmt"/>
        <line num="567" count="179" type="stmt"/>
        <line num="572" count="179" type="stmt"/>
        <line num="578" count="179" type="stmt"/>
        <line num="583" count="179" type="stmt"/>
        <line num="589" count="179" type="stmt"/>
        <line num="594" count="179" type="stmt"/>
        <line num="600" count="179" type="stmt"/>
        <line num="605" count="179" type="stmt"/>
        <line num="611" count="179" type="stmt"/>
        <line num="612" count="179" type="stmt"/>
        <line num="629" count="179" type="stmt"/>
        <line num="634" count="179" type="stmt"/>
        <line num="655" count="85" type="stmt"/>
        <line num="656" count="0" type="cond" truecount="0" falsecount="3"/>
        <line num="657" count="0" type="cond" truecount="0" falsecount="1"/>
        <line num="658" count="0" type="stmt"/>
        <line num="664" count="85" type="stmt"/>
        <line num="665" count="0" type="cond" truecount="0" falsecount="3"/>
        <line num="666" count="0" type="cond" truecount="0" falsecount="1"/>
        <line num="667" count="0" type="stmt"/>
        <line num="683" count="85" type="stmt"/>
        <line num="686" count="85" type="stmt"/>
        <line num="687" count="236" type="cond" truecount="3" falsecount="0"/>
        <line num="688" count="151" type="stmt"/>
        <line num="689" count="151" type="stmt"/>
        <line num="693" count="85" type="stmt"/>
        <line num="694" count="110" type="cond" truecount="3" falsecount="0"/>
        <line num="695" count="25" type="stmt"/>
        <line num="696" count="25" type="stmt"/>
        <line num="700" count="85" type="stmt"/>
        <line num="714" count="1388" type="cond" truecount="2" falsecount="0"/>
        <line num="715" count="7" type="cond" truecount="2" falsecount="0"/>
        <line num="716" count="4" type="stmt"/>
        <line num="722" count="4" type="stmt"/>
        <line num="724" count="3" type="cond" truecount="1" falsecount="1"/>
        <line num="726" count="3" type="stmt"/>
        <line num="736" count="0" type="stmt"/>
        <line num="743" count="0" type="stmt"/>
        <line num="746" count="7" type="stmt"/>
        <line num="748" count="1381" type="stmt"/>
        <line num="757" count="1388" type="stmt"/>
        <line num="762" count="1388" type="cond" truecount="2" falsecount="0"/>
        <line num="763" count="7" type="stmt"/>
        <line num="764" count="7" type="stmt"/>
        <line num="768" count="7" type="stmt"/>
        <line num="770" count="1381" type="stmt"/>
      </file>
      <file name="ProcessMediaQueries.ts" path="C:\github\mimic-css\src\ProcessMediaQueries.ts">
        <metrics statements="61" coveredstatements="16" conditionals="382" coveredconditionals="76" methods="3" coveredmethods="1"/>
        <line num="1" count="1" type="stmt"/>
        <line num="2" count="1" type="stmt"/>
        <line num="6" count="1" type="stmt"/>
        <line num="7" count="1" type="stmt"/>
        <line num="9" count="1" type="stmt"/>
        <line num="12" count="316" type="cond" truecount="4" falsecount="2"/>
        <line num="15" count="0" type="stmt"/>
        <line num="18" count="0" type="stmt"/>
        <line num="21" count="15" type="stmt"/>
        <line num="24" count="15" type="stmt"/>
        <line num="27" count="5" type="stmt"/>
        <line num="30" count="5" type="stmt"/>
        <line num="33" count="7" type="stmt"/>
        <line num="36" count="7" type="stmt"/>
        <line num="39" count="0" type="stmt"/>
        <line num="42" count="0" type="stmt"/>
        <line num="43" count="0" type="stmt"/>
        <line num="45" count="289" type="stmt"/>
        <line num="48" count="316" type="stmt"/>
        <line num="50" count="1" type="stmt"/>
        <line num="51" count="0" type="stmt"/>
        <line num="53" count="0" type="stmt"/>
        <line num="56" count="0" type="stmt"/>
        <line num="57" count="0" type="stmt"/>
        <line num="58" count="0" type="stmt"/>
        <line num="63" count="0" type="cond" truecount="0" falsecount="6"/>
        <line num="66" count="0" type="stmt"/>
        <line num="69" count="0" type="stmt"/>
        <line num="72" count="0" type="stmt"/>
        <line num="75" count="0" type="stmt"/>
        <line num="78" count="0" type="stmt"/>
        <line num="81" count="0" type="stmt"/>
        <line num="84" count="0" type="stmt"/>
        <line num="87" count="0" type="stmt"/>
        <line num="90" count="0" type="stmt"/>
        <line num="93" count="0" type="stmt"/>
        <line num="95" count="0" type="stmt"/>
        <line num="98" count="0" type="stmt"/>
        <line num="101" count="0" type="stmt"/>
        <line num="110" count="0" type="stmt"/>
        <line num="113" count="1" type="stmt"/>
        <line num="114" count="0" type="stmt"/>
        <line num="116" count="0" type="stmt"/>
        <line num="119" count="0" type="stmt"/>
        <line num="120" count="0" type="stmt"/>
        <line num="121" count="0" type="stmt"/>
        <line num="126" count="0" type="cond" truecount="0" falsecount="6"/>
        <line num="129" count="0" type="stmt"/>
        <line num="132" count="0" type="stmt"/>
        <line num="135" count="0" type="stmt"/>
        <line num="138" count="0" type="stmt"/>
        <line num="141" count="0" type="stmt"/>
        <line num="144" count="0" type="stmt"/>
        <line num="147" count="0" type="stmt"/>
        <line num="150" count="0" type="stmt"/>
        <line num="153" count="0" type="stmt"/>
        <line num="156" count="0" type="stmt"/>
        <line num="158" count="0" type="stmt"/>
        <line num="161" count="0" type="stmt"/>
        <line num="164" count="0" type="stmt"/>
        <line num="173" count="0" type="stmt"/>
      </file>
      <file name="RegExPerform.ts" path="C:\github\mimic-css\src\RegExPerform.ts">
        <metrics statements="77" coveredstatements="77" conditionals="8" coveredconditionals="7" methods="3" coveredmethods="3"/>
        <line num="6" count="1" type="stmt"/>
        <line num="12" count="1" type="stmt"/>
        <line num="14" count="1" type="stmt"/>
        <line num="19" count="1611" type="stmt"/>
        <line num="20" count="1611" type="stmt"/>
        <line num="22" count="1611" type="stmt"/>
        <line num="23" count="340" type="stmt"/>
        <line num="24" count="340" type="stmt"/>
        <line num="25" count="340" type="stmt"/>
        <line num="26" count="340" type="stmt"/>
        <line num="27" count="340" type="stmt"/>
        <line num="28" count="340" type="stmt"/>
        <line num="29" count="340" type="stmt"/>
        <line num="30" count="340" type="stmt"/>
        <line num="31" count="340" type="stmt"/>
        <line num="32" count="340" type="stmt"/>
        <line num="33" count="340" type="stmt"/>
        <line num="34" count="340" type="stmt"/>
        <line num="35" count="340" type="stmt"/>
        <line num="36" count="340" type="stmt"/>
        <line num="37" count="340" type="stmt"/>
        <line num="38" count="340" type="stmt"/>
        <line num="39" count="340" type="stmt"/>
        <line num="41" count="340" type="cond" truecount="3" falsecount="0"/>
        <line num="43" count="282" type="stmt"/>
        <line num="63" count="1553" type="stmt"/>
        <line num="66" count="1" type="stmt"/>
        <line num="71" count="1388" type="cond" truecount="0" falsecount="1"/>
        <line num="73" count="1388" type="stmt"/>
        <line num="74" count="1388" type="stmt"/>
        <line num="75" count="1388" type="stmt"/>
        <line num="76" count="1388" type="stmt"/>
        <line num="78" count="1388" type="stmt"/>
        <line num="79" count="225" type="stmt"/>
        <line num="80" count="225" type="stmt"/>
        <line num="81" count="225" type="stmt"/>
        <line num="82" count="225" type="stmt"/>
        <line num="83" count="225" type="stmt"/>
        <line num="84" count="225" type="stmt"/>
        <line num="85" count="225" type="stmt"/>
        <line num="86" count="225" type="stmt"/>
        <line num="87" count="225" type="stmt"/>
        <line num="88" count="225" type="stmt"/>
        <line num="89" count="225" type="stmt"/>
        <line num="90" count="225" type="stmt"/>
        <line num="91" count="225" type="stmt"/>
        <line num="92" count="225" type="stmt"/>
        <line num="93" count="225" type="stmt"/>
        <line num="94" count="225" type="stmt"/>
        <line num="95" count="225" type="stmt"/>
        <line num="96" count="225" type="stmt"/>
        <line num="98" count="225" type="cond" truecount="1" falsecount="0"/>
        <line num="100" count="7" type="stmt"/>
        <line num="125" count="1170" type="stmt"/>
        <line num="128" count="1" type="stmt"/>
        <line num="133" count="1253" type="stmt"/>
        <line num="134" count="1253" type="stmt"/>
        <line num="143" count="1253" type="stmt"/>
        <line num="144" count="230" type="stmt"/>
        <line num="145" count="230" type="stmt"/>
        <line num="146" count="230" type="stmt"/>
        <line num="147" count="230" type="stmt"/>
        <line num="148" count="230" type="stmt"/>
        <line num="149" count="230" type="stmt"/>
        <line num="150" count="230" type="stmt"/>
        <line num="151" count="230" type="stmt"/>
        <line num="152" count="230" type="stmt"/>
        <line num="153" count="230" type="stmt"/>
        <line num="154" count="230" type="stmt"/>
        <line num="155" count="230" type="stmt"/>
        <line num="156" count="230" type="stmt"/>
        <line num="157" count="230" type="stmt"/>
        <line num="158" count="230" type="stmt"/>
        <line num="159" count="230" type="stmt"/>
        <line num="161" count="230" type="cond" truecount="3" falsecount="0"/>
        <line num="163" count="27" type="stmt"/>
        <line num="183" count="1050" type="stmt"/>
      </file>
    </package>
    <package name="src.RegExp">
      <metrics statements="27" coveredstatements="27" conditionals="252" coveredconditionals="189" methods="1" coveredmethods="1"/>
      <file name="RegExDefinitions.ts" path="C:\github\mimic-css\src\RegExp\RegExDefinitions.ts">
        <metrics statements="27" coveredstatements="27" conditionals="252" coveredconditionals="189" methods="1" coveredmethods="1"/>
        <line num="1" count="1" type="stmt"/>
        <line num="2" count="1" type="stmt"/>
        <line num="3" count="1" type="stmt"/>
        <line num="5" count="1" type="stmt"/>
        <line num="7" count="1" type="stmt"/>
        <line num="8" count="1" type="stmt"/>
        <line num="10" count="1" type="stmt"/>
        <line num="11" count="1" type="stmt"/>
        <line num="13" count="1" type="stmt"/>
        <line num="15" count="1" type="stmt"/>
        <line num="16" count="1" type="stmt"/>
        <line num="18" count="1" type="stmt"/>
        <line num="19" count="1" type="stmt"/>
        <line num="21" count="1" type="stmt"/>
        <line num="23" count="1" type="stmt"/>
        <line num="24" count="85" type="stmt"/>
        <line num="41" count="85" type="stmt"/>
        <line num="49" count="85" type="cond" truecount="9" falsecount="3"/>
        <line num="61" count="85" type="stmt"/>
        <line num="67" count="85" type="stmt"/>
        <line num="75" count="85" type="stmt"/>
        <line num="88" count="85" type="stmt"/>
        <line num="99" count="85" type="stmt"/>
        <line num="107" count="85" type="stmt"/>
        <line num="118" count="85" type="stmt"/>
        <line num="129" count="85" type="stmt"/>
        <line num="139" count="85" type="stmt"/>
      </file>
    </package>
    <package name="src.Snapping">
      <metrics statements="208" coveredstatements="118" conditionals="1586" coveredconditionals="798" methods="1" coveredmethods="1"/>
      <file name="MediaBreakpoints.ts" path="C:\github\mimic-css\src\Snapping\MediaBreakpoints.ts">
        <metrics statements="2" coveredstatements="2" conditionals="0" coveredconditionals="0" methods="0" coveredmethods="0"/>
        <line num="13" count="1" type="stmt"/>
        <line num="21" count="1" type="stmt"/>
      </file>
      <file name="PerformSnap.ts" path="C:\github\mimic-css\src\Snapping\PerformSnap.ts">
        <metrics statements="190" coveredstatements="100" conditionals="1586" coveredconditionals="798" methods="1" coveredmethods="1"/>
        <line num="1" count="1" type="stmt"/>
        <line num="19" count="1" type="stmt"/>
        <line num="21" count="1" type="stmt"/>
        <line num="22" count="2555" type="stmt"/>
        <line num="26" count="2555" type="cond" truecount="1" falsecount="0"/>
        <line num="32" count="116" type="stmt"/>
        <line num="35" count="2439" type="cond" truecount="12" falsecount="9"/>
        <line num="39" count="1281" type="cond" truecount="3" falsecount="14"/>
        <line num="41" count="22" type="stmt"/>
        <line num="43" count="22" type="stmt"/>
        <line num="46" count="0" type="stmt"/>
        <line num="48" count="0" type="stmt"/>
        <line num="51" count="0" type="stmt"/>
        <line num="53" count="0" type="stmt"/>
        <line num="56" count="0" type="stmt"/>
        <line num="58" count="0" type="stmt"/>
        <line num="61" count="7" type="stmt"/>
        <line num="63" count="7" type="stmt"/>
        <line num="66" count="0" type="stmt"/>
        <line num="68" count="0" type="stmt"/>
        <line num="71" count="0" type="stmt"/>
        <line num="73" count="0" type="stmt"/>
        <line num="76" count="0" type="stmt"/>
        <line num="78" count="0" type="stmt"/>
        <line num="81" count="0" type="stmt"/>
        <line num="83" count="0" type="stmt"/>
        <line num="86" count="0" type="stmt"/>
        <line num="88" count="0" type="stmt"/>
        <line num="91" count="0" type="stmt"/>
        <line num="93" count="0" type="stmt"/>
        <line num="96" count="0" type="stmt"/>
        <line num="98" count="0" type="stmt"/>
        <line num="101" count="0" type="stmt"/>
        <line num="103" count="0" type="stmt"/>
        <line num="106" count="0" type="stmt"/>
        <line num="108" count="0" type="stmt"/>
        <line num="111" count="0" type="stmt"/>
        <line num="113" count="0" type="stmt"/>
        <line num="116" count="0" type="stmt"/>
        <line num="118" count="0" type="stmt"/>
        <line num="121" count="1252" type="stmt"/>
        <line num="122" count="1252" type="stmt"/>
        <line num="124" count="1281" type="stmt"/>
        <line num="126" count="176" type="cond" truecount="2" falsecount="5"/>
        <line num="128" count="0" type="cond" truecount="0" falsecount="12"/>
        <line num="129" count="0" type="stmt"/>
        <line num="132" count="26" type="cond" truecount="9" falsecount="3"/>
        <line num="133" count="26" type="stmt"/>
        <line num="136" count="0" type="cond" truecount="0" falsecount="12"/>
        <line num="137" count="0" type="stmt"/>
        <line num="140" count="0" type="cond" truecount="0" falsecount="12"/>
        <line num="141" count="0" type="stmt"/>
        <line num="144" count="0" type="cond" truecount="0" falsecount="12"/>
        <line num="145" count="0" type="stmt"/>
        <line num="148" count="0" type="cond" truecount="0" falsecount="12"/>
        <line num="149" count="0" type="stmt"/>
        <line num="152" count="150" type="stmt"/>
        <line num="153" count="150" type="stmt"/>
        <line num="155" count="176" type="stmt"/>
        <line num="161" count="104" type="cond" truecount="7" falsecount="0"/>
        <line num="163" count="3" type="cond" truecount="9" falsecount="3"/>
        <line num="164" count="3" type="stmt"/>
        <line num="167" count="2" type="cond" truecount="9" falsecount="3"/>
        <line num="168" count="2" type="stmt"/>
        <line num="171" count="2" type="cond" truecount="9" falsecount="3"/>
        <line num="172" count="2" type="stmt"/>
        <line num="175" count="2" type="cond" truecount="9" falsecount="3"/>
        <line num="176" count="2" type="stmt"/>
        <line num="179" count="2" type="cond" truecount="9" falsecount="3"/>
        <line num="180" count="2" type="stmt"/>
        <line num="183" count="2" type="cond" truecount="9" falsecount="3"/>
        <line num="184" count="2" type="stmt"/>
        <line num="187" count="91" type="stmt"/>
        <line num="188" count="91" type="stmt"/>
        <line num="190" count="104" type="stmt"/>
        <line num="192" count="7" type="cond" truecount="2" falsecount="5"/>
        <line num="194" count="0" type="cond" truecount="0" falsecount="12"/>
        <line num="195" count="0" type="stmt"/>
        <line num="198" count="0" type="cond" truecount="0" falsecount="12"/>
        <line num="199" count="0" type="stmt"/>
        <line num="202" count="1" type="cond" truecount="9" falsecount="3"/>
        <line num="203" count="1" type="stmt"/>
        <line num="206" count="0" type="cond" truecount="0" falsecount="12"/>
        <line num="207" count="0" type="stmt"/>
        <line num="210" count="0" type="cond" truecount="0" falsecount="12"/>
        <line num="211" count="0" type="stmt"/>
        <line num="214" count="0" type="cond" truecount="0" falsecount="12"/>
        <line num="215" count="0" type="stmt"/>
        <line num="218" count="6" type="stmt"/>
        <line num="219" count="6" type="stmt"/>
        <line num="221" count="7" type="stmt"/>
        <line num="223" count="147" type="cond" truecount="2" falsecount="5"/>
        <line num="225" count="0" type="cond" truecount="0" falsecount="12"/>
        <line num="226" count="0" type="stmt"/>
        <line num="229" count="0" type="cond" truecount="0" falsecount="12"/>
        <line num="230" count="0" type="stmt"/>
        <line num="233" count="0" type="cond" truecount="0" falsecount="12"/>
        <line num="234" count="0" type="stmt"/>
        <line num="237" count="0" type="cond" truecount="0" falsecount="12"/>
        <line num="238" count="0" type="stmt"/>
        <line num="241" count="9" type="cond" truecount="9" falsecount="3"/>
        <line num="242" count="9" type="stmt"/>
        <line num="245" count="0" type="cond" truecount="0" falsecount="12"/>
        <line num="246" count="0" type="stmt"/>
        <line num="249" count="138" type="stmt"/>
        <line num="250" count="138" type="stmt"/>
        <line num="252" count="147" type="stmt"/>
        <line num="254" count="258" type="cond" truecount="7" falsecount="0"/>
        <line num="256" count="9" type="cond" truecount="9" falsecount="3"/>
        <line num="257" count="9" type="stmt"/>
        <line num="260" count="3" type="cond" truecount="9" falsecount="3"/>
        <line num="261" count="3" type="stmt"/>
        <line num="264" count="4" type="cond" truecount="9" falsecount="3"/>
        <line num="265" count="4" type="stmt"/>
        <line num="268" count="14" type="cond" truecount="9" falsecount="3"/>
        <line num="269" count="14" type="stmt"/>
        <line num="272" count="11" type="cond" truecount="9" falsecount="3"/>
        <line num="273" count="11" type="stmt"/>
        <line num="276" count="3" type="cond" truecount="9" falsecount="3"/>
        <line num="277" count="3" type="stmt"/>
        <line num="280" count="214" type="stmt"/>
        <line num="281" count="214" type="stmt"/>
        <line num="283" count="258" type="stmt"/>
        <line num="289" count="0" type="cond" truecount="0" falsecount="7"/>
        <line num="291" count="0" type="cond" truecount="0" falsecount="12"/>
        <line num="292" count="0" type="stmt"/>
        <line num="295" count="0" type="cond" truecount="0" falsecount="12"/>
        <line num="296" count="0" type="stmt"/>
        <line num="299" count="0" type="cond" truecount="0" falsecount="12"/>
        <line num="300" count="0" type="stmt"/>
        <line num="303" count="0" type="cond" truecount="0" falsecount="12"/>
        <line num="304" count="0" type="stmt"/>
        <line num="307" count="0" type="cond" truecount="0" falsecount="12"/>
        <line num="308" count="0" type="stmt"/>
        <line num="311" count="0" type="cond" truecount="0" falsecount="12"/>
        <line num="312" count="0" type="stmt"/>
        <line num="315" count="0" type="stmt"/>
        <line num="316" count="0" type="stmt"/>
        <line num="318" count="0" type="stmt"/>
        <line num="321" count="161" type="cond" truecount="7" falsecount="0"/>
        <line num="323" count="3" type="stmt"/>
        <line num="324" count="3" type="stmt"/>
        <line num="327" count="3" type="stmt"/>
        <line num="328" count="3" type="stmt"/>
        <line num="331" count="3" type="stmt"/>
        <line num="332" count="3" type="stmt"/>
        <line num="335" count="3" type="stmt"/>
        <line num="336" count="3" type="stmt"/>
        <line num="339" count="8" type="stmt"/>
        <line num="340" count="8" type="stmt"/>
        <line num="343" count="3" type="stmt"/>
        <line num="344" count="3" type="stmt"/>
        <line num="347" count="138" type="stmt"/>
        <line num="348" count="138" type="stmt"/>
        <line num="350" count="161" type="stmt"/>
        <line num="353" count="74" type="cond" truecount="2" falsecount="5"/>
        <line num="355" count="0" type="stmt"/>
        <line num="356" count="0" type="stmt"/>
        <line num="359" count="0" type="stmt"/>
        <line num="360" count="0" type="stmt"/>
        <line num="363" count="6" type="stmt"/>
        <line num="364" count="6" type="stmt"/>
        <line num="367" count="0" type="stmt"/>
        <line num="368" count="0" type="stmt"/>
        <line num="371" count="0" type="stmt"/>
        <line num="372" count="0" type="stmt"/>
        <line num="375" count="0" type="stmt"/>
        <line num="376" count="0" type="stmt"/>
        <line num="379" count="68" type="stmt"/>
        <line num="380" count="68" type="stmt"/>
        <line num="382" count="74" type="stmt"/>
        <line num="385" count="63" type="cond" truecount="4" falsecount="3"/>
        <line num="387" count="3" type="stmt"/>
        <line num="388" count="3" type="stmt"/>
        <line num="391" count="3" type="stmt"/>
        <line num="392" count="3" type="stmt"/>
        <line num="395" count="0" type="stmt"/>
        <line num="396" count="0" type="stmt"/>
        <line num="399" count="0" type="stmt"/>
        <line num="400" count="0" type="stmt"/>
        <line num="403" count="3" type="stmt"/>
        <line num="404" count="3" type="stmt"/>
        <line num="407" count="0" type="stmt"/>
        <line num="408" count="0" type="stmt"/>
        <line num="411" count="54" type="stmt"/>
        <line num="412" count="54" type="stmt"/>
        <line num="414" count="63" type="stmt"/>
        <line num="416" count="168" type="stmt"/>
        <line num="417" count="168" type="stmt"/>
        <line num="420" count="2439" type="stmt"/>
      </file>
      <file name="Sizes.ts" path="C:\github\mimic-css\src\Snapping\Sizes.ts">
        <metrics statements="16" coveredstatements="16" conditionals="0" coveredconditionals="0" methods="0" coveredmethods="0"/>
        <line num="3" count="1" type="stmt"/>
        <line num="12" count="1" type="stmt"/>
        <line num="34" count="1" type="stmt"/>
        <line num="41" count="1" type="stmt"/>
        <line num="48" count="1" type="stmt"/>
        <line num="55" count="1" type="stmt"/>
        <line num="62" count="1" type="stmt"/>
        <line num="71" count="1" type="stmt"/>
        <line num="80" count="1" type="stmt"/>
        <line num="89" count="1" type="stmt"/>
        <line num="98" count="1" type="stmt"/>
        <line num="107" count="1" type="stmt"/>
        <line num="116" count="1" type="stmt"/>
        <line num="125" count="1" type="stmt"/>
        <line num="134" count="1" type="stmt"/>
        <line num="143" count="1" type="stmt"/>
      </file>
    </package>
    <package name="src.Utils">
      <metrics statements="4" coveredstatements="4" conditionals="8" coveredconditionals="6" methods="1" coveredmethods="1"/>
      <file name="Utils.ts" path="C:\github\mimic-css\src\Utils\Utils.ts">
        <metrics statements="4" coveredstatements="4" conditionals="8" coveredconditionals="6" methods="1" coveredmethods="1"/>
        <line num="1" count="1" type="stmt"/>
        <line num="2" count="624" type="cond" truecount="3" falsecount="1"/>
        <line num="3" count="624" type="cond" truecount="3" falsecount="1"/>
        <line num="5" count="624" type="stmt"/>
      </file>
    </package>
  </project>
</coverage>
