{"C:\\github\\mimic-css\\src\\ConfigurationLoader.ts": {"path":"C:\\github\\mimic-css\\src\\ConfigurationLoader.ts","statementMap":{"0":{"start":{"line":12,"column":0},"end":{"line":12,"column":7}},"1":{"start":{"line":1,"column":0},"end":{"line":1,"column":67}},"2":{"start":{"line":7,"column":0},"end":{"line":10,"column":2}},"3":{"start":{"line":13,"column":2},"end":{"line":44,"column":3}},"4":{"start":{"line":18,"column":4},"end":{"line":18,"column":51}},"5":{"start":{"line":20,"column":4},"end":{"line":22,"column":5}},"6":{"start":{"line":21,"column":6},"end":{"line":21,"column":39}},"7":{"start":{"line":24,"column":4},"end":{"line":26,"column":5}},"8":{"start":{"line":25,"column":6},"end":{"line":25,"column":60}},"9":{"start":{"line":28,"column":4},"end":{"line":30,"column":5}},"10":{"start":{"line":29,"column":6},"end":{"line":29,"column":47}},"11":{"start":{"line":32,"column":4},"end":{"line":34,"column":5}},"12":{"start":{"line":33,"column":6},"end":{"line":33,"column":65}},"13":{"start":{"line":36,"column":4},"end":{"line":41,"column":5}},"14":{"start":{"line":39,"column":6},"end":{"line":39,"column":35}},"15":{"start":{"line":40,"column":6},"end":{"line":40,"column":39}},"16":{"start":{"line":42,"column":4},"end":{"line":42,"column":25}},"17":{"start":{"line":43,"column":4},"end":{"line":43,"column":37}}},"fnMap":{"0":{"name":"LoadConfig","decl":{"start":{"line":12,"column":22},"end":{"line":12,"column":32}},"loc":{"start":{"line":12,"column":32},"end":{"line":45,"column":1}}}},"branchMap":{"0":{"loc":{"start":{"line":20,"column":4},"end":{"line":22,"column":5}},"type":"if","locations":[{"start":{"line":20,"column":4},"end":{"line":22,"column":5}}]},"1":{"loc":{"start":{"line":24,"column":4},"end":{"line":26,"column":5}},"type":"if","locations":[{"start":{"line":24,"column":4},"end":{"line":26,"column":5}}]},"2":{"loc":{"start":{"line":28,"column":4},"end":{"line":30,"column":5}},"type":"if","locations":[{"start":{"line":28,"column":4},"end":{"line":30,"column":5}}]},"3":{"loc":{"start":{"line":32,"column":4},"end":{"line":34,"column":5}},"type":"if","locations":[{"start":{"line":32,"column":4},"end":{"line":34,"column":5}}]},"4":{"loc":{"start":{"line":36,"column":4},"end":{"line":41,"column":5}},"type":"if","locations":[{"start":{"line":36,"column":4},"end":{"line":41,"column":5}}]}},"s":{"0":1,"1":1,"2":1,"3":0,"4":0,"5":0,"6":0,"7":0,"8":0,"9":0,"10":0,"11":0,"12":0,"13":0,"14":0,"15":0,"16":0,"17":0},"f":{"0":0},"b":{"0":[0],"1":[0],"2":[0],"3":[0],"4":[0]}}
,"C:\\github\\mimic-css\\src\\GenerateMimicCss.ts": {"path":"C:\\github\\mimic-css\\src\\GenerateMimicCss.ts","statementMap":{"0":{"start":{"line":12,"column":0},"end":{"line":12,"column":16}},"1":{"start":{"line":104,"column":0},"end":{"line":104,"column":16}},"2":{"start":{"line":193,"column":0},"end":{"line":193,"column":16}},"3":{"start":{"line":1,"column":0},"end":{"line":1,"column":53}},"4":{"start":{"line":2,"column":0},"end":{"line":2,"column":54}},"5":{"start":{"line":3,"column":0},"end":{"line":3,"column":39}},"6":{"start":{"line":10,"column":12},"end":{"line":10,"column":17}},"7":{"start":{"line":31,"column":14},"end":{"line":31,"column":52}},"8":{"start":{"line":33,"column":34},"end":{"line":33,"column":74}},"9":{"start":{"line":34,"column":22},"end":{"line":34,"column":67}},"10":{"start":{"line":36,"column":34},"end":{"line":36,"column":74}},"11":{"start":{"line":37,"column":22},"end":{"line":37,"column":67}},"12":{"start":{"line":39,"column":34},"end":{"line":39,"column":74}},"13":{"start":{"line":40,"column":22},"end":{"line":40,"column":67}},"14":{"start":{"line":42,"column":34},"end":{"line":42,"column":74}},"15":{"start":{"line":43,"column":22},"end":{"line":43,"column":67}},"16":{"start":{"line":49,"column":21},"end":{"line":49,"column":48}},"17":{"start":{"line":51,"column":2},"end":{"line":51,"column":77}},"18":{"start":{"line":52,"column":2},"end":{"line":52,"column":77}},"19":{"start":{"line":53,"column":2},"end":{"line":53,"column":77}},"20":{"start":{"line":54,"column":2},"end":{"line":54,"column":77}},"21":{"start":{"line":56,"column":2},"end":{"line":56,"column":61}},"22":{"start":{"line":57,"column":2},"end":{"line":57,"column":61}},"23":{"start":{"line":58,"column":2},"end":{"line":58,"column":61}},"24":{"start":{"line":59,"column":2},"end":{"line":59,"column":61}},"25":{"start":{"line":61,"column":2},"end":{"line":64,"column":28}},"26":{"start":{"line":65,"column":2},"end":{"line":68,"column":28}},"27":{"start":{"line":69,"column":2},"end":{"line":72,"column":28}},"28":{"start":{"line":73,"column":2},"end":{"line":73,"column":71}},"29":{"start":{"line":74,"column":2},"end":{"line":75,"column":78}},"30":{"start":{"line":77,"column":20},"end":{"line":80,"column":5}},"31":{"start":{"line":82,"column":2},"end":{"line":101,"column":4}},"32":{"start":{"line":123,"column":14},"end":{"line":123,"column":52}},"33":{"start":{"line":125,"column":34},"end":{"line":125,"column":74}},"34":{"start":{"line":126,"column":22},"end":{"line":126,"column":67}},"35":{"start":{"line":128,"column":34},"end":{"line":128,"column":74}},"36":{"start":{"line":129,"column":22},"end":{"line":129,"column":67}},"37":{"start":{"line":131,"column":34},"end":{"line":131,"column":74}},"38":{"start":{"line":132,"column":22},"end":{"line":132,"column":67}},"39":{"start":{"line":134,"column":34},"end":{"line":134,"column":74}},"40":{"start":{"line":135,"column":22},"end":{"line":135,"column":67}},"41":{"start":{"line":137,"column":2},"end":{"line":137,"column":77}},"42":{"start":{"line":138,"column":2},"end":{"line":138,"column":77}},"43":{"start":{"line":139,"column":2},"end":{"line":139,"column":77}},"44":{"start":{"line":140,"column":2},"end":{"line":140,"column":77}},"45":{"start":{"line":142,"column":2},"end":{"line":142,"column":61}},"46":{"start":{"line":143,"column":2},"end":{"line":143,"column":61}},"47":{"start":{"line":144,"column":2},"end":{"line":144,"column":61}},"48":{"start":{"line":145,"column":2},"end":{"line":145,"column":61}},"49":{"start":{"line":147,"column":2},"end":{"line":150,"column":28}},"50":{"start":{"line":151,"column":2},"end":{"line":154,"column":28}},"51":{"start":{"line":155,"column":2},"end":{"line":158,"column":28}},"52":{"start":{"line":159,"column":2},"end":{"line":159,"column":71}},"53":{"start":{"line":160,"column":20},"end":{"line":163,"column":5}},"54":{"start":{"line":168,"column":2},"end":{"line":176,"column":13}},"55":{"start":{"line":178,"column":2},"end":{"line":181,"column":34}},"56":{"start":{"line":183,"column":2},"end":{"line":190,"column":4}},"57":{"start":{"line":213,"column":14},"end":{"line":213,"column":52}},"58":{"start":{"line":215,"column":34},"end":{"line":215,"column":74}},"59":{"start":{"line":216,"column":22},"end":{"line":216,"column":67}},"60":{"start":{"line":218,"column":34},"end":{"line":218,"column":74}},"61":{"start":{"line":219,"column":22},"end":{"line":219,"column":67}},"62":{"start":{"line":221,"column":34},"end":{"line":221,"column":74}},"63":{"start":{"line":222,"column":22},"end":{"line":222,"column":67}},"64":{"start":{"line":224,"column":34},"end":{"line":224,"column":74}},"65":{"start":{"line":225,"column":22},"end":{"line":225,"column":67}},"66":{"start":{"line":227,"column":2},"end":{"line":227,"column":77}},"67":{"start":{"line":228,"column":2},"end":{"line":228,"column":77}},"68":{"start":{"line":229,"column":2},"end":{"line":229,"column":77}},"69":{"start":{"line":230,"column":2},"end":{"line":230,"column":77}},"70":{"start":{"line":232,"column":2},"end":{"line":232,"column":61}},"71":{"start":{"line":233,"column":2},"end":{"line":233,"column":61}},"72":{"start":{"line":234,"column":2},"end":{"line":234,"column":61}},"73":{"start":{"line":235,"column":2},"end":{"line":235,"column":61}},"74":{"start":{"line":237,"column":2},"end":{"line":240,"column":28}},"75":{"start":{"line":241,"column":2},"end":{"line":244,"column":28}},"76":{"start":{"line":245,"column":2},"end":{"line":248,"column":28}},"77":{"start":{"line":249,"column":2},"end":{"line":249,"column":71}},"78":{"start":{"line":251,"column":2},"end":{"line":251,"column":147}}},"fnMap":{"0":{"name":"GenerateMimicCSSNonMedia","decl":{"start":{"line":12,"column":16},"end":{"line":12,"column":40}},"loc":{"start":{"line":29,"column":15},"end":{"line":102,"column":1}}},"1":{"name":"GenerateMimicCSSMedia","decl":{"start":{"line":104,"column":16},"end":{"line":104,"column":37}},"loc":{"start":{"line":121,"column":15},"end":{"line":191,"column":1}}},"2":{"name":"GenerateMimicCSSCustomClasses","decl":{"start":{"line":193,"column":16},"end":{"line":193,"column":45}},"loc":{"start":{"line":211,"column":25},"end":{"line":252,"column":1}}}},"branchMap":{"0":{"loc":{"start":{"line":31,"column":28},"end":{"line":31,"column":51}},"type":"cond-expr","locations":[{"start":{"line":31,"column":33},"end":{"line":31,"column":35}},{"start":{"line":31,"column":28},"end":{"line":31,"column":51}}]},"1":{"loc":{"start":{"line":31,"column":28},"end":{"line":31,"column":35}},"type":"binary-expr","locations":[{"start":{"line":31,"column":28},"end":{"line":31,"column":35}},{"start":{"line":31,"column":28},"end":{"line":31,"column":35}}]},"2":{"loc":{"start":{"line":33,"column":34},"end":{"line":33,"column":74}},"type":"cond-expr","locations":[{"start":{"line":33,"column":34},"end":{"line":33,"column":40}},{"start":{"line":33,"column":44},"end":{"line":33,"column":74}}]},"3":{"loc":{"start":{"line":33,"column":34},"end":{"line":33,"column":44}},"type":"binary-expr","locations":[{"start":{"line":33,"column":34},"end":{"line":33,"column":44}},{"start":{"line":33,"column":34},"end":{"line":33,"column":44}}]},"4":{"loc":{"start":{"line":36,"column":34},"end":{"line":36,"column":74}},"type":"cond-expr","locations":[{"start":{"line":36,"column":34},"end":{"line":36,"column":40}},{"start":{"line":36,"column":44},"end":{"line":36,"column":74}}]},"5":{"loc":{"start":{"line":36,"column":34},"end":{"line":36,"column":44}},"type":"binary-expr","locations":[{"start":{"line":36,"column":34},"end":{"line":36,"column":44}},{"start":{"line":36,"column":34},"end":{"line":36,"column":44}}]},"6":{"loc":{"start":{"line":39,"column":34},"end":{"line":39,"column":74}},"type":"cond-expr","locations":[{"start":{"line":39,"column":34},"end":{"line":39,"column":40}},{"start":{"line":39,"column":44},"end":{"line":39,"column":74}}]},"7":{"loc":{"start":{"line":39,"column":34},"end":{"line":39,"column":44}},"type":"binary-expr","locations":[{"start":{"line":39,"column":34},"end":{"line":39,"column":44}},{"start":{"line":39,"column":34},"end":{"line":39,"column":44}}]},"8":{"loc":{"start":{"line":42,"column":34},"end":{"line":42,"column":74}},"type":"cond-expr","locations":[{"start":{"line":42,"column":34},"end":{"line":42,"column":40}},{"start":{"line":42,"column":44},"end":{"line":42,"column":74}}]},"9":{"loc":{"start":{"line":42,"column":34},"end":{"line":42,"column":44}},"type":"binary-expr","locations":[{"start":{"line":42,"column":34},"end":{"line":42,"column":44}},{"start":{"line":42,"column":34},"end":{"line":42,"column":44}}]},"10":{"loc":{"start":{"line":51,"column":15},"end":{"line":51,"column":76}},"type":"cond-expr","locations":[{"start":{"line":51,"column":61},"end":{"line":51,"column":63}},{"start":{"line":51,"column":66},"end":{"line":51,"column":76}}]},"11":{"loc":{"start":{"line":51,"column":15},"end":{"line":51,"column":58}},"type":"binary-expr","locations":[{"start":{"line":51,"column":15},"end":{"line":51,"column":31}},{"start":{"line":51,"column":35},"end":{"line":51,"column":58}}]},"12":{"loc":{"start":{"line":52,"column":15},"end":{"line":52,"column":76}},"type":"cond-expr","locations":[{"start":{"line":52,"column":61},"end":{"line":52,"column":63}},{"start":{"line":52,"column":66},"end":{"line":52,"column":76}}]},"13":{"loc":{"start":{"line":52,"column":15},"end":{"line":52,"column":58}},"type":"binary-expr","locations":[{"start":{"line":52,"column":15},"end":{"line":52,"column":31}},{"start":{"line":52,"column":35},"end":{"line":52,"column":58}}]},"14":{"loc":{"start":{"line":53,"column":15},"end":{"line":53,"column":76}},"type":"cond-expr","locations":[{"start":{"line":53,"column":61},"end":{"line":53,"column":63}},{"start":{"line":53,"column":66},"end":{"line":53,"column":76}}]},"15":{"loc":{"start":{"line":53,"column":15},"end":{"line":53,"column":58}},"type":"binary-expr","locations":[{"start":{"line":53,"column":15},"end":{"line":53,"column":31}},{"start":{"line":53,"column":35},"end":{"line":53,"column":58}}]},"16":{"loc":{"start":{"line":54,"column":15},"end":{"line":54,"column":76}},"type":"cond-expr","locations":[{"start":{"line":54,"column":61},"end":{"line":54,"column":63}},{"start":{"line":54,"column":66},"end":{"line":54,"column":76}}]},"17":{"loc":{"start":{"line":54,"column":15},"end":{"line":54,"column":58}},"type":"binary-expr","locations":[{"start":{"line":54,"column":15},"end":{"line":54,"column":31}},{"start":{"line":54,"column":35},"end":{"line":54,"column":58}}]},"18":{"loc":{"start":{"line":56,"column":11},"end":{"line":56,"column":60}},"type":"cond-expr","locations":[{"start":{"line":56,"column":49},"end":{"line":56,"column":51}},{"start":{"line":56,"column":54},"end":{"line":56,"column":60}}]},"19":{"loc":{"start":{"line":56,"column":11},"end":{"line":56,"column":46}},"type":"binary-expr","locations":[{"start":{"line":56,"column":11},"end":{"line":56,"column":23}},{"start":{"line":56,"column":27},"end":{"line":56,"column":46}}]},"20":{"loc":{"start":{"line":57,"column":11},"end":{"line":57,"column":60}},"type":"cond-expr","locations":[{"start":{"line":57,"column":49},"end":{"line":57,"column":51}},{"start":{"line":57,"column":54},"end":{"line":57,"column":60}}]},"21":{"loc":{"start":{"line":57,"column":11},"end":{"line":57,"column":46}},"type":"binary-expr","locations":[{"start":{"line":57,"column":11},"end":{"line":57,"column":23}},{"start":{"line":57,"column":27},"end":{"line":57,"column":46}}]},"22":{"loc":{"start":{"line":58,"column":11},"end":{"line":58,"column":60}},"type":"cond-expr","locations":[{"start":{"line":58,"column":49},"end":{"line":58,"column":51}},{"start":{"line":58,"column":54},"end":{"line":58,"column":60}}]},"23":{"loc":{"start":{"line":58,"column":11},"end":{"line":58,"column":46}},"type":"binary-expr","locations":[{"start":{"line":58,"column":11},"end":{"line":58,"column":23}},{"start":{"line":58,"column":27},"end":{"line":58,"column":46}}]},"24":{"loc":{"start":{"line":59,"column":11},"end":{"line":59,"column":60}},"type":"cond-expr","locations":[{"start":{"line":59,"column":49},"end":{"line":59,"column":51}},{"start":{"line":59,"column":54},"end":{"line":59,"column":60}}]},"25":{"loc":{"start":{"line":59,"column":11},"end":{"line":59,"column":46}},"type":"binary-expr","locations":[{"start":{"line":59,"column":11},"end":{"line":59,"column":23}},{"start":{"line":59,"column":27},"end":{"line":59,"column":46}}]},"26":{"loc":{"start":{"line":62,"column":4},"end":{"line":64,"column":27}},"type":"cond-expr","locations":[{"start":{"line":63,"column":8},"end":{"line":63,"column":10}},{"start":{"line":64,"column":8},"end":{"line":64,"column":27}}]},"27":{"loc":{"start":{"line":62,"column":4},"end":{"line":62,"column":53}},"type":"binary-expr","locations":[{"start":{"line":62,"column":4},"end":{"line":62,"column":23}},{"start":{"line":62,"column":27},"end":{"line":62,"column":53}}]},"28":{"loc":{"start":{"line":66,"column":4},"end":{"line":68,"column":27}},"type":"cond-expr","locations":[{"start":{"line":67,"column":8},"end":{"line":67,"column":10}},{"start":{"line":68,"column":8},"end":{"line":68,"column":27}}]},"29":{"loc":{"start":{"line":66,"column":4},"end":{"line":66,"column":53}},"type":"binary-expr","locations":[{"start":{"line":66,"column":4},"end":{"line":66,"column":23}},{"start":{"line":66,"column":27},"end":{"line":66,"column":53}}]},"30":{"loc":{"start":{"line":70,"column":4},"end":{"line":72,"column":27}},"type":"cond-expr","locations":[{"start":{"line":71,"column":8},"end":{"line":71,"column":10}},{"start":{"line":72,"column":8},"end":{"line":72,"column":27}}]},"31":{"loc":{"start":{"line":70,"column":4},"end":{"line":70,"column":53}},"type":"binary-expr","locations":[{"start":{"line":70,"column":4},"end":{"line":70,"column":23}},{"start":{"line":70,"column":27},"end":{"line":70,"column":53}}]},"32":{"loc":{"start":{"line":73,"column":10},"end":{"line":73,"column":70}},"type":"cond-expr","locations":[{"start":{"line":73,"column":46},"end":{"line":73,"column":48}},{"start":{"line":73,"column":51},"end":{"line":73,"column":70}}]},"33":{"loc":{"start":{"line":73,"column":10},"end":{"line":73,"column":43}},"type":"binary-expr","locations":[{"start":{"line":73,"column":10},"end":{"line":73,"column":21}},{"start":{"line":73,"column":25},"end":{"line":73,"column":43}}]},"34":{"loc":{"start":{"line":75,"column":4},"end":{"line":75,"column":77}},"type":"cond-expr","locations":[{"start":{"line":75,"column":54},"end":{"line":75,"column":56}},{"start":{"line":75,"column":59},"end":{"line":75,"column":77}}]},"35":{"loc":{"start":{"line":75,"column":4},"end":{"line":75,"column":51}},"type":"binary-expr","locations":[{"start":{"line":75,"column":4},"end":{"line":75,"column":22}},{"start":{"line":75,"column":26},"end":{"line":75,"column":51}}]},"36":{"loc":{"start":{"line":77,"column":60},"end":{"line":79,"column":null}},"type":"cond-expr","locations":[{"start":{"line":77,"column":65},"end":{"line":77,"column":67}},{"start":{"line":77,"column":60},"end":{"line":79,"column":null}}]},"37":{"loc":{"start":{"line":77,"column":60},"end":{"line":77,"column":67}},"type":"binary-expr","locations":[{"start":{"line":77,"column":60},"end":{"line":77,"column":67}},{"start":{"line":77,"column":60},"end":{"line":77,"column":67}}]},"38":{"loc":{"start":{"line":84,"column":6},"end":{"line":84,"column":47}},"type":"cond-expr","locations":[{"start":{"line":84,"column":22},"end":{"line":84,"column":38}},{"start":{"line":84,"column":41},"end":{"line":84,"column":47}}]},"39":{"loc":{"start":{"line":84,"column":22},"end":{"line":84,"column":38}},"type":"cond-expr","locations":[{"start":{"line":84,"column":22},"end":{"line":84,"column":32}},{"start":{"line":84,"column":36},"end":{"line":84,"column":38}}]},"40":{"loc":{"start":{"line":84,"column":22},"end":{"line":84,"column":36}},"type":"binary-expr","locations":[{"start":{"line":84,"column":22},"end":{"line":84,"column":36}},{"start":{"line":84,"column":22},"end":{"line":84,"column":36}}]},"41":{"loc":{"start":{"line":86,"column":6},"end":{"line":86,"column":null}},"type":"cond-expr","locations":[{"start":{"line":86,"column":22},"end":{"line":86,"column":38}},{"start":{"line":86,"column":41},"end":{"line":86,"column":null}}]},"42":{"loc":{"start":{"line":86,"column":22},"end":{"line":86,"column":38}},"type":"cond-expr","locations":[{"start":{"line":86,"column":22},"end":{"line":86,"column":32}},{"start":{"line":86,"column":36},"end":{"line":86,"column":38}}]},"43":{"loc":{"start":{"line":86,"column":22},"end":{"line":86,"column":36}},"type":"binary-expr","locations":[{"start":{"line":86,"column":22},"end":{"line":86,"column":36}},{"start":{"line":86,"column":22},"end":{"line":86,"column":36}}]},"44":{"loc":{"start":{"line":87,"column":20},"end":{"line":87,"column":61}},"type":"cond-expr","locations":[{"start":{"line":87,"column":36},"end":{"line":87,"column":52}},{"start":{"line":87,"column":55},"end":{"line":87,"column":61}}]},"45":{"loc":{"start":{"line":87,"column":36},"end":{"line":87,"column":52}},"type":"cond-expr","locations":[{"start":{"line":87,"column":36},"end":{"line":87,"column":46}},{"start":{"line":87,"column":50},"end":{"line":87,"column":52}}]},"46":{"loc":{"start":{"line":87,"column":36},"end":{"line":87,"column":50}},"type":"binary-expr","locations":[{"start":{"line":87,"column":36},"end":{"line":87,"column":50}},{"start":{"line":87,"column":36},"end":{"line":87,"column":50}}]},"47":{"loc":{"start":{"line":88,"column":6},"end":{"line":88,"column":null}},"type":"cond-expr","locations":[{"start":{"line":88,"column":22},"end":{"line":88,"column":38}},{"start":{"line":88,"column":41},"end":{"line":88,"column":null}}]},"48":{"loc":{"start":{"line":88,"column":22},"end":{"line":88,"column":38}},"type":"cond-expr","locations":[{"start":{"line":88,"column":22},"end":{"line":88,"column":32}},{"start":{"line":88,"column":36},"end":{"line":88,"column":38}}]},"49":{"loc":{"start":{"line":88,"column":22},"end":{"line":88,"column":36}},"type":"binary-expr","locations":[{"start":{"line":88,"column":22},"end":{"line":88,"column":36}},{"start":{"line":88,"column":22},"end":{"line":88,"column":36}}]},"50":{"loc":{"start":{"line":89,"column":20},"end":{"line":89,"column":33}},"type":"cond-expr","locations":[{"start":{"line":89,"column":25},"end":{"line":89,"column":27}},{"start":{"line":89,"column":20},"end":{"line":89,"column":33}}]},"51":{"loc":{"start":{"line":89,"column":20},"end":{"line":89,"column":27}},"type":"binary-expr","locations":[{"start":{"line":89,"column":20},"end":{"line":89,"column":27}},{"start":{"line":89,"column":20},"end":{"line":89,"column":27}}]},"52":{"loc":{"start":{"line":89,"column":36},"end":{"line":89,"column":72}},"type":"cond-expr","locations":[{"start":{"line":89,"column":45},"end":{"line":89,"column":67}},{"start":{"line":89,"column":70},"end":{"line":89,"column":72}}]},"53":{"loc":{"start":{"line":95,"column":8},"end":{"line":95,"column":null}},"type":"cond-expr","locations":[{"start":{"line":95,"column":8},"end":{"line":95,"column":20}},{"start":{"line":95,"column":24},"end":{"line":95,"column":null}}]},"54":{"loc":{"start":{"line":95,"column":8},"end":{"line":95,"column":24}},"type":"binary-expr","locations":[{"start":{"line":95,"column":8},"end":{"line":95,"column":24}},{"start":{"line":95,"column":8},"end":{"line":95,"column":24}}]},"55":{"loc":{"start":{"line":97,"column":9},"end":{"line":97,"column":26}},"type":"cond-expr","locations":[{"start":{"line":97,"column":17},"end":{"line":97,"column":21}},{"start":{"line":97,"column":24},"end":{"line":97,"column":26}}]},"56":{"loc":{"start":{"line":98,"column":9},"end":{"line":98,"column":33}},"type":"cond-expr","locations":[{"start":{"line":98,"column":17},"end":{"line":98,"column":28}},{"start":{"line":98,"column":31},"end":{"line":98,"column":33}}]},"57":{"loc":{"start":{"line":123,"column":28},"end":{"line":123,"column":51}},"type":"cond-expr","locations":[{"start":{"line":123,"column":33},"end":{"line":123,"column":35}},{"start":{"line":123,"column":28},"end":{"line":123,"column":51}}]},"58":{"loc":{"start":{"line":123,"column":28},"end":{"line":123,"column":35}},"type":"binary-expr","locations":[{"start":{"line":123,"column":28},"end":{"line":123,"column":35}},{"start":{"line":123,"column":28},"end":{"line":123,"column":35}}]},"59":{"loc":{"start":{"line":125,"column":34},"end":{"line":125,"column":74}},"type":"cond-expr","locations":[{"start":{"line":125,"column":34},"end":{"line":125,"column":40}},{"start":{"line":125,"column":44},"end":{"line":125,"column":74}}]},"60":{"loc":{"start":{"line":125,"column":34},"end":{"line":125,"column":44}},"type":"binary-expr","locations":[{"start":{"line":125,"column":34},"end":{"line":125,"column":44}},{"start":{"line":125,"column":34},"end":{"line":125,"column":44}}]},"61":{"loc":{"start":{"line":128,"column":34},"end":{"line":128,"column":74}},"type":"cond-expr","locations":[{"start":{"line":128,"column":34},"end":{"line":128,"column":40}},{"start":{"line":128,"column":44},"end":{"line":128,"column":74}}]},"62":{"loc":{"start":{"line":128,"column":34},"end":{"line":128,"column":44}},"type":"binary-expr","locations":[{"start":{"line":128,"column":34},"end":{"line":128,"column":44}},{"start":{"line":128,"column":34},"end":{"line":128,"column":44}}]},"63":{"loc":{"start":{"line":131,"column":34},"end":{"line":131,"column":74}},"type":"cond-expr","locations":[{"start":{"line":131,"column":34},"end":{"line":131,"column":40}},{"start":{"line":131,"column":44},"end":{"line":131,"column":74}}]},"64":{"loc":{"start":{"line":131,"column":34},"end":{"line":131,"column":44}},"type":"binary-expr","locations":[{"start":{"line":131,"column":34},"end":{"line":131,"column":44}},{"start":{"line":131,"column":34},"end":{"line":131,"column":44}}]},"65":{"loc":{"start":{"line":134,"column":34},"end":{"line":134,"column":74}},"type":"cond-expr","locations":[{"start":{"line":134,"column":34},"end":{"line":134,"column":40}},{"start":{"line":134,"column":44},"end":{"line":134,"column":74}}]},"66":{"loc":{"start":{"line":134,"column":34},"end":{"line":134,"column":44}},"type":"binary-expr","locations":[{"start":{"line":134,"column":34},"end":{"line":134,"column":44}},{"start":{"line":134,"column":34},"end":{"line":134,"column":44}}]},"67":{"loc":{"start":{"line":137,"column":15},"end":{"line":137,"column":76}},"type":"cond-expr","locations":[{"start":{"line":137,"column":61},"end":{"line":137,"column":63}},{"start":{"line":137,"column":66},"end":{"line":137,"column":76}}]},"68":{"loc":{"start":{"line":137,"column":15},"end":{"line":137,"column":58}},"type":"binary-expr","locations":[{"start":{"line":137,"column":15},"end":{"line":137,"column":31}},{"start":{"line":137,"column":35},"end":{"line":137,"column":58}}]},"69":{"loc":{"start":{"line":138,"column":15},"end":{"line":138,"column":76}},"type":"cond-expr","locations":[{"start":{"line":138,"column":61},"end":{"line":138,"column":63}},{"start":{"line":138,"column":66},"end":{"line":138,"column":76}}]},"70":{"loc":{"start":{"line":138,"column":15},"end":{"line":138,"column":58}},"type":"binary-expr","locations":[{"start":{"line":138,"column":15},"end":{"line":138,"column":31}},{"start":{"line":138,"column":35},"end":{"line":138,"column":58}}]},"71":{"loc":{"start":{"line":139,"column":15},"end":{"line":139,"column":76}},"type":"cond-expr","locations":[{"start":{"line":139,"column":61},"end":{"line":139,"column":63}},{"start":{"line":139,"column":66},"end":{"line":139,"column":76}}]},"72":{"loc":{"start":{"line":139,"column":15},"end":{"line":139,"column":58}},"type":"binary-expr","locations":[{"start":{"line":139,"column":15},"end":{"line":139,"column":31}},{"start":{"line":139,"column":35},"end":{"line":139,"column":58}}]},"73":{"loc":{"start":{"line":140,"column":15},"end":{"line":140,"column":76}},"type":"cond-expr","locations":[{"start":{"line":140,"column":61},"end":{"line":140,"column":63}},{"start":{"line":140,"column":66},"end":{"line":140,"column":76}}]},"74":{"loc":{"start":{"line":140,"column":15},"end":{"line":140,"column":58}},"type":"binary-expr","locations":[{"start":{"line":140,"column":15},"end":{"line":140,"column":31}},{"start":{"line":140,"column":35},"end":{"line":140,"column":58}}]},"75":{"loc":{"start":{"line":142,"column":11},"end":{"line":142,"column":60}},"type":"cond-expr","locations":[{"start":{"line":142,"column":49},"end":{"line":142,"column":51}},{"start":{"line":142,"column":54},"end":{"line":142,"column":60}}]},"76":{"loc":{"start":{"line":142,"column":11},"end":{"line":142,"column":46}},"type":"binary-expr","locations":[{"start":{"line":142,"column":11},"end":{"line":142,"column":23}},{"start":{"line":142,"column":27},"end":{"line":142,"column":46}}]},"77":{"loc":{"start":{"line":143,"column":11},"end":{"line":143,"column":60}},"type":"cond-expr","locations":[{"start":{"line":143,"column":49},"end":{"line":143,"column":51}},{"start":{"line":143,"column":54},"end":{"line":143,"column":60}}]},"78":{"loc":{"start":{"line":143,"column":11},"end":{"line":143,"column":46}},"type":"binary-expr","locations":[{"start":{"line":143,"column":11},"end":{"line":143,"column":23}},{"start":{"line":143,"column":27},"end":{"line":143,"column":46}}]},"79":{"loc":{"start":{"line":144,"column":11},"end":{"line":144,"column":60}},"type":"cond-expr","locations":[{"start":{"line":144,"column":49},"end":{"line":144,"column":51}},{"start":{"line":144,"column":54},"end":{"line":144,"column":60}}]},"80":{"loc":{"start":{"line":144,"column":11},"end":{"line":144,"column":46}},"type":"binary-expr","locations":[{"start":{"line":144,"column":11},"end":{"line":144,"column":23}},{"start":{"line":144,"column":27},"end":{"line":144,"column":46}}]},"81":{"loc":{"start":{"line":145,"column":11},"end":{"line":145,"column":60}},"type":"cond-expr","locations":[{"start":{"line":145,"column":49},"end":{"line":145,"column":51}},{"start":{"line":145,"column":54},"end":{"line":145,"column":60}}]},"82":{"loc":{"start":{"line":145,"column":11},"end":{"line":145,"column":46}},"type":"binary-expr","locations":[{"start":{"line":145,"column":11},"end":{"line":145,"column":23}},{"start":{"line":145,"column":27},"end":{"line":145,"column":46}}]},"83":{"loc":{"start":{"line":148,"column":4},"end":{"line":150,"column":27}},"type":"cond-expr","locations":[{"start":{"line":149,"column":8},"end":{"line":149,"column":10}},{"start":{"line":150,"column":8},"end":{"line":150,"column":27}}]},"84":{"loc":{"start":{"line":148,"column":4},"end":{"line":148,"column":53}},"type":"binary-expr","locations":[{"start":{"line":148,"column":4},"end":{"line":148,"column":23}},{"start":{"line":148,"column":27},"end":{"line":148,"column":53}}]},"85":{"loc":{"start":{"line":152,"column":4},"end":{"line":154,"column":27}},"type":"cond-expr","locations":[{"start":{"line":153,"column":8},"end":{"line":153,"column":10}},{"start":{"line":154,"column":8},"end":{"line":154,"column":27}}]},"86":{"loc":{"start":{"line":152,"column":4},"end":{"line":152,"column":53}},"type":"binary-expr","locations":[{"start":{"line":152,"column":4},"end":{"line":152,"column":23}},{"start":{"line":152,"column":27},"end":{"line":152,"column":53}}]},"87":{"loc":{"start":{"line":156,"column":4},"end":{"line":158,"column":27}},"type":"cond-expr","locations":[{"start":{"line":157,"column":8},"end":{"line":157,"column":10}},{"start":{"line":158,"column":8},"end":{"line":158,"column":27}}]},"88":{"loc":{"start":{"line":156,"column":4},"end":{"line":156,"column":53}},"type":"binary-expr","locations":[{"start":{"line":156,"column":4},"end":{"line":156,"column":23}},{"start":{"line":156,"column":27},"end":{"line":156,"column":53}}]},"89":{"loc":{"start":{"line":159,"column":10},"end":{"line":159,"column":70}},"type":"cond-expr","locations":[{"start":{"line":159,"column":46},"end":{"line":159,"column":48}},{"start":{"line":159,"column":51},"end":{"line":159,"column":70}}]},"90":{"loc":{"start":{"line":159,"column":10},"end":{"line":159,"column":43}},"type":"binary-expr","locations":[{"start":{"line":159,"column":10},"end":{"line":159,"column":21}},{"start":{"line":159,"column":25},"end":{"line":159,"column":43}}]},"91":{"loc":{"start":{"line":160,"column":60},"end":{"line":162,"column":null}},"type":"cond-expr","locations":[{"start":{"line":160,"column":65},"end":{"line":160,"column":67}},{"start":{"line":160,"column":60},"end":{"line":162,"column":null}}]},"92":{"loc":{"start":{"line":160,"column":60},"end":{"line":160,"column":67}},"type":"binary-expr","locations":[{"start":{"line":160,"column":60},"end":{"line":160,"column":67}},{"start":{"line":160,"column":60},"end":{"line":160,"column":67}}]},"93":{"loc":{"start":{"line":169,"column":4},"end":{"line":169,"column":45}},"type":"cond-expr","locations":[{"start":{"line":169,"column":20},"end":{"line":169,"column":36}},{"start":{"line":169,"column":39},"end":{"line":169,"column":45}}]},"94":{"loc":{"start":{"line":169,"column":20},"end":{"line":169,"column":36}},"type":"cond-expr","locations":[{"start":{"line":169,"column":20},"end":{"line":169,"column":30}},{"start":{"line":169,"column":34},"end":{"line":169,"column":36}}]},"95":{"loc":{"start":{"line":169,"column":20},"end":{"line":169,"column":34}},"type":"binary-expr","locations":[{"start":{"line":169,"column":20},"end":{"line":169,"column":34}},{"start":{"line":169,"column":20},"end":{"line":169,"column":34}}]},"96":{"loc":{"start":{"line":171,"column":4},"end":{"line":171,"column":null}},"type":"cond-expr","locations":[{"start":{"line":171,"column":20},"end":{"line":171,"column":36}},{"start":{"line":171,"column":39},"end":{"line":171,"column":null}}]},"97":{"loc":{"start":{"line":171,"column":20},"end":{"line":171,"column":36}},"type":"cond-expr","locations":[{"start":{"line":171,"column":20},"end":{"line":171,"column":30}},{"start":{"line":171,"column":34},"end":{"line":171,"column":36}}]},"98":{"loc":{"start":{"line":171,"column":20},"end":{"line":171,"column":34}},"type":"binary-expr","locations":[{"start":{"line":171,"column":20},"end":{"line":171,"column":34}},{"start":{"line":171,"column":20},"end":{"line":171,"column":34}}]},"99":{"loc":{"start":{"line":172,"column":18},"end":{"line":172,"column":59}},"type":"cond-expr","locations":[{"start":{"line":172,"column":34},"end":{"line":172,"column":50}},{"start":{"line":172,"column":53},"end":{"line":172,"column":59}}]},"100":{"loc":{"start":{"line":172,"column":34},"end":{"line":172,"column":50}},"type":"cond-expr","locations":[{"start":{"line":172,"column":34},"end":{"line":172,"column":44}},{"start":{"line":172,"column":48},"end":{"line":172,"column":50}}]},"101":{"loc":{"start":{"line":172,"column":34},"end":{"line":172,"column":48}},"type":"binary-expr","locations":[{"start":{"line":172,"column":34},"end":{"line":172,"column":48}},{"start":{"line":172,"column":34},"end":{"line":172,"column":48}}]},"102":{"loc":{"start":{"line":173,"column":4},"end":{"line":173,"column":null}},"type":"cond-expr","locations":[{"start":{"line":173,"column":20},"end":{"line":173,"column":36}},{"start":{"line":173,"column":39},"end":{"line":173,"column":null}}]},"103":{"loc":{"start":{"line":173,"column":20},"end":{"line":173,"column":36}},"type":"cond-expr","locations":[{"start":{"line":173,"column":20},"end":{"line":173,"column":30}},{"start":{"line":173,"column":34},"end":{"line":173,"column":36}}]},"104":{"loc":{"start":{"line":173,"column":20},"end":{"line":173,"column":34}},"type":"binary-expr","locations":[{"start":{"line":173,"column":20},"end":{"line":173,"column":34}},{"start":{"line":173,"column":20},"end":{"line":173,"column":34}}]},"105":{"loc":{"start":{"line":174,"column":18},"end":{"line":174,"column":31}},"type":"cond-expr","locations":[{"start":{"line":174,"column":23},"end":{"line":174,"column":25}},{"start":{"line":174,"column":18},"end":{"line":174,"column":31}}]},"106":{"loc":{"start":{"line":174,"column":18},"end":{"line":174,"column":25}},"type":"binary-expr","locations":[{"start":{"line":174,"column":18},"end":{"line":174,"column":25}},{"start":{"line":174,"column":18},"end":{"line":174,"column":25}}]},"107":{"loc":{"start":{"line":175,"column":4},"end":{"line":175,"column":null}},"type":"cond-expr","locations":[{"start":{"line":175,"column":13},"end":{"line":175,"column":35}},{"start":{"line":175,"column":38},"end":{"line":175,"column":null}}]},"108":{"loc":{"start":{"line":180,"column":7},"end":{"line":180,"column":24}},"type":"cond-expr","locations":[{"start":{"line":180,"column":15},"end":{"line":180,"column":19}},{"start":{"line":180,"column":22},"end":{"line":180,"column":24}}]},"109":{"loc":{"start":{"line":181,"column":7},"end":{"line":181,"column":31}},"type":"cond-expr","locations":[{"start":{"line":181,"column":15},"end":{"line":181,"column":26}},{"start":{"line":181,"column":29},"end":{"line":181,"column":31}}]},"110":{"loc":{"start":{"line":213,"column":28},"end":{"line":213,"column":51}},"type":"cond-expr","locations":[{"start":{"line":213,"column":33},"end":{"line":213,"column":35}},{"start":{"line":213,"column":28},"end":{"line":213,"column":51}}]},"111":{"loc":{"start":{"line":213,"column":28},"end":{"line":213,"column":35}},"type":"binary-expr","locations":[{"start":{"line":213,"column":28},"end":{"line":213,"column":35}},{"start":{"line":213,"column":28},"end":{"line":213,"column":35}}]},"112":{"loc":{"start":{"line":215,"column":34},"end":{"line":215,"column":74}},"type":"cond-expr","locations":[{"start":{"line":215,"column":34},"end":{"line":215,"column":40}},{"start":{"line":215,"column":44},"end":{"line":215,"column":74}}]},"113":{"loc":{"start":{"line":215,"column":34},"end":{"line":215,"column":44}},"type":"binary-expr","locations":[{"start":{"line":215,"column":34},"end":{"line":215,"column":44}},{"start":{"line":215,"column":34},"end":{"line":215,"column":44}}]},"114":{"loc":{"start":{"line":218,"column":34},"end":{"line":218,"column":74}},"type":"cond-expr","locations":[{"start":{"line":218,"column":34},"end":{"line":218,"column":40}},{"start":{"line":218,"column":44},"end":{"line":218,"column":74}}]},"115":{"loc":{"start":{"line":218,"column":34},"end":{"line":218,"column":44}},"type":"binary-expr","locations":[{"start":{"line":218,"column":34},"end":{"line":218,"column":44}},{"start":{"line":218,"column":34},"end":{"line":218,"column":44}}]},"116":{"loc":{"start":{"line":221,"column":34},"end":{"line":221,"column":74}},"type":"cond-expr","locations":[{"start":{"line":221,"column":34},"end":{"line":221,"column":40}},{"start":{"line":221,"column":44},"end":{"line":221,"column":74}}]},"117":{"loc":{"start":{"line":221,"column":34},"end":{"line":221,"column":44}},"type":"binary-expr","locations":[{"start":{"line":221,"column":34},"end":{"line":221,"column":44}},{"start":{"line":221,"column":34},"end":{"line":221,"column":44}}]},"118":{"loc":{"start":{"line":224,"column":34},"end":{"line":224,"column":74}},"type":"cond-expr","locations":[{"start":{"line":224,"column":34},"end":{"line":224,"column":40}},{"start":{"line":224,"column":44},"end":{"line":224,"column":74}}]},"119":{"loc":{"start":{"line":224,"column":34},"end":{"line":224,"column":44}},"type":"binary-expr","locations":[{"start":{"line":224,"column":34},"end":{"line":224,"column":44}},{"start":{"line":224,"column":34},"end":{"line":224,"column":44}}]},"120":{"loc":{"start":{"line":227,"column":15},"end":{"line":227,"column":76}},"type":"cond-expr","locations":[{"start":{"line":227,"column":61},"end":{"line":227,"column":63}},{"start":{"line":227,"column":66},"end":{"line":227,"column":76}}]},"121":{"loc":{"start":{"line":227,"column":15},"end":{"line":227,"column":58}},"type":"binary-expr","locations":[{"start":{"line":227,"column":15},"end":{"line":227,"column":31}},{"start":{"line":227,"column":35},"end":{"line":227,"column":58}}]},"122":{"loc":{"start":{"line":228,"column":15},"end":{"line":228,"column":76}},"type":"cond-expr","locations":[{"start":{"line":228,"column":61},"end":{"line":228,"column":63}},{"start":{"line":228,"column":66},"end":{"line":228,"column":76}}]},"123":{"loc":{"start":{"line":228,"column":15},"end":{"line":228,"column":58}},"type":"binary-expr","locations":[{"start":{"line":228,"column":15},"end":{"line":228,"column":31}},{"start":{"line":228,"column":35},"end":{"line":228,"column":58}}]},"124":{"loc":{"start":{"line":229,"column":15},"end":{"line":229,"column":76}},"type":"cond-expr","locations":[{"start":{"line":229,"column":61},"end":{"line":229,"column":63}},{"start":{"line":229,"column":66},"end":{"line":229,"column":76}}]},"125":{"loc":{"start":{"line":229,"column":15},"end":{"line":229,"column":58}},"type":"binary-expr","locations":[{"start":{"line":229,"column":15},"end":{"line":229,"column":31}},{"start":{"line":229,"column":35},"end":{"line":229,"column":58}}]},"126":{"loc":{"start":{"line":230,"column":15},"end":{"line":230,"column":76}},"type":"cond-expr","locations":[{"start":{"line":230,"column":61},"end":{"line":230,"column":63}},{"start":{"line":230,"column":66},"end":{"line":230,"column":76}}]},"127":{"loc":{"start":{"line":230,"column":15},"end":{"line":230,"column":58}},"type":"binary-expr","locations":[{"start":{"line":230,"column":15},"end":{"line":230,"column":31}},{"start":{"line":230,"column":35},"end":{"line":230,"column":58}}]},"128":{"loc":{"start":{"line":232,"column":11},"end":{"line":232,"column":60}},"type":"cond-expr","locations":[{"start":{"line":232,"column":49},"end":{"line":232,"column":51}},{"start":{"line":232,"column":54},"end":{"line":232,"column":60}}]},"129":{"loc":{"start":{"line":232,"column":11},"end":{"line":232,"column":46}},"type":"binary-expr","locations":[{"start":{"line":232,"column":11},"end":{"line":232,"column":23}},{"start":{"line":232,"column":27},"end":{"line":232,"column":46}}]},"130":{"loc":{"start":{"line":233,"column":11},"end":{"line":233,"column":60}},"type":"cond-expr","locations":[{"start":{"line":233,"column":49},"end":{"line":233,"column":51}},{"start":{"line":233,"column":54},"end":{"line":233,"column":60}}]},"131":{"loc":{"start":{"line":233,"column":11},"end":{"line":233,"column":46}},"type":"binary-expr","locations":[{"start":{"line":233,"column":11},"end":{"line":233,"column":23}},{"start":{"line":233,"column":27},"end":{"line":233,"column":46}}]},"132":{"loc":{"start":{"line":234,"column":11},"end":{"line":234,"column":60}},"type":"cond-expr","locations":[{"start":{"line":234,"column":49},"end":{"line":234,"column":51}},{"start":{"line":234,"column":54},"end":{"line":234,"column":60}}]},"133":{"loc":{"start":{"line":234,"column":11},"end":{"line":234,"column":46}},"type":"binary-expr","locations":[{"start":{"line":234,"column":11},"end":{"line":234,"column":23}},{"start":{"line":234,"column":27},"end":{"line":234,"column":46}}]},"134":{"loc":{"start":{"line":235,"column":11},"end":{"line":235,"column":60}},"type":"cond-expr","locations":[{"start":{"line":235,"column":49},"end":{"line":235,"column":51}},{"start":{"line":235,"column":54},"end":{"line":235,"column":60}}]},"135":{"loc":{"start":{"line":235,"column":11},"end":{"line":235,"column":46}},"type":"binary-expr","locations":[{"start":{"line":235,"column":11},"end":{"line":235,"column":23}},{"start":{"line":235,"column":27},"end":{"line":235,"column":46}}]},"136":{"loc":{"start":{"line":238,"column":4},"end":{"line":240,"column":27}},"type":"cond-expr","locations":[{"start":{"line":239,"column":8},"end":{"line":239,"column":10}},{"start":{"line":240,"column":8},"end":{"line":240,"column":27}}]},"137":{"loc":{"start":{"line":238,"column":4},"end":{"line":238,"column":53}},"type":"binary-expr","locations":[{"start":{"line":238,"column":4},"end":{"line":238,"column":23}},{"start":{"line":238,"column":27},"end":{"line":238,"column":53}}]},"138":{"loc":{"start":{"line":242,"column":4},"end":{"line":244,"column":27}},"type":"cond-expr","locations":[{"start":{"line":243,"column":8},"end":{"line":243,"column":10}},{"start":{"line":244,"column":8},"end":{"line":244,"column":27}}]},"139":{"loc":{"start":{"line":242,"column":4},"end":{"line":242,"column":53}},"type":"binary-expr","locations":[{"start":{"line":242,"column":4},"end":{"line":242,"column":23}},{"start":{"line":242,"column":27},"end":{"line":242,"column":53}}]},"140":{"loc":{"start":{"line":246,"column":4},"end":{"line":248,"column":27}},"type":"cond-expr","locations":[{"start":{"line":247,"column":8},"end":{"line":247,"column":10}},{"start":{"line":248,"column":8},"end":{"line":248,"column":27}}]},"141":{"loc":{"start":{"line":246,"column":4},"end":{"line":246,"column":53}},"type":"binary-expr","locations":[{"start":{"line":246,"column":4},"end":{"line":246,"column":23}},{"start":{"line":246,"column":27},"end":{"line":246,"column":53}}]},"142":{"loc":{"start":{"line":249,"column":10},"end":{"line":249,"column":70}},"type":"cond-expr","locations":[{"start":{"line":249,"column":46},"end":{"line":249,"column":48}},{"start":{"line":249,"column":51},"end":{"line":249,"column":70}}]},"143":{"loc":{"start":{"line":249,"column":10},"end":{"line":249,"column":43}},"type":"binary-expr","locations":[{"start":{"line":249,"column":10},"end":{"line":249,"column":21}},{"start":{"line":249,"column":25},"end":{"line":249,"column":43}}]}},"s":{"0":1,"1":1,"2":1,"3":1,"4":1,"5":1,"6":1,"7":282,"8":282,"9":282,"10":282,"11":282,"12":282,"13":282,"14":282,"15":282,"16":282,"17":282,"18":282,"19":282,"20":282,"21":282,"22":282,"23":282,"24":282,"25":282,"26":282,"27":282,"28":282,"29":282,"30":282,"31":282,"32":27,"33":27,"34":27,"35":27,"36":27,"37":27,"38":27,"39":27,"40":27,"41":27,"42":27,"43":27,"44":27,"45":27,"46":27,"47":27,"48":27,"49":27,"50":27,"51":27,"52":27,"53":27,"54":27,"55":27,"56":27,"57":7,"58":7,"59":7,"60":7,"61":7,"62":7,"63":7,"64":7,"65":7,"66":7,"67":7,"68":7,"69":7,"70":7,"71":7,"72":7,"73":7,"74":7,"75":7,"76":7,"77":7,"78":7},"f":{"0":282,"1":27,"2":7},"b":{"0":[282,0],"1":[282,282],"2":[196,86],"3":[282,282],"4":[16,266],"5":[282,282],"6":[6,276],"7":[282,282],"8":[8,274],"9":[282,282],"10":[268,14],"11":[282,282],"12":[271,11],"13":[282,282],"14":[277,5],"15":[282,282],"16":[277,5],"17":[282,282],"18":[86,196],"19":[282,282],"20":[266,16],"21":[282,282],"22":[276,6],"23":[282,282],"24":[274,8],"25":[282,282],"26":[258,24],"27":[282,282],"28":[269,13],"29":[282,282],"30":[263,19],"31":[282,282],"32":[276,6],"33":[282,282],"34":[276,6],"35":[282,282],"36":[282,0],"37":[282,282],"38":[86,196],"39":[86,0],"40":[86,86],"41":[266,16],"42":[8,258],"43":[266,266],"44":[276,6],"45":[7,269],"46":[276,276],"47":[274,8],"48":[11,263],"49":[274,274],"50":[0,282],"51":[282,282],"52":[74,208],"53":[282,0],"54":[282,282],"55":[0,282],"56":[0,282],"57":[0,27],"58":[27,27],"59":[26,1],"60":[27,27],"61":[1,26],"62":[27,27],"63":[0,27],"64":[27,27],"65":[0,27],"66":[27,27],"67":[25,2],"68":[27,27],"69":[26,1],"70":[27,27],"71":[27,0],"72":[27,27],"73":[27,0],"74":[27,27],"75":[1,26],"76":[27,27],"77":[26,1],"78":[27,27],"79":[27,0],"80":[27,27],"81":[27,0],"82":[27,27],"83":[26,1],"84":[27,27],"85":[27,0],"86":[27,27],"87":[27,0],"88":[27,27],"89":[27,0],"90":[27,27],"91":[0,27],"92":[27,27],"93":[1,26],"94":[1,0],"95":[1,1],"96":[26,1],"97":[0,26],"98":[26,26],"99":[27,0],"100":[0,27],"101":[27,27],"102":[27,0],"103":[0,27],"104":[27,27],"105":[0,27],"106":[27,27],"107":[0,27],"108":[27,0],"109":[27,0],"110":[7,0],"111":[7,7],"112":[2,5],"113":[7,7],"114":[0,7],"115":[7,7],"116":[0,7],"117":[7,7],"118":[0,7],"119":[7,7],"120":[7,0],"121":[7,7],"122":[7,0],"123":[7,7],"124":[7,0],"125":[7,7],"126":[7,0],"127":[7,7],"128":[5,2],"129":[7,7],"130":[7,0],"131":[7,7],"132":[7,0],"133":[7,7],"134":[7,0],"135":[7,7],"136":[7,0],"137":[7,7],"138":[7,0],"139":[7,7],"140":[6,1],"141":[7,7],"142":[7,0],"143":[7,7]}}
,"C:\\github\\mimic-css\\src\\Main.ts": {"path":"C:\\github\\mimic-css\\src\\Main.ts","statementMap":{"0":{"start":{"line":26,"column":0},"end":{"line":26,"column":16}},"1":{"start":{"line":61,"column":0},"end":{"line":61,"column":16}},"2":{"start":{"line":6,"column":0},"end":{"line":6,"column":null}},"3":{"start":{"line":12,"column":0},"end":{"line":12,"column":null}},"4":{"start":{"line":24,"column":0},"end":{"line":24,"column":20}},"5":{"start":{"line":37,"column":2},"end":{"line":41,"column":4}},"6":{"start":{"line":43,"column":15},"end":{"line":43,"column":48}},"7":{"start":{"line":45,"column":2},"end":{"line":45,"column":31}},"8":{"start":{"line":47,"column":2},"end":{"line":47,"column":64}},"9":{"start":{"line":49,"column":2},"end":{"line":49,"column":78}},"10":{"start":{"line":51,"column":2},"end":{"line":51,"column":69}},"11":{"start":{"line":53,"column":20},"end":{"line":55,"column":null}},"12":{"start":{"line":58,"column":2},"end":{"line":58,"column":33}},"13":{"start":{"line":67,"column":12},"end":{"line":67,"column":13}},"14":{"start":{"line":69,"column":2},"end":{"line":75,"column":3}},"15":{"start":{"line":70,"column":4},"end":{"line":74,"column":5}},"16":{"start":{"line":71,"column":6},"end":{"line":73,"column":7}},"17":{"start":{"line":72,"column":8},"end":{"line":72,"column":62}},"18":{"start":{"line":76,"column":2},"end":{"line":76,"column":13}},"19":{"start":{"line":87,"column":34},"end":{"line":87,"column":35}},"20":{"start":{"line":89,"column":2},"end":{"line":91,"column":4}},"21":{"start":{"line":93,"column":22},"end":{"line":93,"column":56}},"22":{"start":{"line":94,"column":27},"end":{"line":94,"column":55}},"23":{"start":{"line":97,"column":2},"end":{"line":206,"column":3}},"24":{"start":{"line":98,"column":32},"end":{"line":98,"column":80}},"25":{"start":{"line":99,"column":36},"end":{"line":99,"column":68}},"26":{"start":{"line":101,"column":4},"end":{"line":205,"column":7}},"27":{"start":{"line":102,"column":6},"end":{"line":102,"column":30}},"28":{"start":{"line":102,"column":23},"end":{"line":102,"column":30}},"29":{"start":{"line":103,"column":6},"end":{"line":103,"column":37}},"30":{"start":{"line":107,"column":6},"end":{"line":111,"column":8}},"31":{"start":{"line":112,"column":6},"end":{"line":117,"column":8}},"32":{"start":{"line":119,"column":6},"end":{"line":123,"column":8}},"33":{"start":{"line":125,"column":6},"end":{"line":130,"column":8}},"34":{"start":{"line":132,"column":6},"end":{"line":136,"column":8}},"35":{"start":{"line":138,"column":6},"end":{"line":143,"column":8}},"36":{"start":{"line":145,"column":6},"end":{"line":149,"column":8}},"37":{"start":{"line":151,"column":6},"end":{"line":156,"column":8}},"38":{"start":{"line":158,"column":6},"end":{"line":162,"column":8}},"39":{"start":{"line":164,"column":6},"end":{"line":169,"column":8}},"40":{"start":{"line":171,"column":6},"end":{"line":171,"column":61}},"41":{"start":{"line":173,"column":6},"end":{"line":178,"column":8}},"42":{"start":{"line":193,"column":6},"end":{"line":197,"column":8}},"43":{"start":{"line":199,"column":6},"end":{"line":204,"column":8}},"44":{"start":{"line":218,"column":2},"end":{"line":227,"column":4}},"45":{"start":{"line":238,"column":2},"end":{"line":243,"column":4}},"46":{"start":{"line":254,"column":22},"end":{"line":254,"column":56}},"47":{"start":{"line":255,"column":27},"end":{"line":255,"column":55}},"48":{"start":{"line":257,"column":49},"end":{"line":257,"column":51}},"49":{"start":{"line":260,"column":2},"end":{"line":510,"column":3}},"50":{"start":{"line":261,"column":32},"end":{"line":261,"column":80}},"51":{"start":{"line":262,"column":36},"end":{"line":262,"column":68}},"52":{"start":{"line":264,"column":39},"end":{"line":264,"column":41}},"53":{"start":{"line":265,"column":45},"end":{"line":265,"column":47}},"54":{"start":{"line":267,"column":4},"end":{"line":501,"column":7}},"55":{"start":{"line":268,"column":6},"end":{"line":268,"column":29}},"56":{"start":{"line":268,"column":22},"end":{"line":268,"column":29}},"57":{"start":{"line":270,"column":6},"end":{"line":270,"column":32}},"58":{"start":{"line":273,"column":14},"end":{"line":276,"column":null}},"59":{"start":{"line":279,"column":6},"end":{"line":284,"column":11}},"60":{"start":{"line":285,"column":6},"end":{"line":296,"column":7}},"61":{"start":{"line":295,"column":8},"end":{"line":295,"column":15}},"62":{"start":{"line":298,"column":6},"end":{"line":302,"column":8}},"63":{"start":{"line":304,"column":6},"end":{"line":309,"column":11}},"64":{"start":{"line":310,"column":6},"end":{"line":321,"column":7}},"65":{"start":{"line":320,"column":8},"end":{"line":320,"column":15}},"66":{"start":{"line":323,"column":6},"end":{"line":327,"column":8}},"67":{"start":{"line":329,"column":6},"end":{"line":334,"column":11}},"68":{"start":{"line":335,"column":6},"end":{"line":346,"column":7}},"69":{"start":{"line":345,"column":8},"end":{"line":345,"column":15}},"70":{"start":{"line":348,"column":6},"end":{"line":352,"column":8}},"71":{"start":{"line":354,"column":6},"end":{"line":359,"column":11}},"72":{"start":{"line":360,"column":6},"end":{"line":371,"column":7}},"73":{"start":{"line":370,"column":8},"end":{"line":370,"column":15}},"74":{"start":{"line":373,"column":6},"end":{"line":377,"column":8}},"75":{"start":{"line":379,"column":6},"end":{"line":384,"column":11}},"76":{"start":{"line":385,"column":6},"end":{"line":396,"column":7}},"77":{"start":{"line":395,"column":8},"end":{"line":395,"column":15}},"78":{"start":{"line":398,"column":6},"end":{"line":402,"column":8}},"79":{"start":{"line":404,"column":6},"end":{"line":409,"column":11}},"80":{"start":{"line":411,"column":6},"end":{"line":422,"column":7}},"81":{"start":{"line":421,"column":8},"end":{"line":421,"column":15}},"82":{"start":{"line":424,"column":6},"end":{"line":428,"column":8}},"83":{"start":{"line":430,"column":6},"end":{"line":435,"column":11}},"84":{"start":{"line":437,"column":6},"end":{"line":448,"column":7}},"85":{"start":{"line":447,"column":8},"end":{"line":447,"column":15}},"86":{"start":{"line":476,"column":6},"end":{"line":480,"column":8}},"87":{"start":{"line":482,"column":6},"end":{"line":487,"column":11}},"88":{"start":{"line":489,"column":6},"end":{"line":500,"column":7}},"89":{"start":{"line":499,"column":8},"end":{"line":499,"column":15}},"90":{"start":{"line":503,"column":4},"end":{"line":509,"column":5}},"91":{"start":{"line":504,"column":6},"end":{"line":508,"column":7}},"92":{"start":{"line":505,"column":8},"end":{"line":507,"column":66}},"93":{"start":{"line":521,"column":22},"end":{"line":521,"column":56}},"94":{"start":{"line":522,"column":27},"end":{"line":522,"column":55}},"95":{"start":{"line":524,"column":2},"end":{"line":640,"column":3}},"96":{"start":{"line":525,"column":32},"end":{"line":525,"column":80}},"97":{"start":{"line":526,"column":36},"end":{"line":526,"column":68}},"98":{"start":{"line":528,"column":4},"end":{"line":639,"column":7}},"99":{"start":{"line":529,"column":6},"end":{"line":529,"column":30}},"100":{"start":{"line":529,"column":23},"end":{"line":529,"column":30}},"101":{"start":{"line":533,"column":6},"end":{"line":537,"column":8}},"102":{"start":{"line":539,"column":6},"end":{"line":543,"column":8}},"103":{"start":{"line":545,"column":6},"end":{"line":549,"column":8}},"104":{"start":{"line":550,"column":6},"end":{"line":554,"column":8}},"105":{"start":{"line":556,"column":6},"end":{"line":560,"column":8}},"106":{"start":{"line":561,"column":6},"end":{"line":565,"column":8}},"107":{"start":{"line":567,"column":6},"end":{"line":571,"column":8}},"108":{"start":{"line":572,"column":6},"end":{"line":576,"column":8}},"109":{"start":{"line":578,"column":6},"end":{"line":582,"column":8}},"110":{"start":{"line":583,"column":6},"end":{"line":587,"column":8}},"111":{"start":{"line":589,"column":6},"end":{"line":593,"column":8}},"112":{"start":{"line":594,"column":6},"end":{"line":598,"column":8}},"113":{"start":{"line":600,"column":6},"end":{"line":604,"column":8}},"114":{"start":{"line":605,"column":6},"end":{"line":609,"column":8}},"115":{"start":{"line":611,"column":6},"end":{"line":611,"column":77}},"116":{"start":{"line":612,"column":6},"end":{"line":616,"column":8}},"117":{"start":{"line":629,"column":6},"end":{"line":633,"column":8}},"118":{"start":{"line":634,"column":6},"end":{"line":638,"column":8}},"119":{"start":{"line":655,"column":2},"end":{"line":661,"column":3}},"120":{"start":{"line":656,"column":4},"end":{"line":660,"column":5}},"121":{"start":{"line":657,"column":6},"end":{"line":659,"column":7}},"122":{"start":{"line":658,"column":8},"end":{"line":658,"column":57}},"123":{"start":{"line":664,"column":2},"end":{"line":670,"column":3}},"124":{"start":{"line":665,"column":4},"end":{"line":669,"column":5}},"125":{"start":{"line":666,"column":6},"end":{"line":668,"column":7}},"126":{"start":{"line":667,"column":8},"end":{"line":667,"column":52}},"127":{"start":{"line":683,"column":12},"end":{"line":683,"column":14}},"128":{"start":{"line":686,"column":2},"end":{"line":691,"column":3}},"129":{"start":{"line":687,"column":4},"end":{"line":690,"column":5}},"130":{"start":{"line":688,"column":28},"end":{"line":688,"column":81}},"131":{"start":{"line":689,"column":6},"end":{"line":689,"column":45}},"132":{"start":{"line":693,"column":2},"end":{"line":698,"column":3}},"133":{"start":{"line":694,"column":4},"end":{"line":697,"column":5}},"134":{"start":{"line":695,"column":28},"end":{"line":695,"column":138}},"135":{"start":{"line":696,"column":6},"end":{"line":696,"column":45}},"136":{"start":{"line":700,"column":2},"end":{"line":700,"column":13}},"137":{"start":{"line":714,"column":2},"end":{"line":749,"column":3}},"138":{"start":{"line":715,"column":4},"end":{"line":745,"column":5}},"139":{"start":{"line":716,"column":6},"end":{"line":721,"column":8}},"140":{"start":{"line":722,"column":6},"end":{"line":722,"column":59}},"141":{"start":{"line":724,"column":6},"end":{"line":744,"column":7}},"142":{"start":{"line":726,"column":8},"end":{"line":733,"column":10}},"143":{"start":{"line":736,"column":8},"end":{"line":741,"column":10}},"144":{"start":{"line":743,"column":8},"end":{"line":743,"column":61}},"145":{"start":{"line":746,"column":4},"end":{"line":746,"column":16}},"146":{"start":{"line":748,"column":4},"end":{"line":748,"column":17}},"147":{"start":{"line":757,"column":46},"end":{"line":760,"column":4}},"148":{"start":{"line":762,"column":2},"end":{"line":773,"column":6}},"149":{"start":{"line":763,"column":4},"end":{"line":763,"column":77}},"150":{"start":{"line":764,"column":4},"end":{"line":767,"column":6}},"151":{"start":{"line":768,"column":4},"end":{"line":768,"column":28}},"152":{"start":{"line":770,"column":4},"end":{"line":773,"column":6}}},"fnMap":{"0":{"name":"DoWork","decl":{"start":{"line":26,"column":16},"end":{"line":26,"column":22}},"loc":{"start":{"line":35,"column":3},"end":{"line":59,"column":1}}},"1":{"name":"FindCurrentMaxMediaOrder","decl":{"start":{"line":61,"column":16},"end":{"line":61,"column":40}},"loc":{"start":{"line":65,"column":3},"end":{"line":77,"column":1}}},"2":{"name":"FindMediaQueryClasses","decl":{"start":{"line":79,"column":9},"end":{"line":79,"column":30}},"loc":{"start":{"line":85,"column":18},"end":{"line":207,"column":1}}},"3":{"name":"(anonymous_4)","decl":{"start":{"line":101,"column":38},"end":{"line":101,"column":39}},"loc":{"start":{"line":101,"column":47},"end":{"line":205,"column":5}}},"4":{"name":"AddIndividualMdiaClassToDictionaryOfFoundMediaCSSFromAllFile","decl":{"start":{"line":209,"column":9},"end":{"line":209,"column":69}},"loc":{"start":{"line":216,"column":3},"end":{"line":228,"column":1}}},"5":{"name":"StoreNonMediaClassIn_DictionaryOfFoundCSSFromAllFile","decl":{"start":{"line":230,"column":9},"end":{"line":230,"column":61}},"loc":{"start":{"line":236,"column":18},"end":{"line":244,"column":1}}},"6":{"name":"FindCustomClasses","decl":{"start":{"line":246,"column":9},"end":{"line":246,"column":26}},"loc":{"start":{"line":252,"column":18},"end":{"line":511,"column":1}}},"7":{"name":"(anonymous_8)","decl":{"start":{"line":267,"column":38},"end":{"line":267,"column":39}},"loc":{"start":{"line":267,"column":47},"end":{"line":501,"column":5}}},"8":{"name":"FindNonMedia","decl":{"start":{"line":513,"column":9},"end":{"line":513,"column":21}},"loc":{"start":{"line":519,"column":18},"end":{"line":641,"column":1}}},"9":{"name":"(anonymous_10)","decl":{"start":{"line":528,"column":38},"end":{"line":528,"column":39}},"loc":{"start":{"line":528,"column":47},"end":{"line":639,"column":5}}},"10":{"name":"ClearExistingCSS","decl":{"start":{"line":643,"column":9},"end":{"line":643,"column":25}},"loc":{"start":{"line":652,"column":18},"end":{"line":671,"column":1}}},"11":{"name":"GenerateCSSStringForUnitTests","decl":{"start":{"line":673,"column":9},"end":{"line":673,"column":38}},"loc":{"start":{"line":681,"column":3},"end":{"line":701,"column":1}}},"12":{"name":"AddCustomClassTo_DictionaryOfFoundCSSFromAllFile","decl":{"start":{"line":703,"column":9},"end":{"line":703,"column":57}},"loc":{"start":{"line":712,"column":16},"end":{"line":750,"column":1}}},"13":{"name":"UpdateClassMembersOfCustomClass","decl":{"start":{"line":752,"column":9},"end":{"line":752,"column":40}},"loc":{"start":{"line":755,"column":42},"end":{"line":774,"column":1}}}},"branchMap":{"0":{"loc":{"start":{"line":70,"column":4},"end":{"line":74,"column":5}},"type":"if","locations":[{"start":{"line":70,"column":4},"end":{"line":74,"column":5}}]},"1":{"loc":{"start":{"line":70,"column":8},"end":{"line":70,"column":39}},"type":"binary-expr","locations":[{"start":{"line":70,"column":8},"end":{"line":70,"column":25}},{"start":{"line":70,"column":29},"end":{"line":70,"column":39}}]},"2":{"loc":{"start":{"line":71,"column":6},"end":{"line":73,"column":7}},"type":"if","locations":[{"start":{"line":71,"column":6},"end":{"line":73,"column":7}}]},"3":{"loc":{"start":{"line":98,"column":36},"end":{"line":98,"column":77}},"type":"cond-expr","locations":[{"start":{"line":98,"column":58},"end":{"line":98,"column":61}},{"start":{"line":98,"column":58},"end":{"line":98,"column":77}}]},"4":{"loc":{"start":{"line":98,"column":36},"end":{"line":98,"column":61}},"type":"binary-expr","locations":[{"start":{"line":98,"column":36},"end":{"line":98,"column":61}},{"start":{"line":98,"column":58},"end":{"line":98,"column":61}}]},"5":{"loc":{"start":{"line":102,"column":6},"end":{"line":102,"column":30}},"type":"if","locations":[{"start":{"line":102,"column":6},"end":{"line":102,"column":30}}]},"6":{"loc":{"start":{"line":261,"column":36},"end":{"line":261,"column":77}},"type":"cond-expr","locations":[{"start":{"line":261,"column":58},"end":{"line":261,"column":61}},{"start":{"line":261,"column":58},"end":{"line":261,"column":77}}]},"7":{"loc":{"start":{"line":261,"column":36},"end":{"line":261,"column":61}},"type":"binary-expr","locations":[{"start":{"line":261,"column":36},"end":{"line":261,"column":61}},{"start":{"line":261,"column":58},"end":{"line":261,"column":61}}]},"8":{"loc":{"start":{"line":268,"column":6},"end":{"line":268,"column":29}},"type":"if","locations":[{"start":{"line":268,"column":6},"end":{"line":268,"column":29}}]},"9":{"loc":{"start":{"line":285,"column":6},"end":{"line":296,"column":7}},"type":"if","locations":[{"start":{"line":285,"column":6},"end":{"line":296,"column":7}}]},"10":{"loc":{"start":{"line":310,"column":6},"end":{"line":321,"column":7}},"type":"if","locations":[{"start":{"line":310,"column":6},"end":{"line":321,"column":7}}]},"11":{"loc":{"start":{"line":335,"column":6},"end":{"line":346,"column":7}},"type":"if","locations":[{"start":{"line":335,"column":6},"end":{"line":346,"column":7}}]},"12":{"loc":{"start":{"line":360,"column":6},"end":{"line":371,"column":7}},"type":"if","locations":[{"start":{"line":360,"column":6},"end":{"line":371,"column":7}}]},"13":{"loc":{"start":{"line":385,"column":6},"end":{"line":396,"column":7}},"type":"if","locations":[{"start":{"line":385,"column":6},"end":{"line":396,"column":7}}]},"14":{"loc":{"start":{"line":411,"column":6},"end":{"line":422,"column":7}},"type":"if","locations":[{"start":{"line":411,"column":6},"end":{"line":422,"column":7}}]},"15":{"loc":{"start":{"line":437,"column":6},"end":{"line":448,"column":7}},"type":"if","locations":[{"start":{"line":437,"column":6},"end":{"line":448,"column":7}}]},"16":{"loc":{"start":{"line":489,"column":6},"end":{"line":500,"column":7}},"type":"if","locations":[{"start":{"line":489,"column":6},"end":{"line":500,"column":7}}]},"17":{"loc":{"start":{"line":504,"column":6},"end":{"line":508,"column":7}},"type":"if","locations":[{"start":{"line":504,"column":6},"end":{"line":508,"column":7}}]},"18":{"loc":{"start":{"line":504,"column":10},"end":{"line":504,"column":40}},"type":"binary-expr","locations":[{"start":{"line":504,"column":10},"end":{"line":504,"column":20}},{"start":{"line":504,"column":24},"end":{"line":504,"column":40}}]},"19":{"loc":{"start":{"line":525,"column":36},"end":{"line":525,"column":77}},"type":"cond-expr","locations":[{"start":{"line":525,"column":58},"end":{"line":525,"column":61}},{"start":{"line":525,"column":58},"end":{"line":525,"column":77}}]},"20":{"loc":{"start":{"line":525,"column":36},"end":{"line":525,"column":61}},"type":"binary-expr","locations":[{"start":{"line":525,"column":36},"end":{"line":525,"column":61}},{"start":{"line":525,"column":58},"end":{"line":525,"column":61}}]},"21":{"loc":{"start":{"line":529,"column":6},"end":{"line":529,"column":30}},"type":"if","locations":[{"start":{"line":529,"column":6},"end":{"line":529,"column":30}}]},"22":{"loc":{"start":{"line":656,"column":4},"end":{"line":660,"column":5}},"type":"if","locations":[{"start":{"line":656,"column":4},"end":{"line":660,"column":5}}]},"23":{"loc":{"start":{"line":656,"column":8},"end":{"line":656,"column":39}},"type":"binary-expr","locations":[{"start":{"line":656,"column":8},"end":{"line":656,"column":25}},{"start":{"line":656,"column":29},"end":{"line":656,"column":39}}]},"24":{"loc":{"start":{"line":657,"column":6},"end":{"line":659,"column":7}},"type":"if","locations":[{"start":{"line":657,"column":6},"end":{"line":659,"column":7}}]},"25":{"loc":{"start":{"line":665,"column":4},"end":{"line":669,"column":5}},"type":"if","locations":[{"start":{"line":665,"column":4},"end":{"line":669,"column":5}}]},"26":{"loc":{"start":{"line":665,"column":8},"end":{"line":665,"column":39}},"type":"binary-expr","locations":[{"start":{"line":665,"column":8},"end":{"line":665,"column":25}},{"start":{"line":665,"column":29},"end":{"line":665,"column":39}}]},"27":{"loc":{"start":{"line":666,"column":6},"end":{"line":668,"column":7}},"type":"if","locations":[{"start":{"line":666,"column":6},"end":{"line":668,"column":7}}]},"28":{"loc":{"start":{"line":687,"column":4},"end":{"line":690,"column":5}},"type":"if","locations":[{"start":{"line":687,"column":4},"end":{"line":690,"column":5}}]},"29":{"loc":{"start":{"line":687,"column":8},"end":{"line":687,"column":39}},"type":"binary-expr","locations":[{"start":{"line":687,"column":8},"end":{"line":687,"column":25}},{"start":{"line":687,"column":29},"end":{"line":687,"column":39}}]},"30":{"loc":{"start":{"line":694,"column":4},"end":{"line":697,"column":5}},"type":"if","locations":[{"start":{"line":694,"column":4},"end":{"line":697,"column":5}}]},"31":{"loc":{"start":{"line":694,"column":8},"end":{"line":694,"column":39}},"type":"binary-expr","locations":[{"start":{"line":694,"column":8},"end":{"line":694,"column":25}},{"start":{"line":694,"column":29},"end":{"line":694,"column":39}}]},"32":{"loc":{"start":{"line":714,"column":2},"end":{"line":749,"column":3}},"type":"if","locations":[{"start":{"line":714,"column":2},"end":{"line":749,"column":3}},{"start":{"line":747,"column":9},"end":{"line":749,"column":3}}]},"33":{"loc":{"start":{"line":715,"column":4},"end":{"line":745,"column":5}},"type":"if","locations":[{"start":{"line":715,"column":4},"end":{"line":745,"column":5}},{"start":{"line":723,"column":11},"end":{"line":745,"column":5}}]},"34":{"loc":{"start":{"line":724,"column":6},"end":{"line":744,"column":7}},"type":"if","locations":[{"start":{"line":724,"column":6},"end":{"line":744,"column":7}},{"start":{"line":734,"column":13},"end":{"line":744,"column":7}}]},"35":{"loc":{"start":{"line":762,"column":2},"end":{"line":773,"column":6}},"type":"if","locations":[{"start":{"line":762,"column":2},"end":{"line":773,"column":6}},{"start":{"line":770,"column":4},"end":{"line":773,"column":6}}]}},"s":{"0":1,"1":1,"2":1,"3":1,"4":1,"5":85,"6":85,"7":85,"8":85,"9":85,"10":85,"11":85,"12":85,"13":85,"14":85,"15":0,"16":0,"17":0,"18":85,"19":85,"20":85,"21":85,"22":85,"23":85,"24":176,"25":176,"26":176,"27":531,"28":352,"29":179,"30":179,"31":179,"32":179,"33":179,"34":179,"35":179,"36":179,"37":179,"38":179,"39":179,"40":179,"41":179,"42":179,"43":179,"44":1253,"45":1611,"46":85,"47":85,"48":85,"49":85,"50":176,"51":176,"52":176,"53":176,"54":176,"55":531,"56":352,"57":179,"58":179,"59":179,"60":179,"61":2,"62":177,"63":177,"64":177,"65":5,"66":172,"67":172,"68":172,"69":0,"70":172,"71":172,"72":172,"73":0,"74":172,"75":172,"76":172,"77":0,"78":172,"79":172,"80":172,"81":0,"82":172,"83":172,"84":172,"85":0,"86":172,"87":172,"88":172,"89":0,"90":176,"91":852,"92":676,"93":85,"94":85,"95":85,"96":176,"97":176,"98":176,"99":531,"100":352,"101":179,"102":179,"103":179,"104":179,"105":179,"106":179,"107":179,"108":179,"109":179,"110":179,"111":179,"112":179,"113":179,"114":179,"115":179,"116":179,"117":179,"118":179,"119":85,"120":0,"121":0,"122":0,"123":85,"124":0,"125":0,"126":0,"127":85,"128":85,"129":236,"130":151,"131":151,"132":85,"133":110,"134":25,"135":25,"136":85,"137":1388,"138":7,"139":4,"140":4,"141":3,"142":3,"143":0,"144":0,"145":7,"146":1381,"147":1388,"148":1388,"149":7,"150":7,"151":7,"152":1381},"f":{"0":85,"1":85,"2":85,"3":531,"4":1253,"5":1611,"6":85,"7":531,"8":85,"9":531,"10":85,"11":85,"12":1388,"13":1388},"b":{"0":[0],"1":[0,0],"2":[0],"3":[0,176],"4":[176,176],"5":[352],"6":[0,176],"7":[176,176],"8":[352],"9":[2],"10":[5],"11":[0],"12":[0],"13":[0],"14":[0],"15":[0],"16":[0],"17":[676],"18":[852,676],"19":[0,176],"20":[176,176],"21":[352],"22":[0],"23":[0,0],"24":[0],"25":[0],"26":[0,0],"27":[0],"28":[151],"29":[236,236],"30":[25],"31":[110,110],"32":[7,1381],"33":[4,3],"34":[3,0],"35":[7,1381]}}
,"C:\\github\\mimic-css\\src\\ProcessMediaQueries.ts": {"path":"C:\\github\\mimic-css\\src\\ProcessMediaQueries.ts","statementMap":{"0":{"start":{"line":9,"column":0},"end":{"line":9,"column":16}},"1":{"start":{"line":50,"column":0},"end":{"line":50,"column":16}},"2":{"start":{"line":113,"column":0},"end":{"line":113,"column":16}},"3":{"start":{"line":1,"column":0},"end":{"line":1,"column":53}},"4":{"start":{"line":2,"column":0},"end":{"line":2,"column":null}},"5":{"start":{"line":6,"column":0},"end":{"line":6,"column":52}},"6":{"start":{"line":7,"column":0},"end":{"line":7,"column":39}},"7":{"start":{"line":12,"column":2},"end":{"line":47,"column":3}},"8":{"start":{"line":15,"column":6},"end":{"line":17,"column":41}},"9":{"start":{"line":18,"column":6},"end":{"line":18,"column":12}},"10":{"start":{"line":21,"column":6},"end":{"line":23,"column":36}},"11":{"start":{"line":24,"column":6},"end":{"line":24,"column":12}},"12":{"start":{"line":27,"column":6},"end":{"line":29,"column":37}},"13":{"start":{"line":30,"column":6},"end":{"line":30,"column":12}},"14":{"start":{"line":33,"column":6},"end":{"line":35,"column":36}},"15":{"start":{"line":36,"column":6},"end":{"line":36,"column":12}},"16":{"start":{"line":39,"column":6},"end":{"line":41,"column":41}},"17":{"start":{"line":42,"column":6},"end":{"line":42,"column":12}},"18":{"start":{"line":43,"column":6},"end":{"line":43,"column":12}},"19":{"start":{"line":45,"column":6},"end":{"line":45,"column":24}},"20":{"start":{"line":48,"column":2},"end":{"line":48,"column":15}},"21":{"start":{"line":51,"column":15},"end":{"line":51,"column":17}},"22":{"start":{"line":53,"column":2},"end":{"line":109,"column":3}},"23":{"start":{"line":56,"column":16},"end":{"line":56,"column":37}},"24":{"start":{"line":57,"column":16},"end":{"line":57,"column":37}},"25":{"start":{"line":58,"column":16},"end":{"line":58,"column":37}},"26":{"start":{"line":63,"column":4},"end":{"line":96,"column":5}},"27":{"start":{"line":66,"column":8},"end":{"line":68,"column":43}},"28":{"start":{"line":69,"column":8},"end":{"line":69,"column":14}},"29":{"start":{"line":72,"column":8},"end":{"line":74,"column":38}},"30":{"start":{"line":75,"column":8},"end":{"line":75,"column":14}},"31":{"start":{"line":78,"column":8},"end":{"line":80,"column":39}},"32":{"start":{"line":81,"column":8},"end":{"line":81,"column":14}},"33":{"start":{"line":84,"column":8},"end":{"line":86,"column":38}},"34":{"start":{"line":87,"column":8},"end":{"line":87,"column":14}},"35":{"start":{"line":90,"column":8},"end":{"line":92,"column":43}},"36":{"start":{"line":93,"column":8},"end":{"line":93,"column":14}},"37":{"start":{"line":95,"column":8},"end":{"line":95,"column":26}},"38":{"start":{"line":98,"column":23},"end":{"line":98,"column":48}},"39":{"start":{"line":101,"column":4},"end":{"line":108,"column":26}},"40":{"start":{"line":110,"column":2},"end":{"line":110,"column":16}},"41":{"start":{"line":114,"column":15},"end":{"line":114,"column":17}},"42":{"start":{"line":116,"column":2},"end":{"line":172,"column":3}},"43":{"start":{"line":119,"column":16},"end":{"line":119,"column":37}},"44":{"start":{"line":120,"column":16},"end":{"line":120,"column":37}},"45":{"start":{"line":121,"column":16},"end":{"line":121,"column":37}},"46":{"start":{"line":126,"column":4},"end":{"line":159,"column":5}},"47":{"start":{"line":129,"column":8},"end":{"line":131,"column":43}},"48":{"start":{"line":132,"column":8},"end":{"line":132,"column":14}},"49":{"start":{"line":135,"column":8},"end":{"line":137,"column":38}},"50":{"start":{"line":138,"column":8},"end":{"line":138,"column":14}},"51":{"start":{"line":141,"column":8},"end":{"line":143,"column":39}},"52":{"start":{"line":144,"column":8},"end":{"line":144,"column":14}},"53":{"start":{"line":147,"column":8},"end":{"line":149,"column":38}},"54":{"start":{"line":150,"column":8},"end":{"line":150,"column":14}},"55":{"start":{"line":153,"column":8},"end":{"line":155,"column":43}},"56":{"start":{"line":156,"column":8},"end":{"line":156,"column":14}},"57":{"start":{"line":158,"column":8},"end":{"line":158,"column":26}},"58":{"start":{"line":161,"column":23},"end":{"line":161,"column":48}},"59":{"start":{"line":164,"column":4},"end":{"line":171,"column":26}},"60":{"start":{"line":173,"column":2},"end":{"line":173,"column":16}}},"fnMap":{"0":{"name":"MapMediaQuery","decl":{"start":{"line":9,"column":16},"end":{"line":9,"column":29}},"loc":{"start":{"line":9,"column":43},"end":{"line":49,"column":1}}},"1":{"name":"ProcessMediaQueriesWithHover","decl":{"start":{"line":50,"column":16},"end":{"line":50,"column":44}},"loc":{"start":{"line":50,"column":73},"end":{"line":111,"column":1}}},"2":{"name":"ProcessMediaQueries","decl":{"start":{"line":113,"column":16},"end":{"line":113,"column":35}},"loc":{"start":{"line":113,"column":64},"end":{"line":174,"column":1}}}},"branchMap":{"0":{"loc":{"start":{"line":12,"column":2},"end":{"line":47,"column":3}},"type":"switch","locations":[{"start":{"line":13,"column":4},"end":{"line":18,"column":12}},{"start":{"line":19,"column":4},"end":{"line":24,"column":12}},{"start":{"line":25,"column":4},"end":{"line":30,"column":12}},{"start":{"line":31,"column":4},"end":{"line":36,"column":12}},{"start":{"line":37,"column":4},"end":{"line":43,"column":12}},{"start":{"line":44,"column":4},"end":{"line":45,"column":24}}]},"1":{"loc":{"start":{"line":13,"column":9},"end":{"line":14,"column":37}},"type":"cond-expr","locations":[{"start":{"line":13,"column":62},"end":{"line":13,"column":null}},{"start":{"line":14,"column":6},"end":{"line":14,"column":37}}]},"2":{"loc":{"start":{"line":13,"column":9},"end":{"line":13,"column":null}},"type":"binary-expr","locations":[{"start":{"line":13,"column":9},"end":{"line":13,"column":null}},{"start":{"line":13,"column":62},"end":{"line":13,"column":null}}]},"3":{"loc":{"start":{"line":13,"column":9},"end":{"line":13,"column":62}},"type":"cond-expr","locations":[{"start":{"line":13,"column":50},"end":{"line":13,"column":52}},{"start":{"line":13,"column":50},"end":{"line":13,"column":62}}]},"4":{"loc":{"start":{"line":13,"column":9},"end":{"line":13,"column":52}},"type":"binary-expr","locations":[{"start":{"line":13,"column":9},"end":{"line":13,"column":52}},{"start":{"line":13,"column":50},"end":{"line":13,"column":52}}]},"5":{"loc":{"start":{"line":13,"column":9},"end":{"line":13,"column":50}},"type":"cond-expr","locations":[{"start":{"line":13,"column":20},"end":{"line":13,"column":22}},{"start":{"line":13,"column":9},"end":{"line":13,"column":50}}]},"6":{"loc":{"start":{"line":13,"column":9},"end":{"line":13,"column":22}},"type":"binary-expr","locations":[{"start":{"line":13,"column":9},"end":{"line":13,"column":22}},{"start":{"line":13,"column":9},"end":{"line":13,"column":22}}]},"7":{"loc":{"start":{"line":16,"column":8},"end":{"line":17,"column":40}},"type":"cond-expr","locations":[{"start":{"line":16,"column":62},"end":{"line":16,"column":null}},{"start":{"line":17,"column":8},"end":{"line":17,"column":40}}]},"8":{"loc":{"start":{"line":16,"column":8},"end":{"line":16,"column":null}},"type":"binary-expr","locations":[{"start":{"line":16,"column":8},"end":{"line":16,"column":null}},{"start":{"line":16,"column":62},"end":{"line":16,"column":null}}]},"9":{"loc":{"start":{"line":16,"column":8},"end":{"line":16,"column":62}},"type":"cond-expr","locations":[{"start":{"line":16,"column":50},"end":{"line":16,"column":52}},{"start":{"line":16,"column":50},"end":{"line":16,"column":62}}]},"10":{"loc":{"start":{"line":16,"column":8},"end":{"line":16,"column":52}},"type":"binary-expr","locations":[{"start":{"line":16,"column":8},"end":{"line":16,"column":52}},{"start":{"line":16,"column":50},"end":{"line":16,"column":52}}]},"11":{"loc":{"start":{"line":16,"column":8},"end":{"line":16,"column":50}},"type":"cond-expr","locations":[{"start":{"line":16,"column":19},"end":{"line":16,"column":21}},{"start":{"line":16,"column":8},"end":{"line":16,"column":50}}]},"12":{"loc":{"start":{"line":16,"column":8},"end":{"line":16,"column":21}},"type":"binary-expr","locations":[{"start":{"line":16,"column":8},"end":{"line":16,"column":21}},{"start":{"line":16,"column":8},"end":{"line":16,"column":21}}]},"13":{"loc":{"start":{"line":19,"column":9},"end":{"line":20,"column":32}},"type":"cond-expr","locations":[{"start":{"line":19,"column":57},"end":{"line":19,"column":null}},{"start":{"line":20,"column":6},"end":{"line":20,"column":32}}]},"14":{"loc":{"start":{"line":19,"column":9},"end":{"line":19,"column":null}},"type":"binary-expr","locations":[{"start":{"line":19,"column":9},"end":{"line":19,"column":null}},{"start":{"line":19,"column":57},"end":{"line":19,"column":null}}]},"15":{"loc":{"start":{"line":19,"column":9},"end":{"line":19,"column":57}},"type":"cond-expr","locations":[{"start":{"line":19,"column":50},"end":{"line":19,"column":52}},{"start":{"line":19,"column":50},"end":{"line":19,"column":57}}]},"16":{"loc":{"start":{"line":19,"column":9},"end":{"line":19,"column":52}},"type":"binary-expr","locations":[{"start":{"line":19,"column":9},"end":{"line":19,"column":52}},{"start":{"line":19,"column":50},"end":{"line":19,"column":52}}]},"17":{"loc":{"start":{"line":19,"column":9},"end":{"line":19,"column":50}},"type":"cond-expr","locations":[{"start":{"line":19,"column":20},"end":{"line":19,"column":22}},{"start":{"line":19,"column":9},"end":{"line":19,"column":50}}]},"18":{"loc":{"start":{"line":19,"column":9},"end":{"line":19,"column":22}},"type":"binary-expr","locations":[{"start":{"line":19,"column":9},"end":{"line":19,"column":22}},{"start":{"line":19,"column":9},"end":{"line":19,"column":22}}]},"19":{"loc":{"start":{"line":22,"column":8},"end":{"line":23,"column":35}},"type":"cond-expr","locations":[{"start":{"line":22,"column":57},"end":{"line":22,"column":null}},{"start":{"line":23,"column":8},"end":{"line":23,"column":35}}]},"20":{"loc":{"start":{"line":22,"column":8},"end":{"line":22,"column":null}},"type":"binary-expr","locations":[{"start":{"line":22,"column":8},"end":{"line":22,"column":null}},{"start":{"line":22,"column":57},"end":{"line":22,"column":null}}]},"21":{"loc":{"start":{"line":22,"column":8},"end":{"line":22,"column":57}},"type":"cond-expr","locations":[{"start":{"line":22,"column":50},"end":{"line":22,"column":52}},{"start":{"line":22,"column":50},"end":{"line":22,"column":57}}]},"22":{"loc":{"start":{"line":22,"column":8},"end":{"line":22,"column":52}},"type":"binary-expr","locations":[{"start":{"line":22,"column":8},"end":{"line":22,"column":52}},{"start":{"line":22,"column":50},"end":{"line":22,"column":52}}]},"23":{"loc":{"start":{"line":22,"column":8},"end":{"line":22,"column":50}},"type":"cond-expr","locations":[{"start":{"line":22,"column":19},"end":{"line":22,"column":21}},{"start":{"line":22,"column":8},"end":{"line":22,"column":50}}]},"24":{"loc":{"start":{"line":22,"column":8},"end":{"line":22,"column":21}},"type":"binary-expr","locations":[{"start":{"line":22,"column":8},"end":{"line":22,"column":21}},{"start":{"line":22,"column":8},"end":{"line":22,"column":21}}]},"25":{"loc":{"start":{"line":25,"column":9},"end":{"line":26,"column":33}},"type":"cond-expr","locations":[{"start":{"line":25,"column":58},"end":{"line":25,"column":null}},{"start":{"line":26,"column":6},"end":{"line":26,"column":33}}]},"26":{"loc":{"start":{"line":25,"column":9},"end":{"line":25,"column":null}},"type":"binary-expr","locations":[{"start":{"line":25,"column":9},"end":{"line":25,"c
[...]
4,"column":44}},{"start":{"line":394,"column":42},"end":{"line":394,"column":46}}]},"732":{"loc":{"start":{"line":394,"column":13},"end":{"line":394,"column":44}},"type":"binary-expr","locations":[{"start":{"line":394,"column":13},"end":{"line":394,"column":44}},{"start":{"line":394,"column":42},"end":{"line":394,"column":44}}]},"733":{"loc":{"start":{"line":394,"column":13},"end":{"line":394,"column":42}},"type":"cond-expr","locations":[{"start":{"line":394,"column":24},"end":{"line":394,"column":26}},{"start":{"line":394,"column":13},"end":{"line":394,"column":42}}]},"734":{"loc":{"start":{"line":394,"column":13},"end":{"line":394,"column":26}},"type":"binary-expr","locations":[{"start":{"line":394,"column":13},"end":{"line":394,"column":26}},{"start":{"line":394,"column":13},"end":{"line":394,"column":26}}]},"735":{"loc":{"start":{"line":398,"column":13},"end":{"line":398,"column":58}},"type":"cond-expr","locations":[{"start":{"line":398,"column":46},"end":{"line":398,"column":50}},{"start":{"line":398,"column":50},"end":{"line":398,"column":58}}]},"736":{"loc":{"start":{"line":398,"column":13},"end":{"line":398,"column":50}},"type":"binary-expr","locations":[{"start":{"line":398,"column":13},"end":{"line":398,"column":50}},{"start":{"line":398,"column":46},"end":{"line":398,"column":50}}]},"737":{"loc":{"start":{"line":398,"column":13},"end":{"line":398,"column":46}},"type":"cond-expr","locations":[{"start":{"line":398,"column":42},"end":{"line":398,"column":44}},{"start":{"line":398,"column":42},"end":{"line":398,"column":46}}]},"738":{"loc":{"start":{"line":398,"column":13},"end":{"line":398,"column":44}},"type":"binary-expr","locations":[{"start":{"line":398,"column":13},"end":{"line":398,"column":44}},{"start":{"line":398,"column":42},"end":{"line":398,"column":44}}]},"739":{"loc":{"start":{"line":398,"column":13},"end":{"line":398,"column":42}},"type":"cond-expr","locations":[{"start":{"line":398,"column":24},"end":{"line":398,"column":26}},{"start":{"line":398,"column":13},"end":{"line":398,"column":42}}]},"740":{"loc":{"start":{"line":398,"column":13},"end":{"line":398,"column":26}},"type":"binary-expr","locations":[{"start":{"line":398,"column":13},"end":{"line":398,"column":26}},{"start":{"line":398,"column":13},"end":{"line":398,"column":26}}]},"741":{"loc":{"start":{"line":402,"column":13},"end":{"line":402,"column":58}},"type":"cond-expr","locations":[{"start":{"line":402,"column":46},"end":{"line":402,"column":50}},{"start":{"line":402,"column":50},"end":{"line":402,"column":58}}]},"742":{"loc":{"start":{"line":402,"column":13},"end":{"line":402,"column":50}},"type":"binary-expr","locations":[{"start":{"line":402,"column":13},"end":{"line":402,"column":50}},{"start":{"line":402,"column":46},"end":{"line":402,"column":50}}]},"743":{"loc":{"start":{"line":402,"column":13},"end":{"line":402,"column":46}},"type":"cond-expr","locations":[{"start":{"line":402,"column":42},"end":{"line":402,"column":44}},{"start":{"line":402,"column":42},"end":{"line":402,"column":46}}]},"744":{"loc":{"start":{"line":402,"column":13},"end":{"line":402,"column":44}},"type":"binary-expr","locations":[{"start":{"line":402,"column":13},"end":{"line":402,"column":44}},{"start":{"line":402,"column":42},"end":{"line":402,"column":44}}]},"745":{"loc":{"start":{"line":402,"column":13},"end":{"line":402,"column":42}},"type":"cond-expr","locations":[{"start":{"line":402,"column":24},"end":{"line":402,"column":26}},{"start":{"line":402,"column":13},"end":{"line":402,"column":42}}]},"746":{"loc":{"start":{"line":402,"column":13},"end":{"line":402,"column":26}},"type":"binary-expr","locations":[{"start":{"line":402,"column":13},"end":{"line":402,"column":26}},{"start":{"line":402,"column":13},"end":{"line":402,"column":26}}]},"747":{"loc":{"start":{"line":406,"column":13},"end":{"line":406,"column":60}},"type":"cond-expr","locations":[{"start":{"line":406,"column":47},"end":{"line":406,"column":51}},{"start":{"line":406,"column":51},"end":{"line":406,"column":60}}]},"748":{"loc":{"start":{"line":406,"column":13},"end":{"line":406,"column":51}},"type":"binary-expr","locations":[{"start":{"line":406,"column":13},"end":{"line":406,"column":51}},{"start":{"line":406,"column":47},"end":{"line":406,"column":51}}]},"749":{"loc":{"start":{"line":406,"column":13},"end":{"line":406,"column":47}},"type":"cond-expr","locations":[{"start":{"line":406,"column":42},"end":{"line":406,"column":44}},{"start":{"line":406,"column":42},"end":{"line":406,"column":47}}]},"750":{"loc":{"start":{"line":406,"column":13},"end":{"line":406,"column":44}},"type":"binary-expr","locations":[{"start":{"line":406,"column":13},"end":{"line":406,"column":44}},{"start":{"line":406,"column":42},"end":{"line":406,"column":44}}]},"751":{"loc":{"start":{"line":406,"column":13},"end":{"line":406,"column":42}},"type":"cond-expr","locations":[{"start":{"line":406,"column":24},"end":{"line":406,"column":26}},{"start":{"line":406,"column":13},"end":{"line":406,"column":42}}]},"752":{"loc":{"start":{"line":406,"column":13},"end":{"line":406,"column":26}},"type":"binary-expr","locations":[{"start":{"line":406,"column":13},"end":{"line":406,"column":26}},{"start":{"line":406,"column":13},"end":{"line":406,"column":26}}]}},"s":{"0":1,"1":1,"2":1,"3":2555,"4":2555,"5":116,"6":2439,"7":1281,"8":22,"9":22,"10":0,"11":0,"12":0,"13":0,"14":0,"15":0,"16":7,"17":7,"18":0,"19":0,"20":0,"21":0,"22":0,"23":0,"24":0,"25":0,"26":0,"27":0,"28":0,"29":0,"30":0,"31":0,"32":0,"33":0,"34":0,"35":0,"36":0,"37":0,"38":0,"39":0,"40":1252,"41":1252,"42":1281,"43":176,"44":0,"45":0,"46":26,"47":26,"48":0,"49":0,"50":0,"51":0,"52":0,"53":0,"54":0,"55":0,"56":150,"57":150,"58":176,"59":104,"60":3,"61":3,"62":2,"63":2,"64":2,"65":2,"66":2,"67":2,"68":2,"69":2,"70":2,"71":2,"72":91,"73":91,"74":104,"75":7,"76":0,"77":0,"78":0,"79":0,"80":1,"81":1,"82":0,"83":0,"84":0,"85":0,"86":0,"87":0,"88":6,"89":6,"90":7,"91":147,"92":0,"93":0,"94":0,"95":0,"96":0,"97":0,"98":0,"99":0,"100":9,"101":9,"102":0,"103":0,"104":138,"105":138,"106":147,"107":258,"108":9,"109":9,"110":3,"111":3,"112":4,"113":4,"114":14,"115":14,"116":11,"117":11,"118":3,"119":3,"120":214,"121":214,"122":258,"123":0,"124":0,"125":0,"126":0,"127":0,"128":0,"129":0,"130":0,"131":0,"132":0,"133":0,"134":0,"135":0,"136":0,"137":0,"138":0,"139":161,"140":3,"141":3,"142":3,"143":3,"144":3,"145":3,"146":3,"147":3,"148":8,"149":8,"150":3,"151":3,"152":138,"153":138,"154":161,"155":74,"156":0,"157":0,"158":0,"159":0,"160":6,"161":6,"162":0,"163":0,"164":0,"165":0,"166":0,"167":0,"168":68,"169":68,"170":74,"171":63,"172":3,"173":3,"174":3,"175":3,"176":0,"177":0,"178":0,"179":0,"180":3,"181":3,"182":0,"183":0,"184":54,"185":54,"186":63,"187":168,"188":168,"189":2439},"f":{"0":2555},"b":{"0":[116],"1":[2555,2445,2445,2439],"2":[2056,499],"3":[2555,2555],"4":[2056,389],"5":[2445,2445],"6":[2056,389],"7":[2445,2445],"8":[2056,383],"9":[2439,2439],"10":[679,700,1281,176,0,0,0,0,104,7,147,258,0,0,0,0,0,161,74,63,168],"11":[22,0,0,0,7,0,0,0,0,0,0,0,0,0,0,0,1252],"12":[0,1281],"13":[1281,1281],"14":[1281,0],"15":[1281,1281],"16":[1281,0],"17":[1281,1281],"18":[0,22],"19":[22,22],"20":[22,0],"21":[22,22],"22":[22,0],"23":[22,22],"24":[0,1259],"25":[1259,1259],"26":[1259,0],"27":[1259,1259],"28":[1259,0],"29":[1259,1259],"30":[0,0],"31":[0,0],"32":[0,0],"33":[0,0],"34":[0,0],"35":[0,0],"36":[0,1259],"37":[1259,1259],"38":[1259,0],"39":[1259,1259],"40":[1259,0],"41":[1259,1259],"42":[0,0],"43":[0,0],"44":[0,0],"45":[0,0],"46":[0,0],"47":[0,0],"48":[0,1259],"49":[1259,1259],"50":[1259,0],"51":[1259,1259],"52":[1259,0],"53":[1259,1259],"54":[0,0],"55":[0,0],"56":[0,0],"57":[0,0],"58":[0,0],"59":[0,0],"60":[0,1259],"61":[1259,1259],"62":[1259,0],"63":[1259,1259],"64":[1259,0],"65":[1259,1259],"66":[0,7],"67":[7,7],"68":[7,0],"69":[7,7],"70":[7,0],"71":[7,7],"72":[0,1252],"73":[1252,1252],"74":[1252,0],"75":[1252,1252],"76":[1252,0],"77":[1252,1252],"78":[0,0],"79":[0,0],"80":[0,0],"81":[0,0],"82":[0,0],"83":[0,0],"84":[0,1252],"85":[1252,1252],"86":[1252,0],"87":[1252,1252],"88":[1252,0],"89":[1252,1252],"90":[0,0],"91":[0,0],"92":[0,0],"93":[0,0],"94":[0,0],"95":[0,0],"96":[0,1252],"97":[1252,1252],"98":[1252,0],"99":[1252,1252],"100":[1252,0],"101":[1252,1252],"102":[0,0],"103":[0,0],"104":[0,0],"105":[0,0],"106":[0,0],"107":[0,0],"108":[0,1252],"109":[1252,1252],"110":[1252,0],"111":[1252,1252],"112":[1252,0],"113":[1252,1252],"114":[0,0],"115":[0,0],"116":[0,0],"117":[0,0],"118":[0,0],"119":[0,0],"120":[0,1252],"121":[1252,1252],"122":[1252,0],"123":[1252,1252],"124":[1252,0],"125":[1252,1252],"126":[0,0],"127":[0,0],"128":[0,0],"129":[0,0],"130":[0,0],"131":[0,0],"132":[0,1252],"133":[1252,1252],"134":[1252,0],"135":[1252,1252],"136":[1252,0],"137":[1252,1252],"138":[0,0],"139":[0,0],"140":[0,0],"141":[0,0],"142":[0,0],"143":[0,0],"144":[0,1252],"145":[1252,1252],"146":[1252,0],"147":[1252,1252],"148":[1252,0],"149":[1252,1252],"150":[0,0],"151":[0,0],"152":[0,0],"153":[0,0],"154":[0,0],"155":[0,0],"156":[0,1252],"157":[1252,1252],"158":[1252,0],"159":[1252,1252],"160":[1252,0],"161":[1252,1252],"162":[0,0],"163":[0,0],"164":[0,0],"165":[0,0],"166":[0,0],"167":[0,0],"168":[0,1252],"169":[1252,1252],"170":[1252,0],"171":[1252,1252],"172":[1252,0],"173":[1252,1252],"174":[0,0],"175":[0,0],"176":[0,0],"177":[0,0],"178":[0,0],"179":[0,0],"180":[0,1252],"181":[1252,1252],"182":[1252,0],"183":[1252,1252],"184":[1252,0],"185":[1252,1252],"186":[0,0],"187":[0,0],"188":[0,0],"189":[0,0],"190":[0,0],"191":[0,0],"192":[0,1252],"193":[1252,1252],"194":[1252,0],"195":[1252,1252],"196":[1252,0],"197":[1252,1252],"198":[0,0],"199":[0,0],"200":[0,0],"201":[0,0],"202":[0,0],"203":[0,0],"204":[0,26,0,0,0,0,150],"205":[0,176],"206":[176,176],"207":[176,0],"208":[176,176],"209":[176,0],"210":[176,176],"211":[0,0],"212":[0,0],"213":[0,0],"214":[0,0],"215":[0,0],"216":[0,0],"217":[0,176],"218":[176,176],"219":[176,0],"220":[176,176],"221":[176,0],"222":[176,176],"223":[0,26],"224":[26,26],"225":[26,0],"226":[26,26],"227":[26,0],"228":[26,26],"229":[0,150],"230":[150,150],"231":[150,0],"232":[150,150],"233":[150,0],"234":[150,150],"235":[0,0],"236":[0,0],"237":[0,0],"238":[0,0],"239":[0,0],"240":[0,0],"241":[0,150],"242":[150,150],"243":[150,0],"244":[150,150],"245":[150,0],"246":[150,150],"247":[0,0],"248":[0,0],"249":[0,0],"250":[0,0],"251":[0,0],"252":[0,0],"253":[0,150],"254":[150,150],"255":[150,0],"256":[150,150],"257":[150,0],"258":[150,150],"259":[0,0],"260":[0,0],"261":[0,0],"262":[0,0],"263":[0,0],"264":[0,0],"265":[0,150],"266":[150,150],"267":[150,0],"268":[150,150],"269":[150,0],"270":[150,150],"271":[0,0],"272":[0,0],"273":[0,0],"274":[0,0],"275":[0,0],"276":[0,0],"277":[3,2,2,2,2,2,91],"278":[0,104],"279":[104,104],"280":[104,0],"281":[104,104],"282":[104,0],"283":[104,104],"284":[0,3],"285":[3,3],"286":[3,0],"287":[3,3],"288":[3,0],"289":[3,3],"290":[0,101],"291":[101,101],"292":[101,0],"293":[101,101],"294":[101,0],"295":[101,101],"296":[0,2],"297":[2,2],"298":[2,0],"299":[2,2],"300":[2,0],"301":[2,2],"302":[0,99],"303":[99,99],"304":[99,0],"305":[99,99],"306":[99,0],"307":[99,99],"308":[0,2],"309":[2,2],"310":[2,0],"311":[2,2],"312":[2,0],"313":[2,2],"314":[0,97],"315":[97,97],"316":[97,0],"317":[97,97],"318":[97,0],"319":[97,97],"320":[0,2],"321":[2,2],"322":[2,0],"323":[2,2],"324":[2,0],"325":[2,2],"326":[0,95],"327":[95,95],"328":[95,0],"329":[95,95],"330":[95,0],"331":[95,95],"332":[0,2],"333":[2,2],"334":[2,0],"335":[2,2],"336":[2,0],"337":[2,2],"338":[0,93],"339":[93,93],"340":[93,0],"341":[93,93],"342":[93,0],"343":[93,93],"344":[0,2],"345":[2,2],"346":[2,0],"347":[2,2],"348":[2,0],"349":[2,2],"350":[0,0,1,0,0,0,6],"351":[0,7],"352":[7,7],"353":[7,0],"354":[7,7],"355":[7,0],"356":[7,7],"357":[0,0],"358":[0,0],"359":[0,0],"360":[0,0],"361":[0,0],"362":[0,0],"363":[0,7],"364":[7,7],"365":[7,0],"366":[7,7],"367":[7,0],"368":[7,7],"369":[0,0],"370":[0,0],"371":[0,0],"372":[0,0],"373":[0,0],"374":[0,0],"375":[0,7],"376":[7,7],"377":[7,0],"378":[7,7],"379":[7,0],"380":[7,7],"381":[0,1],"382":[1,1],"383":[1,0],"384":[1,1],"385":[1,0],"386":[1,1],"387":[0,6],"388":[6,6],"389":[6,0],"390":[6,6],"391":[6,0],"392":[6,6],"393":[0,0],"394":[0,0],"395":[0,0],"396":[0,0],"397":[0,0],"398":[0,0],"399":[0,6],"400":[6,6],"401":[6,0],"402":[6,6],"403":[6,0],"404":[6,6],"405":[0,0],"406":[0,0],"407":[0,0],"408":[0,0],"409":[0,0],"410":[0,0],"411":[0,6],"412":[6,6],"413":[6,0],"414":[6,6],"415":[6,0],"416":[6,6],"417":[0,0],"418":[0,0],"419":[0,0],"420":[0,0],"421":[0,0],"422":[0,0],"423":[0,0,0,0,9,0,138],"424":[0,147],"425":[147,147],"426":[147,0],"427":[147,147],"428":[147,0],"429":[147,147],"430":[0,0],"431":[0,0],"432":[0,0],"433":[0,0],"434":[0,0],"435":[0,0],"436":[0,147],"437":[147,147],"438":[147,0],"439":[147,147],"440":[147,0],"441":[147,147],"442":[0,0],"443":[0,0],"444":[0,0],"445":[0,0],"446":[0,0],"447":[0,0],"448":[0,147],"449":[147,147],"450":[147,0],"451":[147,147],"452":[147,0],"453":[147,147],"454":[0,0],"455":[0,0],"456":[0,0],"457":[0,0],"458":[0,0],"459":[0,0],"460":[0,147],"461":[147,147],"462":[147,0],"463":[147,147],"464":[147,0],"465":[147,147],"466":[0,0],"467":[0,0],"468":[0,0],"469":[0,0],"470":[0,0],"471":[0,0],"472":[0,147],"473":[147,147],"474":[147,0],"475":[147,147],"476":[147,0],"477":[147,147],"478":[0,9],"479":[9,9],"480":[9,0],"481":[9,9],"482":[9,0],"483":[9,9],"484":[0,138],"485":[138,138],"486":[138,0],"487":[138,138],"488":[138,0],"489":[138,138],"490":[0,0],"491":[0,0],"492":[0,0],"493":[0,0],"494":[0,0],"495":[0,0],"496":[9,3,4,14,11,3,214],"497":[0,258],"498":[258,258],"499":[258,0],"500":[258,258],"501":[258,0],"502":[258,258],"503":[0,9],"504":[9,9],"505":[9,0],"506":[9,9],"507":[9,0],"508":[9,9],"509":[0,249],"510":[249,249],"511":[249,0],"512":[249,249],"513":[249,0],"514":[249,249],"515":[0,3],"516":[3,3],"517":[3,0],"518":[3,3],"519":[3,0],"520":[3,3],"521":[0,246],"522":[246,246],"523":[246,0],"524":[246,246],"525":[246,0],"526":[246,246],"527":[0,4],"528":[4,4],"529":[4,0],"530":[4,4],"531":[4,0],"532":[4,4],"533":[0,242],"534":[242,242],"535":[242,0],"536":[242,242],"537":[242,0],"538":[242,242],"539":[0,14],"540":[14,14],"541":[14,0],"542":[14,14],"543":[14,0],"544":[14,14],"545":[0,228],"546":[228,228],"547":[228,0],"548":[228,228],"549":[228,0],"550":[228,228],"551":[0,11],"552":[11,11],"553":[11,0],"554":[11,11],"555":[11,0],"556":[11,11],"557":[0,217],"558":[217,217],"559":[217,0],"560":[217,217],"561":[217,0],"562":[217,217],"563":[0,3],"564":[3,3],"565":[3,0],"566":[3,3],"567":[3,0],"568":[3,3],"569":[0,0,0,0,0,0,0],"570":[0,0],"571":[0,0],"572":[0,0],"573":[0,0],"574":[0,0],"575":[0,0],"576":[0,0],"577":[0,0],"578":[0,0],"579":[0,0],"580":[0,0],"581":[0,0],"582":[0,0],"583":[0,0],"584":[0,0],"585":[0,0],"586":[0,0],"587":[0,0],"588":[0,0],"589":[0,0],"590":[0,0],"591":[0,0],"592":[0,0],"593":[0,0],"594":[0,0],"595":[0,0],"596":[0,0],"597":[0,0],"598":[0,0],"599":[0,0],"600":[0,0],"601":[0,0],"602":[0,0],"603":[0,0],"604":[0,0],"605":[0,0],"606":[0,0],"607":[0,0],"608":[0,0],"609":[0,0],"610":[0,0],"611":[0,0],"612":[0,0],"613":[0,0],"614":[0,0],"615":[0,0],"616":[0,0],"617":[0,0],"618":[0,0],"619":[0,0],"620":[0,0],"621":[0,0],"622":[0,0],"623":[0,0],"624":[0,0],"625":[0,0],"626":[0,0],"627":[0,0],"628":[0,0],"629":[0,0],"630":[0,0],"631":[0,0],"632":[0,0],"633":[0,0],"634":[0,0],"635":[0,0],"636":[0,0],"637":[0,0],"638":[0,0],"639":[0,0],"640":[0,0],"641":[0,0],"642":[3,3,3,3,8,3,138],"643":[0,161],"644":[161,161],"645":[161,0],"646":[161,161],"647":[161,0],"648":[161,161],"649":[0,158],"650":[158,158],"651":[158,0],"652":[158,158],"653":[158,0],"654":[158,158],"655":[0,155],"656":[155,155],"657":[155,0],"658":[155,155],"659":[155,0],"660":[155,155],"661":[0,152],"662":[152,152],"663":[152,0],"664":[152,152],"665":[152,0],"666":[152,152],"667":[0,149],"668":[149,149],"669":[149,0],"670":[149,149],"671":[149,0],"672":[149,149],"673":[0,141],"674":[141,141],"675":[141,0],"676":[141,141],"677":[141,0],"678":[141,141],"679":[0,0,6,0,0,0,68],"680":[0,74],"681":[74,74],"682":[74,0],"683":[74,74],"684":[74,0],"685":[74,74],"686":[0,74],"687":[74,74],"688":[74,0],"689":[74,74],"690":[74,0],"691":[74,74],"692":[0,74],"693":[74,74],"694":[74,0],"695":[74,74],"696":[74,0],"697":[74,74],"698":[0,68],"699":[68,68],"700":[68,0],"701":[68,68],"702":[68,0],"703":[68,68],"704":[0,68],"705":[68,68],"706":[68,0],"707":[68,68],"708":[68,0],"709":[68,68],"710":[0,68],"711":[68,68],"712":[68,0],"713":[68,68],"714":[68,0],"715":[68,68],"716":[3,3,0,0,3,0,54],"717":[0,63],"718":[63,63],"719":[63,0],"720":[63,63],"721":[63,0],"722":[63,63],"723":[0,60],"724":[60,60],"725":[60,0],"726":[60,60],"727":[60,0],"728":[60,60],"729":[0,57],"730":[57,57],"731":[57,0],"732":[57,57],"733":[57,0],"734":[57,57],"735":[0,57],"736":[57,57],"737":[57,0],"738":[57,57],"739":[57,0],"740":[57,57],"741":[0,57],"742":[57,57],"743":[57,0],"744":[57,57],"745":[57,0],"746":[57,57],"747":[0,54],"748":[54,54],"749":[54,0],"750":[54,54],"751":[54,0],"752":[54,54]}}
,"C:\\github\\mimic-css\\src\\Snapping\\Sizes.ts": {"path":"C:\\github\\mimic-css\\src\\Snapping\\Sizes.ts","statementMap":{"0":{"start":{"line":3,"column":13},"end":{"line":10,"column":2}},"1":{"start":{"line":12,"column":13},"end":{"line":29,"column":2}},"2":{"start":{"line":34,"column":13},"end":{"line":39,"column":2}},"3":{"start":{"line":41,"column":13},"end":{"line":46,"column":2}},"4":{"start":{"line":48,"column":13},"end":{"line":53,"column":2}},"5":{"start":{"line":55,"column":13},"end":{"line":60,"column":2}},"6":{"start":{"line":62,"column":13},"end":{"line":69,"column":2}},"7":{"start":{"line":71,"column":13},"end":{"line":78,"column":2}},"8":{"start":{"line":80,"column":13},"end":{"line":87,"column":2}},"9":{"start":{"line":89,"column":13},"end":{"line":96,"column":2}},"10":{"start":{"line":98,"column":13},"end":{"line":105,"column":2}},"11":{"start":{"line":107,"column":13},"end":{"line":114,"column":2}},"12":{"start":{"line":116,"column":13},"end":{"line":123,"column":2}},"13":{"start":{"line":125,"column":13},"end":{"line":132,"column":2}},"14":{"start":{"line":134,"column":13},"end":{"line":141,"column":2}},"15":{"start":{"line":143,"column":13},"end":{"line":150,"column":2}}},"fnMap":{},"branchMap":{},"s":{"0":1,"1":1,"2":1,"3":1,"4":1,"5":1,"6":1,"7":1,"8":1,"9":1,"10":1,"11":1,"12":1,"13":1,"14":1,"15":1},"f":{},"b":{}}
,"C:\\github\\mimic-css\\src\\Utils\\Utils.ts": {"path":"C:\\github\\mimic-css\\src\\Utils\\Utils.ts","statementMap":{"0":{"start":{"line":1,"column":0},"end":{"line":1,"column":16}},"1":{"start":{"line":2,"column":14},"end":{"line":2,"column":44}},"2":{"start":{"line":3,"column":2},"end":{"line":3,"column":37}},"3":{"start":{"line":5,"column":2},"end":{"line":5,"column":15}}},"fnMap":{"0":{"name":"Escape","decl":{"start":{"line":1,"column":16},"end":{"line":1,"column":22}},"loc":{"start":{"line":1,"column":40},"end":{"line":6,"column":1}}}},"branchMap":{"0":{"loc":{"start":{"line":2,"column":14},"end":{"line":2,"column":44}},"type":"cond-expr","locations":[{"start":{"line":2,"column":23},"end":{"line":2,"column":25}},{"start":{"line":2,"column":14},"end":{"line":2,"column":44}}]},"1":{"loc":{"start":{"line":2,"column":14},"end":{"line":2,"column":25}},"type":"binary-expr","locations":[{"start":{"line":2,"column":14},"end":{"line":2,"column":25}},{"start":{"line":2,"column":14},"end":{"line":2,"column":25}}]},"2":{"loc":{"start":{"line":3,"column":10},"end":{"line":3,"column":36}},"type":"cond-expr","locations":[{"start":{"line":3,"column":15},"end":{"line":3,"column":17}},{"start":{"line":3,"column":10},"end":{"line":3,"column":36}}]},"3":{"loc":{"start":{"line":3,"column":10},"end":{"line":3,"column":17}},"type":"binary-expr","locations":[{"start":{"line":3,"column":10},"end":{"line":3,"column":17}},{"start":{"line":3,"column":10},"end":{"line":3,"column":17}}]}},"s":{"0":1,"1":624,"2":624,"3":624},"f":{"0":624},"b":{"0":[0,624],"1":[624,624],"2":[0,624],"3":[624,624]}}
}
