TN:
SF:src\ConfigurationLoader.ts
FN:12,LoadConfig
FNF:1
FNH:0
FNDA:0,LoadConfig
DA:1,1
DA:7,1
DA:12,1
DA:13,0
DA:18,0
DA:20,0
DA:21,0
DA:24,0
DA:25,0
DA:28,0
DA:29,0
DA:32,0
DA:33,0
DA:36,0
DA:39,0
DA:40,0
DA:42,0
DA:43,0
LF:18
LH:3
BRDA:20,0,0,0
BRDA:24,1,0,0
BRDA:28,2,0,0
BRDA:32,3,0,0
BRDA:36,4,0,0
BRF:5
BRH:0
end_of_record
TN:
SF:src\GenerateMimicCss.ts
FN:12,GenerateMimicCSSNonMedia
FN:104,GenerateMimicCSSMedia
FN:193,GenerateMimicCSSCustomClasses
FNF:3
FNH:3
FNDA:282,GenerateMimicCSSNonMedia
FNDA:27,GenerateMimicCSSMedia
FNDA:7,GenerateMimicCSSCustomClasses
DA:1,1
DA:2,1
DA:3,1
DA:10,1
DA:12,1
DA:31,282
DA:33,282
DA:34,282
DA:36,282
DA:37,282
DA:39,282
DA:40,282
DA:42,282
DA:43,282
DA:49,282
DA:51,282
DA:52,282
DA:53,282
DA:54,282
DA:56,282
DA:57,282
DA:58,282
DA:59,282
DA:61,282
DA:65,282
DA:69,282
DA:73,282
DA:74,282
DA:77,282
DA:82,282
DA:104,1
DA:123,27
DA:125,27
DA:126,27
DA:128,27
DA:129,27
DA:131,27
DA:132,27
DA:134,27
DA:135,27
DA:137,27
DA:138,27
DA:139,27
DA:140,27
DA:142,27
DA:143,27
DA:144,27
DA:145,27
DA:147,27
DA:151,27
DA:155,27
DA:159,27
DA:160,27
DA:168,27
DA:178,27
DA:183,27
DA:193,1
DA:213,7
DA:215,7
DA:216,7
DA:218,7
DA:219,7
DA:221,7
DA:222,7
DA:224,7
DA:225,7
DA:227,7
DA:228,7
DA:229,7
DA:230,7
DA:232,7
DA:233,7
DA:234,7
DA:235,7
DA:237,7
DA:241,7
DA:245,7
DA:249,7
DA:251,7
LF:79
LH:79
BRDA:31,0,0,282
BRDA:31,0,1,0
BRDA:31,1,0,282
BRDA:31,1,1,282
BRDA:33,2,0,196
BRDA:33,2,1,86
BRDA:33,3,0,282
BRDA:33,3,1,282
BRDA:36,4,0,16
BRDA:36,4,1,266
BRDA:36,5,0,282
BRDA:36,5,1,282
BRDA:39,6,0,6
BRDA:39,6,1,276
BRDA:39,7,0,282
BRDA:39,7,1,282
BRDA:42,8,0,8
BRDA:42,8,1,274
BRDA:42,9,0,282
BRDA:42,9,1,282
BRDA:51,10,0,268
BRDA:51,10,1,14
BRDA:51,11,0,282
BRDA:51,11,1,282
BRDA:52,12,0,271
BRDA:52,12,1,11
BRDA:52,13,0,282
BRDA:52,13,1,282
BRDA:53,14,0,277
BRDA:53,14,1,5
BRDA:53,15,0,282
BRDA:53,15,1,282
BRDA:54,16,0,277
BRDA:54,16,1,5
BRDA:54,17,0,282
BRDA:54,17,1,282
BRDA:56,18,0,86
BRDA:56,18,1,196
BRDA:56,19,0,282
BRDA:56,19,1,282
BRDA:57,20,0,266
BRDA:57,20,1,16
BRDA:57,21,0,282
BRDA:57,21,1,282
BRDA:58,22,0,276
BRDA:58,22,1,6
BRDA:58,23,0,282
BRDA:58,23,1,282
BRDA:59,24,0,274
BRDA:59,24,1,8
BRDA:59,25,0,282
BRDA:59,25,1,282
BRDA:62,26,0,258
BRDA:62,26,1,24
BRDA:62,27,0,282
BRDA:62,27,1,282
BRDA:66,28,0,269
BRDA:66,28,1,13
BRDA:66,29,0,282
BRDA:66,29,1,282
BRDA:70,30,0,263
BRDA:70,30,1,19
BRDA:70,31,0,282
BRDA:70,31,1,282
BRDA:73,32,0,276
BRDA:73,32,1,6
BRDA:73,33,0,282
BRDA:73,33,1,282
BRDA:75,34,0,276
BRDA:75,34,1,6
BRDA:75,35,0,282
BRDA:75,35,1,282
BRDA:77,36,0,282
BRDA:77,36,1,0
BRDA:77,37,0,282
BRDA:77,37,1,282
BRDA:84,38,0,86
BRDA:84,38,1,196
BRDA:84,39,0,86
BRDA:84,39,1,0
BRDA:84,40,0,86
BRDA:84,40,1,86
BRDA:86,41,0,266
BRDA:86,41,1,16
BRDA:86,42,0,8
BRDA:86,42,1,258
BRDA:86,43,0,266
BRDA:86,43,1,266
BRDA:87,44,0,276
BRDA:87,44,1,6
BRDA:87,45,0,7
BRDA:87,45,1,269
BRDA:87,46,0,276
BRDA:87,46,1,276
BRDA:88,47,0,274
BRDA:88,47,1,8
BRDA:88,48,0,11
BRDA:88,48,1,263
BRDA:88,49,0,274
BRDA:88,49,1,274
BRDA:89,50,0,0
BRDA:89,50,1,282
BRDA:89,51,0,282
BRDA:89,51,1,282
BRDA:89,52,0,74
BRDA:89,52,1,208
BRDA:95,53,0,282
BRDA:95,53,1,0
BRDA:95,54,0,282
BRDA:95,54,1,282
BRDA:97,55,0,0
BRDA:97,55,1,282
BRDA:98,56,0,0
BRDA:98,56,1,282
BRDA:123,57,0,0
BRDA:123,57,1,27
BRDA:123,58,0,27
BRDA:123,58,1,27
BRDA:125,59,0,26
BRDA:125,59,1,1
BRDA:125,60,0,27
BRDA:125,60,1,27
BRDA:128,61,0,1
BRDA:128,61,1,26
BRDA:128,62,0,27
BRDA:128,62,1,27
BRDA:131,63,0,0
BRDA:131,63,1,27
BRDA:131,64,0,27
BRDA:131,64,1,27
BRDA:134,65,0,0
BRDA:134,65,1,27
BRDA:134,66,0,27
BRDA:134,66,1,27
BRDA:137,67,0,25
BRDA:137,67,1,2
BRDA:137,68,0,27
BRDA:137,68,1,27
BRDA:138,69,0,26
BRDA:138,69,1,1
BRDA:138,70,0,27
BRDA:138,70,1,27
BRDA:139,71,0,27
BRDA:139,71,1,0
BRDA:139,72,0,27
BRDA:139,72,1,27
BRDA:140,73,0,27
BRDA:140,73,1,0
BRDA:140,74,0,27
BRDA:140,74,1,27
BRDA:142,75,0,1
BRDA:142,75,1,26
BRDA:142,76,0,27
BRDA:142,76,1,27
BRDA:143,77,0,26
BRDA:143,77,1,1
BRDA:143,78,0,27
BRDA:143,78,1,27
BRDA:144,79,0,27
BRDA:144,79,1,0
BRDA:144,80,0,27
BRDA:144,80,1,27
BRDA:145,81,0,27
BRDA:145,81,1,0
BRDA:145,82,0,27
BRDA:145,82,1,27
BRDA:148,83,0,26
BRDA:148,83,1,1
BRDA:148,84,0,27
BRDA:148,84,1,27
BRDA:152,85,0,27
BRDA:152,85,1,0
BRDA:152,86,0,27
BRDA:152,86,1,27
BRDA:156,87,0,27
BRDA:156,87,1,0
BRDA:156,88,0,27
BRDA:156,88,1,27
BRDA:159,89,0,27
BRDA:159,89,1,0
BRDA:159,90,0,27
BRDA:159,90,1,27
BRDA:160,91,0,0
BRDA:160,91,1,27
BRDA:160,92,0,27
BRDA:160,92,1,27
BRDA:169,93,0,1
BRDA:169,93,1,26
BRDA:169,94,0,1
BRDA:169,94,1,0
BRDA:169,95,0,1
BRDA:169,95,1,1
BRDA:171,96,0,26
BRDA:171,96,1,1
BRDA:171,97,0,0
BRDA:171,97,1,26
BRDA:171,98,0,26
BRDA:171,98,1,26
BRDA:172,99,0,27
BRDA:172,99,1,0
BRDA:172,100,0,0
BRDA:172,100,1,27
BRDA:172,101,0,27
BRDA:172,101,1,27
BRDA:173,102,0,27
BRDA:173,102,1,0
BRDA:173,103,0,0
BRDA:173,103,1,27
BRDA:173,104,0,27
BRDA:173,104,1,27
BRDA:174,105,0,0
BRDA:174,105,1,27
BRDA:174,106,0,27
BRDA:174,106,1,27
BRDA:175,107,0,0
BRDA:175,107,1,27
BRDA:180,108,0,27
BRDA:180,108,1,0
BRDA:181,109,0,27
BRDA:181,109,1,0
BRDA:213,110,0,7
BRDA:213,110,1,0
BRDA:213,111,0,7
BRDA:213,111,1,7
BRDA:215,112,0,2
BRDA:215,112,1,5
BRDA:215,113,0,7
BRDA:215,113,1,7
BRDA:218,114,0,0
BRDA:218,114,1,7
BRDA:218,115,0,7
BRDA:218,115,1,7
BRDA:221,116,0,0
BRDA:221,116,1,7
BRDA:221,117,0,7
BRDA:221,117,1,7
BRDA:224,118,0,0
BRDA:224,118,1,7
BRDA:224,119,0,7
BRDA:224,119,1,7
BRDA:227,120,0,7
BRDA:227,120,1,0
BRDA:227,121,0,7
BRDA:227,121,1,7
BRDA:228,122,0,7
BRDA:228,122,1,0
BRDA:228,123,0,7
BRDA:228,123,1,7
BRDA:229,124,0,7
BRDA:229,124,1,0
BRDA:229,125,0,7
BRDA:229,125,1,7
BRDA:230,126,0,7
BRDA:230,126,1,0
BRDA:230,127,0,7
BRDA:230,127,1,7
BRDA:232,128,0,5
BRDA:232,128,1,2
BRDA:232,129,0,7
BRDA:232,129,1,7
BRDA:233,130,0,7
BRDA:233,130,1,0
BRDA:233,131,0,7
BRDA:233,131,1,7
BRDA:234,132,0,7
BRDA:234,132,1,0
BRDA:234,133,0,7
BRDA:234,133,1,7
BRDA:235,134,0,7
BRDA:235,134,1,0
BRDA:235,135,0,7
BRDA:235,135,1,7
BRDA:238,136,0,7
BRDA:238,136,1,0
BRDA:238,137,0,7
BRDA:238,137,1,7
BRDA:242,138,0,7
BRDA:242,138,1,0
BRDA:242,139,0,7
BRDA:242,139,1,7
BRDA:246,140,0,6
BRDA:246,140,1,1
BRDA:246,141,0,7
BRDA:246,141,1,7
BRDA:249,142,0,7
BRDA:249,142,1,0
BRDA:249,143,0,7
BRDA:249,143,1,7
BRF:288
BRH:246
end_of_record
TN:
SF:src\Main.ts
FN:26,DoWork
FN:61,FindCurrentMaxMediaOrder
FN:79,FindMediaQueryClasses
FN:101,(anonymous_4)
FN:209,AddIndividualMdiaClassToDictionaryOfFoundMediaCSSFromAllFile
FN:230,StoreNonMediaClassIn_DictionaryOfFoundCSSFromAllFile
FN:246,FindCustomClasses
FN:267,(anonymous_8)
FN:513,FindNonMedia
FN:528,(anonymous_10)
FN:643,ClearExistingCSS
FN:673,GenerateCSSStringForUnitTests
FN:703,AddCustomClassTo_DictionaryOfFoundCSSFromAllFile
FN:752,UpdateClassMembersOfCustomClass
FNF:14
FNH:14
FNDA:85,DoWork
FNDA:85,FindCurrentMaxMediaOrder
FNDA:85,FindMediaQueryClasses
FNDA:531,(anonymous_4)
FNDA:1253,AddIndividualMdiaClassToDictionaryOfFoundMediaCSSFromAllFile
FNDA:1611,StoreNonMediaClassIn_DictionaryOfFoundCSSFromAllFile
FNDA:85,FindCustomClasses
FNDA:531,(anonymous_8)
FNDA:85,FindNonMedia
FNDA:531,(anonymous_10)
FNDA:85,ClearExistingCSS
FNDA:85,GenerateCSSStringForUnitTests
FNDA:1388,AddCustomClassTo_DictionaryOfFoundCSSFromAllFile
FNDA:1388,UpdateClassMembersOfCustomClass
DA:6,1
DA:12,1
DA:24,1
DA:26,1
DA:37,85
DA:43,85
DA:45,85
DA:47,85
DA:49,85
DA:51,85
DA:53,85
DA:58,85
DA:61,1
DA:67,85
DA:69,85
DA:70,0
DA:71,0
DA:72,0
DA:76,85
DA:87,85
DA:89,85
DA:93,85
DA:94,85
DA:97,85
DA:98,176
DA:99,176
DA:101,176
DA:102,531
DA:103,179
DA:107,179
DA:112,179
DA:119,179
DA:125,179
DA:132,179
DA:138,179
DA:145,179
DA:151,179
DA:158,179
DA:164,179
DA:171,179
DA:173,179
DA:193,179
DA:199,179
DA:218,1253
DA:238,1611
DA:254,85
DA:255,85
DA:257,85
DA:260,85
DA:261,176
DA:262,176
DA:264,176
DA:265,176
DA:267,176
DA:268,531
DA:270,179
DA:273,179
DA:279,179
DA:285,179
DA:295,2
DA:298,177
DA:304,177
DA:310,177
DA:320,5
DA:323,172
DA:329,172
DA:335,172
DA:345,0
DA:348,172
DA:354,172
DA:360,172
DA:370,0
DA:373,172
DA:379,172
DA:385,172
DA:395,0
DA:398,172
DA:404,172
DA:411,172
DA:421,0
DA:424,172
DA:430,172
DA:437,172
DA:447,0
DA:476,172
DA:482,172
DA:489,172
DA:499,0
DA:503,176
DA:504,852
DA:505,676
DA:521,85
DA:522,85
DA:524,85
DA:525,176
DA:526,176
DA:528,176
DA:529,531
DA:533,179
DA:539,179
DA:545,179
DA:550,179
DA:556,179
DA:561,179
DA:567,179
DA:572,179
DA:578,179
DA:583,179
DA:589,179
DA:594,179
DA:600,179
DA:605,179
DA:611,179
DA:612,179
DA:629,179
DA:634,179
DA:655,85
DA:656,0
DA:657,0
DA:658,0
DA:664,85
DA:665,0
DA:666,0
DA:667,0
DA:683,85
DA:686,85
DA:687,236
DA:688,151
DA:689,151
DA:693,85
DA:694,110
DA:695,25
DA:696,25
DA:700,85
DA:714,1388
DA:715,7
DA:716,4
DA:722,4
DA:724,3
DA:726,3
DA:736,0
DA:743,0
DA:746,7
DA:748,1381
DA:757,1388
DA:762,1388
DA:763,7
DA:764,7
DA:768,7
DA:770,1381
LF:150
LH:133
BRDA:70,0,0,0
BRDA:70,1,0,0
BRDA:70,1,1,0
BRDA:71,2,0,0
BRDA:98,3,0,0
BRDA:98,3,1,176
BRDA:98,4,0,176
BRDA:98,4,1,176
BRDA:102,5,0,352
BRDA:261,6,0,0
BRDA:261,6,1,176
BRDA:261,7,0,176
BRDA:261,7,1,176
BRDA:268,8,0,352
BRDA:285,9,0,2
BRDA:310,10,0,5
BRDA:335,11,0,0
BRDA:360,12,0,0
BRDA:385,13,0,0
BRDA:411,14,0,0
BRDA:437,15,0,0
BRDA:489,16,0,0
BRDA:504,17,0,676
BRDA:504,18,0,852
BRDA:504,18,1,676
BRDA:525,19,0,0
BRDA:525,19,1,176
BRDA:525,20,0,176
BRDA:525,20,1,176
BRDA:529,21,0,352
BRDA:656,22,0,0
BRDA:656,23,0,0
BRDA:656,23,1,0
BRDA:657,24,0,0
BRDA:665,25,0,0
BRDA:665,26,0,0
BRDA:665,26,1,0
BRDA:666,27,0,0
BRDA:687,28,0,151
BRDA:687,29,0,236
BRDA:687,29,1,236
BRDA:694,30,0,25
BRDA:694,31,0,110
BRDA:694,31,1,110
BRDA:714,32,0,7
BRDA:714,32,1,1381
BRDA:715,33,0,4
BRDA:715,33,1,3
BRDA:724,34,0,3
BRDA:724,34,1,0
BRDA:762,35,0,7
BRDA:762,35,1,1381
BRF:52
BRH:30
end_of_record
TN:
SF:src\ProcessMediaQueries.ts
FN:9,MapMediaQuery
FN:50,ProcessMediaQueriesWithHover
FN:113,ProcessMediaQueries
FNF:3
FNH:1
FNDA:316,MapMediaQuery
FNDA:0,ProcessMediaQueriesWithHover
FNDA:0,ProcessMediaQueries
DA:1,1
DA:2,1
DA:6,1
DA:7,1
DA:9,1
DA:12,316
DA:15,0
DA:18,0
DA:21,15
DA:24,15
DA:27,5
DA:30,5
DA:33,7
DA:36,7
DA:39,0
DA:42,0
DA:43,0
DA:45,289
DA:48,316
DA:50,1
DA:51,0
DA:53,0
DA:56,0
DA:57,0
DA:58,0
DA:63,0
DA:66,0
DA:69,0
DA:72,0
DA:75,0
DA:78,0
DA:81,0
DA:84,0
DA:87,0
DA:90,0
DA:93,0
DA:95,0
DA:98,0
DA:101,0
DA:110,0
DA:113,1
DA:114,0
DA:116,0
DA:119,0
DA:120,0
DA:121,0
DA:126,0
DA:129,0
DA:132,0
DA:135,0
DA:138,0
DA:141,0
DA:144,0
DA:147,0
DA:150,0
DA:153,0
DA:156,0
DA:158,0
DA:161,0
DA:164,0
DA:173,0
LF:61
LH:16
BRDA:12,0,0,0
BRDA:12,0,1,15
BRDA:12,0,2,5
BRDA:12,0,3,7
BRDA:12,0,4,0
BRDA:12,0,5,289
BRDA:13,1,0,0
BRDA:13,1,1,316
BRDA:13,2,0,316
BRDA:13,2,1,316
BRDA:13,3,0,316
BRDA:13,3,1,0
BRDA:13,4,0,316
BRDA:13,4,1,316
BRDA:13,5,0,316
BRDA:13,5,1,0
BRDA:13,6,0,316
BRDA:13,6,1,316
BRDA:16,7,0,0
BRDA:16,7,1,0
BRDA:16,8,0,0
BRDA:16,8,1,0
BRDA:16,9,0,0
BRDA:16,9,1,0
BRDA:16,10,0,0
BRDA:16,10,1,0
BRDA:16,11,0,0
BRDA:16,11,1,0
BRDA:16,12,0,0
BRDA:16,12,1,0
BRDA:19,13,0,0
BRDA:19,13,1,316
BRDA:19,14,0,316
BRDA:19,14,1,316
BRDA:19,15,0,316
BRDA:19,15,1,0
BRDA:19,16,0,316
BRDA:19,16,1,316
BRDA:19,17,0,316
BRDA:19,17,1,0
BRDA:19,18,0,316
BRDA:19,18,1,316
BRDA:22,19,0,0
BRDA:22,19,1,15
BRDA:22,20,0,15
BRDA:22,20,1,15
BRDA:22,21,0,15
BRDA:22,21,1,0
BRDA:22,22,0,15
BRDA:22,22,1,15
BRDA:22,23,0,15
BRDA:22,23,1,0
BRDA:22,24,0,15
BRDA:22,24,1,15
BRDA:25,25,0,0
BRDA:25,25,1,301
BRDA:25,26,0,301
BRDA:25,26,1,301
BRDA:25,27,0,301
BRDA:25,27,1,0
BRDA:25,28,0,301
BRDA:25,28,1,301
BRDA:25,29,0,301
BRDA:25,29,1,0
BRDA:25,30,0,301
BRDA:25,30,1,301
BRDA:28,31,0,0
BRDA:28,31,1,5
BRDA:28,32,0,5
BRDA:28,32,1,5
BRDA:28,33,0,5
BRDA:28,33,1,0
BRDA:28,34,0,5
BRDA:28,34,1,5
BRDA:28,35,0,5
BRDA:28,35,1,0
BRDA:28,36,0,5
BRDA:28,36,1,5
BRDA:31,37,0,0
BRDA:31,37,1,296
BRDA:31,38,0,296
BRDA:31,38,1,296
BRDA:31,39,0,296
BRDA:31,39,1,0
BRDA:31,40,0,296
BRDA:31,40,1,296
BRDA:31,41,0,296
BRDA:31,41,1,0
BRDA:31,42,0,296
BRDA:31,42,1,296
BRDA:34,43,0,0
BRDA:34,43,1,7
BRDA:34,44,0,7
BRDA:34,44,1,7
BRDA:34,45,0,7
BRDA:34,45,1,0
BRDA:34,46,0,7
BRDA:34,46,1,7
BRDA:34,47,0,7
BRDA:34,47,1,0
BRDA:34,48,0,7
BRDA:34,48,1,7
BRDA:37,49,0,0
BRDA:37,49,1,289
BRDA:37,50,0,289
BRDA:37,50,1,289
BRDA:37,51,0,289
BRDA:37,51,1,0
BRDA:37,52,0,289
BRDA:37,52,1,289
BRDA:37,53,0,289
BRDA:37,53,1,0
BRDA:37,54,0,289
BRDA:37,54,1,289
BRDA:40,55,0,0
BRDA:40,55,1,0
BRDA:40,56,0,0
BRDA:40,56,1,0
BRDA:40,57,0,0
BRDA:40,57,1,0
BRDA:40,58,0,0
BRDA:40,58,1,0
BRDA:40,59,0,0
BRDA:40,59,1,0
BRDA:40,60,0,0
BRDA:40,60,1,0
BRDA:63,61,0,0
BRDA:63,61,1,0
BRDA:63,61,2,0
BRDA:63,61,3,0
BRDA:63,61,4,0
BRDA:63,61,5,0
BRDA:64,62,0,0
BRDA:64,62,1,0
BRDA:64,63,0,0
BRDA:64,63,1,0
BRDA:64,64,0,0
BRDA:64,64,1,0
BRDA:64,65,0,0
BRDA:64,65,1,0
BRDA:64,66,0,0
BRDA:64,66,1,0
BRDA:64,67,0,0
BRDA:64,67,1,0
BRDA:67,68,0,0
BRDA:67,68,1,0
BRDA:67,69,0,0
BRDA:67,69,1,0
BRDA:67,70,0,0
BRDA:67,70,1,0
BRDA:67,71,0,0
BRDA:67,71,1,0
BRDA:67,72,0,0
BRDA:67,72,1,0
BRDA:67,73,0,0
BRDA:67,73,1,0
BRDA:70,74,0,0
BRDA:70,74,1,0
BRDA:70,75,0,0
BRDA:70,75,1,0
BRDA:70,76,0,0
BRDA:70,76,1,0
BRDA:70,77,0,0
BRDA:70,77,1,0
BRDA:70,78,0,0
BRDA:70,78,1,0
BRDA:70,79,0,0
BRDA:70,79,1,0
BRDA:73,80,0,0
BRDA:73,80,1,0
BRDA:73,81,0,0
BRDA:73,81,1,0
BRDA:73,82,0,0
BRDA:73,82,1,0
BRDA:73,83,0,0
BRDA:73,83,1,0
BRDA:73,84,0,0
BRDA:73,84,1,0
BRDA:73,85,0,0
BRDA:73,85,1,0
BRDA:76,86,0,0
BRDA:76,86,1,0
BRDA:76,87,0,0
BRDA:76,87,1,0
BRDA:76,88,0,0
BRDA:76,88,1,0
BRDA:76,89,0,0
BRDA:76,89,1,0
BRDA:76,90,0,0
BRDA:76,90,1,0
BRDA:76,91,0,0
BRDA:76,91,1,0
BRDA:79,92,0,0
BRDA:79,92,1,0
BRDA:79,93,0,0
BRDA:79,93,1,0
BRDA:79,94,0,0
BRDA:79,94,1,0
BRDA:79,95,0,0
BRDA:79,95,1,0
BRDA:79,96,0,0
BRDA:79,96,1,0
BRDA:79,97,0,0
BRDA:79,97,1,0
BRDA:82,98,0,0
BRDA:82,98,1,0
BRDA:82,99,0,0
BRDA:82,99,1,0
BRDA:82,100,0,0
BRDA:82,100,1,0
BRDA:82,101,0,0
BRDA:82,101,1,0
BRDA:82,102,0,0
BRDA:82,102,1,0
BRDA:82,103,0,0
BRDA:82,103,1,0
BRDA:85,104,0,0
BRDA:85,104,1,0
BRDA:85,105,0,0
BRDA:85,105,1,0
BRDA:85,106,0,0
BRDA:85,106,1,0
BRDA:85,107,0,0
BRDA:85,107,1,0
BRDA:85,108,0,0
BRDA:85,108,1,0
BRDA:85,109,0,0
BRDA:85,109,1,0
BRDA:88,110,0,0
BRDA:88,110,1,0
BRDA:88,111,0,0
BRDA:88,111,1,0
BRDA:88,112,0,0
BRDA:88,112,1,0
BRDA:88,113,0,0
BRDA:88,113,1,0
BRDA:88,114,0,0
BRDA:88,114,1,0
BRDA:88,115,0,0
BRDA:88,115,1,0
BRDA:91,116,0,0
BRDA:91,116,1,0
BRDA:91,117,0,0
BRDA:91,117,1,0
BRDA:91,118,0,0
BRDA:91,118,1,0
BRDA:91,119,0,0
BRDA:91,119,1,0
BRDA:91,120,0,0
BRDA:91,120,1,0
BRDA:91,121,0,0
BRDA:91,121,1,0
BRDA:103,122,0,0
BRDA:103,122,1,0
BRDA:126,123,0,0
BRDA:126,123,1,0
BRDA:126,123,2,0
BRDA:126,123,3,0
BRDA:126,123,4,0
BRDA:126,123,5,0
BRDA:127,124,0,0
BRDA:127,124,1,0
BRDA:127,125,0,0
BRDA:127,125,1,0
BRDA:127,126,0,0
BRDA:127,126,1,0
BRDA:127,127,0,0
BRDA:127,127,1,0
BRDA:127,128,0,0
BRDA:127,128,1,0
BRDA:127,129,0,0
BRDA:127,129,1,0
BRDA:130,130,0,0
BRDA:130,130,1,0
BRDA:130,131,0,0
BRDA:130,131,1,0
BRDA:130,132,0,0
BRDA:130,132,1,0
BRDA:130,133,0,0
BRDA:130,133,1,0
BRDA:130,134,0,0
BRDA:130,134,1,0
BRDA:130,135,0,0
BRDA:130,135,1,0
BRDA:133,136,0,0
BRDA:133,136,1,0
BRDA:133,137,0,0
BRDA:133,137,1,0
BRDA:133,138,0,0
BRDA:133,138,1,0
BRDA:133,139,0,0
BRDA:133,139,1,0
BRDA:133,140,0,0
BRDA:133,140,1,0
BRDA:133,141,0,0
BRDA:133,141,1,0
BRDA:136,142,0,0
BRDA:136,142,1,0
BRDA:136,143,0,0
BRDA:136,143,1,0
BRDA:136,144,0,0
BRDA:136,144,1,0
BRDA:136,145,0,0
BRDA:136,145,1,0
BRDA:136,146,0,0
BRDA:136,146,1,0
BRDA:136,147,0,0
BRDA:136,147,1,0
BRDA:139,148,0,0
BRDA:139,148,1,0
BRDA:139,149,0,0
BRDA:139,149,1,0
BRDA:139,150,0,0
BRDA:139,150,1,0
BRDA:139,151,0,0
BRDA:139,151,1,0
BRDA:139,152,0,0
BRDA:139,152,1,0
BRDA:139,153,0,0
BRDA:139,153,1,0
BRDA:142,154,0,0
BRDA:142,154,1,0
BRDA:142,155,0,0
BRDA:142,155,1,0
BRDA:142,156,0,0
BRDA:142,156,1,0
BRDA:142,157,0,0
BRDA:142,157,1,0
BRDA:142,158,0,0
BRDA:142,158,1,0
BRDA:142,159,0,0
BRDA:142,159,1,0
BRDA:145,160,0,0
BRDA:145,160,1,0
BRDA:145,161,0,0
BRDA:145,161,1,0
BRDA:145,162,0,0
BRDA:145,162,1,0
BRDA:145,163,0,0
BRDA:145,163,1,0
BRDA:145,164,0,0
BRDA:145,164,1,0
BRDA:145,165,0,0
BRDA:145,165,1,0
BRDA:148,166,0,0
BRDA:148,166,1,0
BRDA:148,167,0,0
BRDA:148,167,1,0
BRDA:148,168,0,0
BRDA:148,168,1,0
BRDA:148,169,0,0
BRDA:148,169,1,0
BRDA:148,170,0,0
BRDA:148,170,1,0
BRDA:148,171,0,0
BRDA:148,171,1,0
BRDA:151,172,0,0
BRDA:151,172,1,0
BRDA:151,173,0,0
BRDA:151,173,1,0
BRDA:151,174,0,0
BRDA:151,174,1,0
BRDA:151,175,0,0
BRDA:151,175,1,0
BRDA:151,176,0,0
BRDA:151,176,1,0
BRDA:151,177,0,0
BRDA:151,177,1,0
BRDA:154,178,0,0
BRDA:154,178,1,0
BRDA:154,179,0,0
BRDA:154,179,1,0
BRDA:154,180,0,0
BRDA:154,180,1,0
BRDA:154,181,0,0
BRDA:154,181,1,0
BRDA:154,182,0,0
BRDA:154,182,1,0
BRDA:154,183,0,0
BRDA:154,183,1,0
BRDA:166,184,0,0
BRDA:166,184,1,0
BRF:382
BRH:76
end_of_record
TN:
SF:src\RegExPerform.ts
FN:14,GenericRegexNonMedia
FN:66,GenericRegexNonMediaCustomClass
FN:128,GenericRegexMedia
FNF:3
FNH:3
FNDA:1611,GenericRegexNonMedia
FNDA:1388,GenericRegexNonMediaCustomClass
FNDA:1253,GenericRegexMedia
DA:6,1
DA:12,1
DA:14,1
DA:19,1611
DA:20,1611
DA:22,1611
DA:23,340
DA:24,340
DA:25,340
DA:26,340
DA:27,340
DA:28,340
DA:29,340
DA:30,340
DA:31,340
DA:32,340
DA:33,340
DA:34,340
DA:35,340
DA:36,340
DA:37,340
DA:38,340
DA:39,340
DA:41,340
DA:43,282
DA:63,1553
DA:66,1
DA:71,1388
DA:73,1388
DA:74,1388
DA:75,1388
DA:76,1388
DA:78,1388
DA:79,225
DA:80,225
DA:81,225
DA:82,225
DA:83,225
DA:84,225
DA:85,225
DA:86,225
DA:87,225
DA:88,225
DA:89,225
DA:90,225
DA:91,225
DA:92,225
DA:93,225
DA:94,225
DA:95,225
DA:96,225
DA:98,225
DA:100,7
DA:125,1170
DA:128,1
DA:133,1253
DA:134,1253
DA:143,1253
DA:144,230
DA:145,230
DA:146,230
DA:147,230
DA:148,230
DA:149,230
DA:150,230
DA:151,230
DA:152,230
DA:153,230
DA:154,230
DA:155,230
DA:156,230
DA:157,230
DA:158,230
DA:159,230
DA:161,230
DA:163,27
DA:183,1050
LF:77
LH:77
BRDA:41,0,0,58
BRDA:41,1,0,340
BRDA:41,1,1,300
BRDA:71,2,0,0
BRDA:98,3,0,218
BRDA:161,4,0,203
BRDA:161,5,0,230
BRDA:161,5,1,27
BRF:8
BRH:7
end_of_record
TN:
SF:src\RegExp\RegExDefinitions.ts
FN:23,RegenerateRegExExpressions
FNF:1
FNH:1
FNDA:85,RegenerateRegExExpressions
DA:1,1
DA:2,1
DA:3,1
DA:5,1
DA:7,1
DA:8,1
DA:10,1
DA:11,1
DA:13,1
DA:15,1
DA:16,1
DA:18,1
DA:19,1
DA:21,1
DA:23,1
DA:24,85
DA:41,85
DA:49,85
DA:61,85
DA:67,85
DA:75,85
DA:88,85
DA:99,85
DA:107,85
DA:118,85
DA:129,85
DA:139,85
LF:27
LH:27
BRDA:25,0,0,0
BRDA:25,0,1,85
BRDA:25,1,0,85
BRDA:25,1,1,85
BRDA:25,2,0,85
BRDA:25,2,1,0
BRDA:25,3,0,85
BRDA:25,3,1,85
BRDA:25,4,0,85
BRDA:25,4,1,0
BRDA:25,5,0,85
BRDA:25,5,1,85
BRDA:28,6,0,0
BRDA:28,6,1,85
BRDA:28,7,0,85
BRDA:28,7,1,85
BRDA:28,8,0,85
BRDA:28,8,1,0
BRDA:28,9,0,85
BRDA:28,9,1,85
BRDA:28,10,0,85
BRDA:28,10,1,0
BRDA:28,11,0,85
BRDA:28,11,1,85
BRDA:31,12,0,0
BRDA:31,12,1,85
BRDA:31,13,0,85
BRDA:31,13,1,85
BRDA:31,14,0,85
BRDA:31,14,1,0
BRDA:31,15,0,85
BRDA:31,15,1,85
BRDA:31,16,0,85
BRDA:31,16,1,0
BRDA:31,17,0,85
BRDA:31,17,1,85
BRDA:34,18,0,0
BRDA:34,18,1,85
BRDA:34,19,0,85
BRDA:34,19,1,85
BRDA:34,20,0,85
BRDA:34,20,1,0
BRDA:34,21,0,85
BRDA:34,21,1,85
BRDA:34,22,0,85
BRDA:34,22,1,0
BRDA:34,23,0,85
BRDA:34,23,1,85
BRDA:37,24,0,0
BRDA:37,24,1,85
BRDA:37,25,0,85
BRDA:37,25,1,85
BRDA:37,26,0,85
BRDA:37,26,1,0
BRDA:37,27,0,85
BRDA:37,27,1,85
BRDA:37,28,0,85
BRDA:37,28,1,0
BRDA:37,29,0,85
BRDA:37,29,1,85
BRDA:42,30,0,0
BRDA:42,30,1,85
BRDA:42,31,0,85
BRDA:42,31,1,85
BRDA:42,32,0,85
BRDA:42,32,1,0
BRDA:42,33,0,85
BRDA:42,33,1,85
BRDA:42,34,0,85
BRDA:42,34,1,0
BRDA:42,35,0,85
BRDA:42,35,1,85
BRDA:43,36,0,0
BRDA:43,36,1,85
BRDA:43,37,0,85
BRDA:43,37,1,85
BRDA:43,38,0,85
BRDA:43,38,1,0
BRDA:43,39,0,85
BRDA:43,39,1,85
BRDA:43,40,0,85
BRDA:43,40,1,0
BRDA:43,41,0,85
BRDA:43,41,1,85
BRDA:44,42,0,0
BRDA:44,42,1,85
BRDA:44,43,0,85
BRDA:44,43,1,85
BRDA:44,44,0,85
BRDA:44,44,1,0
BRDA:44,45,0,85
BRDA:44,45,1,85
BRDA:44,46,0,85
BRDA:44,46,1,0
BRDA:44,47,0,85
BRDA:44,47,1,85
BRDA:45,48,0,0
BRDA:45,48,1,85
BRDA:45,49,0,85
BRDA:45,49,1,85
BRDA:45,50,0,85
BRDA:45,50,1,0
BRDA:45,51,0,85
BRDA:45,51,1,85
BRDA:45,52,0,85
BRDA:45,52,1,0
BRDA:45,53,0,85
BRDA:45,53,1,85
BRDA:46,54,0,0
BRDA:46,54,1,85
BRDA:46,55,0,85
BRDA:46,55,1,85
BRDA:46,56,0,85
BRDA:46,56,1,0
BRDA:46,57,0,85
BRDA:46,57,1,85
BRDA:46,58,0,85
BRDA:46,58,1,0
BRDA:46,59,0,85
BRDA:46,59,1,85
BRDA:47,60,0,0
BRDA:47,60,1,85
BRDA:47,61,0,85
BRDA:47,61,1,85
BRDA:47,62,0,85
BRDA:47,62,1,0
BRDA:47,63,0,85
BRDA:47,63,1,85
BRDA:47,64,0,85
BRDA:47,64,1,0
BRDA:47,65,0,85
BRDA:47,65,1,85
BRDA:49,66,0,0
BRDA:49,66,1,85
BRDA:49,67,0,85
BRDA:49,67,1,85
BRDA:49,68,0,85
BRDA:49,68,1,0
BRDA:49,69,0,85
BRDA:49,69,1,85
BRDA:49,70,0,85
BRDA:49,70,1,0
BRDA:49,71,0,85
BRDA:49,71,1,85
BRDA:50,72,0,0
BRDA:50,72,1,85
BRDA:50,73,0,85
BRDA:50,73,1,85
BRDA:50,74,0,85
BRDA:50,74,1,0
BRDA:50,75,0,85
BRDA:50,75,1,85
BRDA:50,76,0,85
BRDA:50,76,1,0
BRDA:50,77,0,85
BRDA:50,77,1,85
BRDA:51,78,0,0
BRDA:51,78,1,85
BRDA:51,79,0,85
BRDA:51,79,1,85
BRDA:51,80,0,85
BRDA:51,80,1,0
BRDA:51,81,0,85
BRDA:51,81,1,85
BRDA:51,82,0,85
BRDA:51,82,1,0
BRDA:51,83,0,85
BRDA:51,83,1,85
BRDA:52,84,0,0
BRDA:52,84,1,85
BRDA:52,85,0,85
BRDA:52,85,1,85
BRDA:52,86,0,85
BRDA:52,86,1,0
BRDA:52,87,0,85
BRDA:52,87,1,85
BRDA:52,88,0,85
BRDA:52,88,1,0
BRDA:52,89,0,85
BRDA:52,89,1,85
BRDA:53,90,0,0
BRDA:53,90,1,85
BRDA:53,91,0,85
BRDA:53,91,1,85
BRDA:53,92,0,85
BRDA:53,92,1,0
BRDA:53,93,0,85
BRDA:53,93,1,85
BRDA:53,94,0,85
BRDA:53,94,1,0
BRDA:53,95,0,85
BRDA:53,95,1,85
BRDA:54,96,0,0
BRDA:54,96,1,85
BRDA:54,97,0,85
BRDA:54,97,1,85
BRDA:54,98,0,85
BRDA:54,98,1,0
BRDA:54,99,0,85
BRDA:54,99,1,85
BRDA:54,100,0,85
BRDA:54,100,1,0
BRDA:54,101,0,85
BRDA:54,101,1,85
BRDA:55,102,0,0
BRDA:55,102,1,85
BRDA:55,103,0,85
BRDA:55,103,1,85
BRDA:55,104,0,85
BRDA:55,104,1,0
BRDA:55,105,0,85
BRDA:55,105,1,85
BRDA:55,106,0,85
BRDA:55,106,1,0
BRDA:55,107,0,85
BRDA:55,107,1,85
BRDA:56,108,0,0
BRDA:56,108,1,85
BRDA:56,109,0,85
BRDA:56,109,1,85
BRDA:56,110,0,85
BRDA:56,110,1,0
BRDA:56,111,0,85
BRDA:56,111,1,85
BRDA:56,112,0,85
BRDA:56,112,1,0
BRDA:56,113,0,85
BRDA:56,113,1,85
BRDA:57,114,0,0
BRDA:57,114,1,85
BRDA:57,115,0,85
BRDA:57,115,1,85
BRDA:57,116,0,85
BRDA:57,116,1,0
BRDA:57,117,0,85
BRDA:57,117,1,85
BRDA:57,118,0,85
BRDA:57,118,1,0
BRDA:57,119,0,85
BRDA:57,119,1,85
BRDA:58,120,0,0
BRDA:58,120,1,85
BRDA:58,121,0,85
BRDA:58,121,1,85
BRDA:58,122,0,85
BRDA:58,122,1,0
BRDA:58,123,0,85
BRDA:58,123,1,85
BRDA:58,124,0,85
BRDA:58,124,1,0
BRDA:58,125,0,85
BRDA:58,125,1,85
BRF:252
BRH:189
end_of_record
TN:
SF:src\Snapping\MediaBreakpoints.ts
FNF:0
FNH:0
DA:13,1
DA:21,1
LF:2
LH:2
BRF:0
BRH:0
end_of_record
TN:
SF:src\Snapping\PerformSnap.ts
FN:21,PerformSnap
FNF:1
FNH:1
FNDA:2555,PerformSnap
DA:1,1
DA:19,1
DA:21,1
DA:22,2555
DA:26,2555
DA:32,116
DA:35,2439
DA:39,1281
DA:41,22
DA:43,22
DA:46,0
DA:48,0
DA:51,0
DA:53,0
DA:56,0
DA:58,0
DA:61,7
DA:63,7
DA:66,0
DA:68,0
DA:71,0
DA:73,0
DA:76,0
DA:78,0
DA:81,0
DA:83,0
DA:86,0
DA:88,0
DA:91,0
DA:93,0
DA:96,0
DA:98,0
DA:101,0
DA:103,0
DA:106,0
DA:108,0
DA:111,0
DA:113,0
DA:116,0
DA:118,0
DA:121,1252
DA:122,1252
DA:124,1281
DA:126,176
DA:128,0
DA:129,0
DA:132,26
DA:133,26
DA:136,0
DA:137,0
DA:140,0
DA:141,0
DA:144,0
DA:145,0
DA:148,0
DA:149,0
DA:152,150
DA:153,150
DA:155,176
DA:161,104
DA:163,3
DA:164,3
DA:167,2
DA:168,2
DA:171,2
DA:172,2
DA:175,2
DA:176,2
DA:179,2
DA:180,2
DA:183,2
DA:184,2
DA:187,91
DA:188,91
DA:190,104
DA:192,7
DA:194,0
DA:195,0
DA:198,0
DA:199,0
DA:202,1
DA:203,1
DA:206,0
DA:207,0
DA:210,0
DA:211,0
DA:214,0
DA:215,0
DA:218,6
DA:219,6
DA:221,7
DA:223,147
DA:225,0
DA:226,0
DA:229,0
DA:230,0
DA:233,0
DA:234,0
DA:237,0
DA:238,0
DA:241,9
DA:242,9
DA:245,0
DA:246,0
DA:249,138
DA:250,138
DA:252,147
DA:254,258
DA:256,9
DA:257,9
DA:260,3
DA:261,3
DA:264,4
DA:265,4
DA:268,14
DA:269,14
DA:272,11
DA:273,11
DA:276,3
DA:277,3
DA:280,214
DA:281,214
DA:283,258
DA:289,0
DA:291,0
DA:292,0
DA:295,0
DA:296,0
DA:299,0
DA:300,0
DA:303,0
DA:304,0
DA:307,0
DA:308,0
DA:311,0
DA:312,0
DA:315,0
DA:316,0
DA:318,0
DA:321,161
DA:323,3
DA:324,3
DA:327,3
DA:328,3
DA:331,3
DA:332,3
DA:335,3
DA:336,3
DA:339,8
DA:340,8
DA:343,3
DA:344,3
DA:347,138
DA:348,138
DA:350,161
DA:353,74
DA:355,0
DA:356,0
DA:359,0
DA:360,0
DA:363,6
DA:364,6
DA:367,0
DA:368,0
DA:371,0
DA:372,0
DA:375,0
DA:376,0
DA:379,68
DA:380,68
DA:382,74
DA:385,63
DA:387,3
DA:388,3
DA:391,3
DA:392,3
DA:395,0
DA:396,0
DA:399,0
DA:400,0
DA:403,3
DA:404,3
DA:407,0
DA:408,0
DA:411,54
DA:412,54
DA:414,63
DA:416,168
DA:417,168
DA:420,2439
LF:190
LH:100
BRDA:26,0,0,116
BRDA:27,1,0,2555
BRDA:27,1,1,2445
BRDA:27,1,2,2445
BRDA:27,1,3,2439
BRDA:27,2,0,2056
BRDA:27,2,1,499
BRDA:27,3,0,2555
BRDA:27,3,1,2555
BRDA:28,4,0,2056
BRDA:28,4,1,389
BRDA:28,5,0,2445
BRDA:28,5,1,2445
BRDA:29,6,0,2056
BRDA:29,6,1,389
BRDA:29,7,0,2445
BRDA:29,7,1,2445
BRDA:30,8,0,2056
BRDA:30,8,1,383
BRDA:30,9,0,2439
BRDA:30,9,1,2439
BRDA:35,10,0,679
BRDA:35,10,1,700
BRDA:35,10,2,1281
BRDA:35,10,3,176
BRDA:35,10,4,0
BRDA:35,10,5,0
BRDA:35,10,6,0
BRDA:35,10,7,0
BRDA:35,10,8,104
BRDA:35,10,9,7
BRDA:35,10,10,147
BRDA:35,10,11,258
BRDA:35,10,12,0
BRDA:35,10,13,0
BRDA:35,10,14,0
BRDA:35,10,15,0
BRDA:35,10,16,0
BRDA:35,10,17,161
BRDA:35,10,18,74
BRDA:35,10,19,63
BRDA:35,10,20,168
BRDA:39,11,0,22
BRDA:39,11,1,0
BRDA:39,11,2,0
BRDA:39,11,3,0
BRDA:39,11,4,7
BRDA:39,11,5,0
BRDA:39,11,6,0
BRDA:39,11,7,0
BRDA:39,11,8,0
BRDA:39,11,9,0
BRDA:39,11,10,0
BRDA:39,11,11,0
BRDA:39,11,12,0
BRDA:39,11,13,0
BRDA:39,11,14,0
BRDA:39,11,15,0
BRDA:39,11,16,1252
BRDA:40,12,0,0
BRDA:40,12,1,1281
BRDA:40,13,0,1281
BRDA:40,13,1,1281
BRDA:40,14,0,1281
BRDA:40,14,1,0
BRDA:40,15,0,1281
BRDA:40,15,1,1281
BRDA:40,16,0,1281
BRDA:40,16,1,0
BRDA:40,17,0,1281
BRDA:40,17,1,1281
BRDA:42,18,0,0
BRDA:42,18,1,22
BRDA:42,19,0,22
BRDA:42,19,1,22
BRDA:42,20,0,22
BRDA:42,20,1,0
BRDA:42,21,0,22
BRDA:42,21,1,22
BRDA:42,22,0,22
BRDA:42,22,1,0
BRDA:42,23,0,22
BRDA:42,23,1,22
BRDA:45,24,0,0
BRDA:45,24,1,1259
BRDA:45,25,0,1259
BRDA:45,25,1,1259
BRDA:45,26,0,1259
BRDA:45,26,1,0
BRDA:45,27,0,1259
BRDA:45,27,1,1259
BRDA:45,28,0,1259
BRDA:45,28,1,0
BRDA:45,29,0,1259
BRDA:45,29,1,1259
BRDA:47,30,0,0
BRDA:47,30,1,0
BRDA:47,31,0,0
BRDA:47,31,1,0
BRDA:47,32,0,0
BRDA:47,32,1,0
BRDA:47,33,0,0
BRDA:47,33,1,0
BRDA:47,34,0,0
BRDA:47,34,1,0
BRDA:47,35,0,0
BRDA:47,35,1,0
BRDA:50,36,0,0
BRDA:50,36,1,1259
BRDA:50,37,0,1259
BRDA:50,37,1,1259
BRDA:50,38,0,1259
BRDA:50,38,1,0
BRDA:50,39,0,1259
BRDA:50,39,1,1259
BRDA:50,40,0,1259
BRDA:50,40,1,0
BRDA:50,41,0,1259
BRDA:50,41,1,1259
BRDA:52,42,0,0
BRDA:52,42,1,0
BRDA:52,43,0,0
BRDA:52,43,1,0
BRDA:52,44,0,0
BRDA:52,44,1,0
BRDA:52,45,0,0
BRDA:52,45,1,0
BRDA:52,46,0,0
BRDA:52,46,1,0
BRDA:52,47,0,0
BRDA:52,47,1,0
BRDA:55,48,0,0
BRDA:55,48,1,1259
BRDA:55,49,0,1259
BRDA:55,49,1,1259
BRDA:55,50,0,1259
BRDA:55,50,1,0
BRDA:55,51,0,1259
BRDA:55,51,1,1259
BRDA:55,52,0,1259
BRDA:55,52,1,0
BRDA:55,53,0,1259
BRDA:55,53,1,1259
BRDA:57,54,0,0
BRDA:57,54,1,0
BRDA:57,55,0,0
BRDA:57,55,1,0
BRDA:57,56,0,0
BRDA:57,56,1,0
BRDA:57,57,0,0
BRDA:57,57,1,0
BRDA:57,58,0,0
BRDA:57,58,1,0
BRDA:57,59,0,0
BRDA:57,59,1,0
BRDA:60,60,0,0
BRDA:60,60,1,1259
BRDA:60,61,0,1259
BRDA:60,61,1,1259
BRDA:60,62,0,1259
BRDA:60,62,1,0
BRDA:60,63,0,1259
BRDA:60,63,1,1259
BRDA:60,64,0,1259
BRDA:60,64,1,0
BRDA:60,65,0,1259
BRDA:60,65,1,1259
BRDA:62,66,0,0
BRDA:62,66,1,7
BRDA:62,67,0,7
BRDA:62,67,1,7
BRDA:62,68,0,7
BRDA:62,68,1,0
BRDA:62,69,0,7
BRDA:62,69,1,7
BRDA:62,70,0,7
BRDA:62,70,1,0
BRDA:62,71,0,7
BRDA:62,71,1,7
BRDA:65,72,0,0
BRDA:65,72,1,1252
BRDA:65,73,0,1252
BRDA:65,73,1,1252
BRDA:65,74,0,1252
BRDA:65,74,1,0
BRDA:65,75,0,1252
BRDA:65,75,1,1252
BRDA:65,76,0,1252
BRDA:65,76,1,0
BRDA:65,77,0,1252
BRDA:65,77,1,1252
BRDA:67,78,0,0
BRDA:67,78,1,0
BRDA:67,79,0,0
BRDA:67,79,1,0
BRDA:67,80,0,0
BRDA:67,80,1,0
BRDA:67,81,0,0
BRDA:67,81,1,0
BRDA:67,82,0,0
BRDA:67,82,1,0
BRDA:67,83,0,0
BRDA:67,83,1,0
BRDA:70,84,0,0
BRDA:70,84,1,1252
BRDA:70,85,0,1252
BRDA:70,85,1,1252
BRDA:70,86,0,1252
BRDA:70,86,1,0
BRDA:70,87,0,1252
BRDA:70,87,1,1252
BRDA:70,88,0,1252
BRDA:70,88,1,0
BRDA:70,89,0,1252
BRDA:70,89,1,1252
BRDA:72,90,0,0
BRDA:72,90,1,0
BRDA:72,91,0,0
BRDA:72,91,1,0
BRDA:72,92,0,0
BRDA:72,92,1,0
BRDA:72,93,0,0
BRDA:72,93,1,0
BRDA:72,94,0,0
BRDA:72,94,1,0
BRDA:72,95,0,0
BRDA:72,95,1,0
BRDA:75,96,0,0
BRDA:75,96,1,1252
BRDA:75,97,0,1252
BRDA:75,97,1,1252
BRDA:75,98,0,1252
BRDA:75,98,1,0
BRDA:75,99,0,1252
BRDA:75,99,1,1252
BRDA:75,100,0,1252
BRDA:75,100,1,0
BRDA:75,101,0,1252
BRDA:75,101,1,1252
BRDA:77,102,0,0
BRDA:77,102,1,0
BRDA:77,103,0,0
BRDA:77,103,1,0
BRDA:77,104,0,0
BRDA:77,104,1,0
BRDA:77,105,0,0
BRDA:77,105,1,0
BRDA:77,106,0,0
BRDA:77,106,1,0
BRDA:77,107,0,0
BRDA:77,107,1,0
BRDA:80,108,0,0
BRDA:80,108,1,1252
BRDA:80,109,0,1252
BRDA:80,109,1,1252
BRDA:80,110,0,1252
BRDA:80,110,1,0
BRDA:80,111,0,1252
BRDA:80,111,1,1252
BRDA:80,112,0,1252
BRDA:80,112,1,0
BRDA:80,113,0,1252
BRDA:80,113,1,1252
BRDA:82,114,0,0
BRDA:82,114,1,0
BRDA:82,115,0,0
BRDA:82,115,1,0
BRDA:82,116,0,0
BRDA:82,116,1,0
BRDA:82,117,0,0
BRDA:82,117,1,0
BRDA:82,118,0,0
BRDA:82,118,1,0
BRDA:82,119,0,0
BRDA:82,119,1,0
BRDA:85,120,0,0
BRDA:85,120,1,1252
BRDA:85,121,0,1252
BRDA:85,121,1,1252
BRDA:85,122,0,1252
BRDA:85,122,1,0
BRDA:85,123,0,1252
BRDA:85,123,1,1252
BRDA:85,124,0,1252
BRDA:85,124,1,0
BRDA:85,125,0,1252
BRDA:85,125,1,1252
BRDA:87,126,0,0
BRDA:87,126,1,0
BRDA:87,127,0,0
BRDA:87,127,1,0
BRDA:87,128,0,0
BRDA:87,128,1,0
BRDA:87,129,0,0
BRDA:87,129,1,0
BRDA:87,130,0,0
BRDA:87,130,1,0
BRDA:87,131,0,0
BRDA:87,131,1,0
BRDA:90,132,0,0
BRDA:90,132,1,1252
BRDA:90,133,0,1252
BRDA:90,133,1,1252
BRDA:90,134,0,1252
BRDA:90,134,1,0
BRDA:90,135,0,1252
BRDA:90,135,1,1252
BRDA:90,136,0,1252
BRDA:90,136,1,0
BRDA:90,137,0,1252
BRDA:90,137,1,1252
BRDA:92,138,0,0
BRDA:92,138,1,0
BRDA:92,139,0,0
BRDA:92,139,1,0
BRDA:92,140,0,0
BRDA:92,140,1,0
BRDA:92,141,0,0
BRDA:92,141,1,0
BRDA:92,142,0,0
BRDA:92,142,1,0
BRDA:92,143,0,0
BRDA:92,143,1,0
BRDA:95,144,0,0
BRDA:95,144,1,1252
BRDA:95,145,0,1252
BRDA:95,145,1,1252
BRDA:95,146,0,1252
BRDA:95,146,1,0
BRDA:95,147,0,1252
BRDA:95,147,1,1252
BRDA:95,148,0,1252
BRDA:95,148,1,0
BRDA:95,149,0,1252
BRDA:95,149,1,1252
BRDA:97,150,0,0
BRDA:97,150,1,0
BRDA:97,151,0,0
BRDA:97,151,1,0
BRDA:97,152,0,0
BRDA:97,152,1,0
BRDA:97,153,0,0
BRDA:97,153,1,0
BRDA:97,154,0,0
BRDA:97,154,1,0
BRDA:97,155,0,0
BRDA:97,155,1,0
BRDA:100,156,0,0
BRDA:100,156,1,1252
BRDA:100,157,0,1252
BRDA:100,157,1,1252
BRDA:100,158,0,1252
BRDA:100,158,1,0
BRDA:100,159,0,1252
BRDA:100,159,1,1252
BRDA:100,160,0,1252
BRDA:100,160,1,0
BRDA:100,161,0,1252
BRDA:100,161,1,1252
BRDA:102,162,0,0
BRDA:102,162,1,0
BRDA:102,163,0,0
BRDA:102,163,1,0
BRDA:102,164,0,0
BRDA:102,164,1,0
BRDA:102,165,0,0
BRDA:102,165,1,0
BRDA:102,166,0,0
BRDA:102,166,1,0
BRDA:102,167,0,0
BRDA:102,167,1,0
BRDA:105,168,0,0
BRDA:105,168,1,1252
BRDA:105,169,0,1252
BRDA:105,169,1,1252
BRDA:105,170,0,1252
BRDA:105,170,1,0
BRDA:105,171,0,1252
BRDA:105,171,1,1252
BRDA:105,172,0,1252
BRDA:105,172,1,0
BRDA:105,173,0,1252
BRDA:105,173,1,1252
BRDA:107,174,0,0
BRDA:107,174,1,0
BRDA:107,175,0,0
BRDA:107,175,1,0
BRDA:107,176,0,0
BRDA:107,176,1,0
BRDA:107,177,0,0
BRDA:107,177,1,0
BRDA:107,178,0,0
BRDA:107,178,1,0
BRDA:107,179,0,0
BRDA:107,179,1,0
BRDA:110,180,0,0
BRDA:110,180,1,1252
BRDA:110,181,0,1252
BRDA:110,181,1,1252
BRDA:110,182,0,1252
BRDA:110,182,1,0
BRDA:110,183,0,1252
BRDA:110,183,1,1252
BRDA:110,184,0,1252
BRDA:110,184,1,0
BRDA:110,185,0,1252
BRDA:110,185,1,1252
BRDA:112,186,0,0
BRDA:112,186,1,0
BRDA:112,187,0,0
BRDA:112,187,1,0
BRDA:112,188,0,0
BRDA:112,188,1,0
BRDA:112,189,0,0
BRDA:112,189,1,0
BRDA:112,190,0,0
BRDA:112,190,1,0
BRDA:112,191,0,0
BRDA:112,191,1,0
BRDA:115,192,0,0
BRDA:115,192,1,1252
BRDA:115,193,0,1252
BRDA:115,193,1,1252
BRDA:115,194,0,1252
BRDA:115,194,1,0
BRDA:115,195,0,1252
BRDA:115,195,1,1252
BRDA:115,196,0,1252
BRDA:115,196,1,0
BRDA:115,197,0,1252
BRDA:115,197,1,1252
BRDA:117,198,0,0
BRDA:117,198,1,0
BRDA:117,199,0,0
BRDA:117,199,1,0
BRDA:117,200,0,0
BRDA:117,200,1,0
BRDA:117,201,0,0
BRDA:117,201,1,0
BRDA:117,202,0,0
BRDA:117,202,1,0
BRDA:117,203,0,0
BRDA:117,203,1,0
BRDA:126,204,0,0
BRDA:126,204,1,26
BRDA:126,204,2,0
BRDA:126,204,3,0
BRDA:126,204,4,0
BRDA:126,204,5,0
BRDA:126,204,6,150
BRDA:127,205,0,0
BRDA:127,205,1,176
BRDA:127,206,0,176
BRDA:127,206,1,176
BRDA:127,207,0,176
BRDA:127,207,1,0
BRDA:127,208,0,176
BRDA:127,208,1,176
BRDA:127,209,0,176
BRDA:127,209,1,0
BRDA:127,210,0,176
BRDA:127,210,1,176
BRDA:128,211,0,0
BRDA:128,211,1,0
BRDA:128,212,0,0
BRDA:128,212,1,0
BRDA:128,213,0,0
BRDA:128,213,1,0
BRDA:128,214,0,0
BRDA:128,214,1,0
BRDA:128,215,0,0
BRDA:128,215,1,0
BRDA:128,216,0,0
BRDA:128,216,1,0
BRDA:131,217,0,0
BRDA:131,217,1,176
BRDA:131,218,0,176
BRDA:131,218,1,176
BRDA:131,219,0,176
BRDA:131,219,1,0
BRDA:131,220,0,176
BRDA:131,220,1,176
BRDA:131,221,0,176
BRDA:131,221,1,0
BRDA:131,222,0,176
BRDA:131,222,1,176
BRDA:132,223,0,0
BRDA:132,223,1,26
BRDA:132,224,0,26
BRDA:132,224,1,26
BRDA:132,225,0,26
BRDA:132,225,1,0
BRDA:132,226,0,26
BRDA:132,226,1,26
BRDA:132,227,0,26
BRDA:132,227,1,0
BRDA:132,228,0,26
BRDA:132,228,1,26
BRDA:135,229,0,0
BRDA:135,229,1,150
BRDA:135,230,0,150
BRDA:135,230,1,150
BRDA:135,231,0,150
BRDA:135,231,1,0
BRDA:135,232,0,150
BRDA:135,232,1,150
BRDA:135,233,0,150
BRDA:135,233,1,0
BRDA:135,234,0,150
BRDA:135,234,1,150
BRDA:136,235,0,0
BRDA:136,235,1,0
BRDA:136,236,0,0
BRDA:136,236,1,0
BRDA:136,237,0,0
BRDA:136,237,1,0
BRDA:136,238,0,0
BRDA:136,238,1,0
BRDA:136,239,0,0
BRDA:136,239,1,0
BRDA:136,240,0,0
BRDA:136,240,1,0
BRDA:139,241,0,0
BRDA:139,241,1,150
BRDA:139,242,0,150
BRDA:139,242,1,150
BRDA:139,243,0,150
BRDA:139,243,1,0
BRDA:139,244,0,150
BRDA:139,244,1,150
BRDA:139,245,0,150
BRDA:139,245,1,0
BRDA:139,246,0,150
BRDA:139,246,1,150
BRDA:140,247,0,0
BRDA:140,247,1,0
BRDA:140,248,0,0
BRDA:140,248,1,0
BRDA:140,249,0,0
BRDA:140,249,1,0
BRDA:140,250,0,0
BRDA:140,250,1,0
BRDA:140,251,0,0
BRDA:140,251,1,0
BRDA:140,252,0,0
BRDA:140,252,1,0
BRDA:143,253,0,0
BRDA:143,253,1,150
BRDA:143,254,0,150
BRDA:143,254,1,150
BRDA:143,255,0,150
BRDA:143,255,1,0
BRDA:143,256,0,150
BRDA:143,256,1,150
BRDA:143,257,0,150
BRDA:143,257,1,0
BRDA:143,258,0,150
BRDA:143,258,1,150
BRDA:144,259,0,0
BRDA:144,259,1,0
BRDA:144,260,0,0
BRDA:144,260,1,0
BRDA:144,261,0,0
BRDA:144,261,1,0
BRDA:144,262,0,0
BRDA:144,262,1,0
BRDA:144,263,0,0
BRDA:144,263,1,0
BRDA:144,264,0,0
BRDA:144,264,1,0
BRDA:147,265,0,0
BRDA:147,265,1,150
BRDA:147,266,0,150
BRDA:147,266,1,150
BRDA:147,267,0,150
BRDA:147,267,1,0
BRDA:147,268,0,150
BRDA:147,268,1,150
BRDA:147,269,0,150
BRDA:147,269,1,0
BRDA:147,270,0,150
BRDA:147,270,1,150
BRDA:148,271,0,0
BRDA:148,271,1,0
BRDA:148,272,0,0
BRDA:148,272,1,0
BRDA:148,273,0,0
BRDA:148,273,1,0
BRDA:148,274,0,0
BRDA:148,274,1,0
BRDA:148,275,0,0
BRDA:148,275,1,0
BRDA:148,276,0,0
BRDA:148,276,1,0
BRDA:161,277,0,3
BRDA:161,277,1,2
BRDA:161,277,2,2
BRDA:161,277,3,2
BRDA:161,277,4,2
BRDA:161,277,5,2
BRDA:161,277,6,91
BRDA:162,278,0,0
BRDA:162,278,1,104
BRDA:162,279,0,104
BRDA:162,279,1,104
BRDA:162,280,0,104
BRDA:162,280,1,0
BRDA:162,281,0,104
BRDA:162,281,1,104
BRDA:162,282,0,104
BRDA:162,282,1,0
BRDA:162,283,0,104
BRDA:162,283,1,104
BRDA:163,284,0,0
BRDA:163,284,1,3
BRDA:163,285,0,3
BRDA:163,285,1,3
BRDA:163,286,0,3
BRDA:163,286,1,0
BRDA:163,287,0,3
BRDA:163,287,1,3
BRDA:163,288,0,3
BRDA:163,288,1,0
BRDA:163,289,0,3
BRDA:163,289,1,3
BRDA:166,290,0,0
BRDA:166,290,1,101
BRDA:166,291,0,101
BRDA:166,291,1,101
BRDA:166,292,0,101
BRDA:166,292,1,0
BRDA:166,293,0,101
BRDA:166,293,1,101
BRDA:166,294,0,101
BRDA:166,294,1,0
BRDA:166,295,0,101
BRDA:166,295,1,101
BRDA:167,296,0,0
BRDA:167,296,1,2
BRDA:167,297,0,2
BRDA:167,297,1,2
BRDA:167,298,0,2
BRDA:167,298,1,0
BRDA:167,299,0,2
BRDA:167,299,1,2
BRDA:167,300,0,2
BRDA:167,300,1,0
BRDA:167,301,0,2
BRDA:167,301,1,2
BRDA:170,302,0,0
BRDA:170,302,1,99
BRDA:170,303,0,99
BRDA:170,303,1,99
BRDA:170,304,0,99
BRDA:170,304,1,0
BRDA:170,305,0,99
BRDA:170,305,1,99
BRDA:170,306,0,99
BRDA:170,306,1,0
BRDA:170,307,0,99
BRDA:170,307,1,99
BRDA:171,308,0,0
BRDA:171,308,1,2
BRDA:171,309,0,2
BRDA:171,309,1,2
BRDA:171,310,0,2
BRDA:171,310,1,0
BRDA:171,311,0,2
BRDA:171,311,1,2
BRDA:171,312,0,2
BRDA:171,312,1,0
BRDA:171,313,0,2
BRDA:171,313,1,2
BRDA:174,314,0,0
BRDA:174,314,1,97
BRDA:174,315,0,97
BRDA:174,315,1,97
BRDA:174,316,0,97
BRDA:174,316,1,0
BRDA:174,317,0,97
BRDA:174,317,1,97
BRDA:174,318,0,97
BRDA:174,318,1,0
BRDA:174,319,0,97
BRDA:174,319,1,97
BRDA:175,320,0,0
BRDA:175,320,1,2
BRDA:175,321,0,2
BRDA:175,321,1,2
BRDA:175,322,0,2
BRDA:175,322,1,0
BRDA:175,323,0,2
BRDA:175,323,1,2
BRDA:175,324,0,2
BRDA:175,324,1,0
BRDA:175,325,0,2
BRDA:175,325,1,2
BRDA:178,326,0,0
BRDA:178,326,1,95
BRDA:178,327,0,95
BRDA:178,327,1,95
BRDA:178,328,0,95
BRDA:178,328,1,0
BRDA:178,329,0,95
BRDA:178,329,1,95
BRDA:178,330,0,95
BRDA:178,330,1,0
BRDA:178,331,0,95
BRDA:178,331,1,95
BRDA:179,332,0,0
BRDA:179,332,1,2
BRDA:179,333,0,2
BRDA:179,333,1,2
BRDA:179,334,0,2
BRDA:179,334,1,0
BRDA:179,335,0,2
BRDA:179,335,1,2
BRDA:179,336,0,2
BRDA:179,336,1,0
BRDA:179,337,0,2
BRDA:179,337,1,2
BRDA:182,338,0,0
BRDA:182,338,1,93
BRDA:182,339,0,93
BRDA:182,339,1,93
BRDA:182,340,0,93
BRDA:182,340,1,0
BRDA:182,341,0,93
BRDA:182,341,1,93
BRDA:182,342,0,93
BRDA:182,342,1,0
BRDA:182,343,0,93
BRDA:182,343,1,93
BRDA:183,344,0,0
BRDA:183,344,1,2
BRDA:183,345,0,2
BRDA:183,345,1,2
BRDA:183,346,0,2
BRDA:183,346,1,0
BRDA:183,347,0,2
BRDA:183,347,1,2
BRDA:183,348,0,2
BRDA:183,348,1,0
BRDA:183,349,0,2
BRDA:183,349,1,2
BRDA:192,350,0,0
BRDA:192,350,1,0
BRDA:192,350,2,1
BRDA:192,350,3,0
BRDA:192,350,4,0
BRDA:192,350,5,0
BRDA:192,350,6,6
BRDA:193,351,0,0
BRDA:193,351,1,7
BRDA:193,352,0,7
BRDA:193,352,1,7
BRDA:193,353,0,7
BRDA:193,353,1,0
BRDA:193,354,0,7
BRDA:193,354,1,7
BRDA:193,355,0,7
BRDA:193,355,1,0
BRDA:193,356,0,7
BRDA:193,356,1,7
BRDA:194,357,0,0
BRDA:194,357,1,0
BRDA:194,358,0,0
BRDA:194,358,1,0
BRDA:194,359,0,0
BRDA:194,359,1,0
BRDA:194,360,0,0
BRDA:194,360,1,0
BRDA:194,361,0,0
BRDA:194,361,1,0
BRDA:194,362,0,0
BRDA:194,362,1,0
BRDA:197,363,0,0
BRDA:197,363,1,7
BRDA:197,364,0,7
BRDA:197,364,1,7
BRDA:197,365,0,7
BRDA:197,365,1,0
BRDA:197,366,0,7
BRDA:197,366,1,7
BRDA:197,367,0,7
BRDA:197,367,1,0
BRDA:197,368,0,7
BRDA:197,368,1,7
BRDA:198,369,0,0
BRDA:198,369,1,0
BRDA:198,370,0,0
BRDA:198,370,1,0
BRDA:198,371,0,0
BRDA:198,371,1,0
BRDA:198,372,0,0
BRDA:198,372,1,0
BRDA:198,373,0,0
BRDA:198,373,1,0
BRDA:198,374,0,0
BRDA:198,374,1,0
BRDA:201,375,0,0
BRDA:201,375,1,7
BRDA:201,376,0,7
BRDA:201,376,1,7
BRDA:201,377,0,7
BRDA:201,377,1,0
BRDA:201,378,0,7
BRDA:201,378,1,7
BRDA:201,379,0,7
BRDA:201,379,1,0
BRDA:201,380,0,7
BRDA:201,380,1,7
BRDA:202,381,0,0
BRDA:202,381,1,1
BRDA:202,382,0,1
BRDA:202,382,1,1
BRDA:202,383,0,1
BRDA:202,383,1,0
BRDA:202,384,0,1
BRDA:202,384,1,1
BRDA:202,385,0,1
BRDA:202,385,1,0
BRDA:202,386,0,1
BRDA:202,386,1,1
BRDA:205,387,0,0
BRDA:205,387,1,6
BRDA:205,388,0,6
BRDA:205,388,1,6
BRDA:205,389,0,6
BRDA:205,389,1,0
BRDA:205,390,0,6
BRDA:205,390,1,6
BRDA:205,391,0,6
BRDA:205,391,1,0
BRDA:205,392,0,6
BRDA:205,392,1,6
BRDA:206,393,0,0
BRDA:206,393,1,0
BRDA:206,394,0,0
BRDA:206,394,1,0
BRDA:206,395,0,0
BRDA:206,395,1,0
BRDA:206,396,0,0
BRDA:206,396,1,0
BRDA:206,397,0,0
BRDA:206,397,1,0
BRDA:206,398,0,0
BRDA:206,398,1,0
BRDA:209,399,0,0
BRDA:209,399,1,6
BRDA:209,400,0,6
BRDA:209,400,1,6
BRDA:209,401,0,6
BRDA:209,401,1,0
BRDA:209,402,0,6
BRDA:209,402,1,6
BRDA:209,403,0,6
BRDA:209,403,1,0
BRDA:209,404,0,6
BRDA:209,404,1,6
BRDA:210,405,0,0
BRDA:210,405,1,0
BRDA:210,406,0,0
BRDA:210,406,1,0
BRDA:210,407,0,0
BRDA:210,407,1,0
BRDA:210,408,0,0
BRDA:210,408,1,0
BRDA:210,409,0,0
BRDA:210,409,1,0
BRDA:210,410,0,0
BRDA:210,410,1,0
BRDA:213,411,0,0
BRDA:213,411,1,6
BRDA:213,412,0,6
BRDA:213,412,1,6
BRDA:213,413,0,6
BRDA:213,413,1,0
BRDA:213,414,0,6
BRDA:213,414,1,6
BRDA:213,415,0,6
BRDA:213,415,1,0
BRDA:213,416,0,6
BRDA:213,416,1,6
BRDA:214,417,0,0
BRDA:214,417,1,0
BRDA:214,418,0,0
BRDA:214,418,1,0
BRDA:214,419,0,0
BRDA:214,419,1,0
BRDA:214,420,0,0
BRDA:214,420,1,0
BRDA:214,421,0,0
BRDA:214,421,1,0
BRDA:214,422,0,0
BRDA:214,422,1,0
BRDA:223,423,0,0
BRDA:223,423,1,0
BRDA:223,423,2,0
BRDA:223,423,3,0
BRDA:223,423,4,9
BRDA:223,423,5,0
BRDA:223,423,6,138
BRDA:224,424,0,0
BRDA:224,424,1,147
BRDA:224,425,0,147
BRDA:224,425,1,147
BRDA:224,426,0,147
BRDA:224,426,1,0
BRDA:224,427,0,147
BRDA:224,427,1,147
BRDA:224,428,0,147
BRDA:224,428,1,0
BRDA:224,429,0,147
BRDA:224,429,1,147
BRDA:225,430,0,0
BRDA:225,430,1,0
BRDA:225,431,0,0
BRDA:225,431,1,0
BRDA:225,432,0,0
BRDA:225,432,1,0
BRDA:225,433,0,0
BRDA:225,433,1,0
BRDA:225,434,0,0
BRDA:225,434,1,0
BRDA:225,435,0,0
BRDA:225,435,1,0
BRDA:228,436,0,0
BRDA:228,436,1,147
BRDA:228,437,0,147
BRDA:228,437,1,147
BRDA:228,438,0,147
BRDA:228,438,1,0
BRDA:228,439,0,147
BRDA:228,439,1,147
BRDA:228,440,0,147
BRDA:228,440,1,0
BRDA:228,441,0,147
BRDA:228,441,1,147
BRDA:229,442,0,0
BRDA:229,442,1,0
BRDA:229,443,0,0
BRDA:229,443,1,0
BRDA:229,444,0,0
BRDA:229,444,1,0
BRDA:229,445,0,0
BRDA:229,445,1,0
BRDA:229,446,0,0
BRDA:229,446,1,0
BRDA:229,447,0,0
BRDA:229,447,1,0
BRDA:232,448,0,0
BRDA:232,448,1,147
BRDA:232,449,0,147
BRDA:232,449,1,147
BRDA:232,450,0,147
BRDA:232,450,1,0
BRDA:232,451,0,147
BRDA:232,451,1,147
BRDA:232,452,0,147
BRDA:232,452,1,0
BRDA:232,453,0,147
BRDA:232,453,1,147
BRDA:233,454,0,0
BRDA:233,454,1,0
BRDA:233,455,0,0
BRDA:233,455,1,0
BRDA:233,456,0,0
BRDA:233,456,1,0
BRDA:233,457,0,0
BRDA:233,457,1,0
BRDA:233,458,0,0
BRDA:233,458,1,0
BRDA:233,459,0,0
BRDA:233,459,1,0
BRDA:236,460,0,0
BRDA:236,460,1,147
BRDA:236,461,0,147
BRDA:236,461,1,147
BRDA:236,462,0,147
BRDA:236,462,1,0
BRDA:236,463,0,147
BRDA:236,463,1,147
BRDA:236,464,0,147
BRDA:236,464,1,0
BRDA:236,465,0,147
BRDA:236,465,1,147
BRDA:237,466,0,0
BRDA:237,466,1,0
BRDA:237,467,0,0
BRDA:237,467,1,0
BRDA:237,468,0,0
BRDA:237,468,1,0
BRDA:237,469,0,0
BRDA:237,469,1,0
BRDA:237,470,0,0
BRDA:237,470,1,0
BRDA:237,471,0,0
BRDA:237,471,1,0
BRDA:240,472,0,0
BRDA:240,472,1,147
BRDA:240,473,0,147
BRDA:240,473,1,147
BRDA:240,474,0,147
BRDA:240,474,1,0
BRDA:240,475,0,147
BRDA:240,475,1,147
BRDA:240,476,0,147
BRDA:240,476,1,0
BRDA:240,477,0,147
BRDA:240,477,1,147
BRDA:241,478,0,0
BRDA:241,478,1,9
BRDA:241,479,0,9
BRDA:241,479,1,9
BRDA:241,480,0,9
BRDA:241,480,1,0
BRDA:241,481,0,9
BRDA:241,481,1,9
BRDA:241,482,0,9
BRDA:241,482,1,0
BRDA:241,483,0,9
BRDA:241,483,1,9
BRDA:244,484,0,0
BRDA:244,484,1,138
BRDA:244,485,0,138
BRDA:244,485,1,138
BRDA:244,486,0,138
BRDA:244,486,1,0
BRDA:244,487,0,138
BRDA:244,487,1,138
BRDA:244,488,0,138
BRDA:244,488,1,0
BRDA:244,489,0,138
BRDA:244,489,1,138
BRDA:245,490,0,0
BRDA:245,490,1,0
BRDA:245,491,0,0
BRDA:245,491,1,0
BRDA:245,492,0,0
BRDA:245,492,1,0
BRDA:245,493,0,0
BRDA:245,493,1,0
BRDA:245,494,0,0
BRDA:245,494,1,0
BRDA:245,495,0,0
BRDA:245,495,1,0
BRDA:254,496,0,9
BRDA:254,496,1,3
BRDA:254,496,2,4
BRDA:254,496,3,14
BRDA:254,496,4,11
BRDA:254,496,5,3
BRDA:254,496,6,214
BRDA:255,497,0,0
BRDA:255,497,1,258
BRDA:255,498,0,258
BRDA:255,498,1,258
BRDA:255,499,0,258
BRDA:255,499,1,0
BRDA:255,500,0,258
BRDA:255,500,1,258
BRDA:255,501,0,258
BRDA:255,501,1,0
BRDA:255,502,0,258
BRDA:255,502,1,258
BRDA:256,503,0,0
BRDA:256,503,1,9
BRDA:256,504,0,9
BRDA:256,504,1,9
BRDA:256,505,0,9
BRDA:256,505,1,0
BRDA:256,506,0,9
BRDA:256,506,1,9
BRDA:256,507,0,9
BRDA:256,507,1,0
BRDA:256,508,0,9
BRDA:256,508,1,9
BRDA:259,509,0,0
BRDA:259,509,1,249
BRDA:259,510,0,249
BRDA:259,510,1,249
BRDA:259,511,0,249
BRDA:259,511,1,0
BRDA:259,512,0,249
BRDA:259,512,1,249
BRDA:259,513,0,249
BRDA:259,513,1,0
BRDA:259,514,0,249
BRDA:259,514,1,249
BRDA:260,515,0,0
BRDA:260,515,1,3
BRDA:260,516,0,3
BRDA:260,516,1,3
BRDA:260,517,0,3
BRDA:260,517,1,0
BRDA:260,518,0,3
BRDA:260,518,1,3
BRDA:260,519,0,3
BRDA:260,519,1,0
BRDA:260,520,0,3
BRDA:260,520,1,3
BRDA:263,521,0,0
BRDA:263,521,1,246
BRDA:263,522,0,246
BRDA:263,522,1,246
BRDA:263,523,0,246
BRDA:263,523,1,0
BRDA:263,524,0,246
BRDA:263,524,1,246
BRDA:263,525,0,246
BRDA:263,525,1,0
BRDA:263,526,0,246
BRDA:263,526,1,246
BRDA:264,527,0,0
BRDA:264,527,1,4
BRDA:264,528,0,4
BRDA:264,528,1,4
BRDA:264,529,0,4
BRDA:264,529,1,0
BRDA:264,530,0,4
BRDA:264,530,1,4
BRDA:264,531,0,4
BRDA:264,531,1,0
BRDA:264,532,0,4
BRDA:264,532,1,4
BRDA:267,533,0,0
BRDA:267,533,1,242
BRDA:267,534,0,242
BRDA:267,534,1,242
BRDA:267,535,0,242
BRDA:267,535,1,0
BRDA:267,536,0,242
BRDA:267,536,1,242
BRDA:267,537,0,242
BRDA:267,537,1,0
BRDA:267,538,0,242
BRDA:267,538,1,242
BRDA:268,539,0,0
BRDA:268,539,1,14
BRDA:268,540,0,14
BRDA:268,540,1,14
BRDA:268,541,0,14
BRDA:268,541,1,0
BRDA:268,542,0,14
BRDA:268,542,1,14
BRDA:268,543,0,14
BRDA:268,543,1,0
BRDA:268,544,0,14
BRDA:268,544,1,14
BRDA:271,545,0,0
BRDA:271,545,1,228
BRDA:271,546,0,228
BRDA:271,546,1,228
BRDA:271,547,0,228
BRDA:271,547,1,0
BRDA:271,548,0,228
BRDA:271,548,1,228
BRDA:271,549,0,228
BRDA:271,549,1,0
BRDA:271,550,0,228
BRDA:271,550,1,228
BRDA:272,551,0,0
BRDA:272,551,1,11
BRDA:272,552,0,11
BRDA:272,552,1,11
BRDA:272,553,0,11
BRDA:272,553,1,0
BRDA:272,554,0,11
BRDA:272,554,1,11
BRDA:272,555,0,11
BRDA:272,555,1,0
BRDA:272,556,0,11
BRDA:272,556,1,11
BRDA:275,557,0,0
BRDA:275,557,1,217
BRDA:275,558,0,217
BRDA:275,558,1,217
BRDA:275,559,0,217
BRDA:275,559,1,0
BRDA:275,560,0,217
BRDA:275,560,1,217
BRDA:275,561,0,217
BRDA:275,561,1,0
BRDA:275,562,0,217
BRDA:275,562,1,217
BRDA:276,563,0,0
BRDA:276,563,1,3
BRDA:276,564,0,3
BRDA:276,564,1,3
BRDA:276,565,0,3
BRDA:276,565,1,0
BRDA:276,566,0,3
BRDA:276,566,1,3
BRDA:276,567,0,3
BRDA:276,567,1,0
BRDA:276,568,0,3
BRDA:276,568,1,3
BRDA:289,569,0,0
BRDA:289,569,1,0
BRDA:289,569,2,0
BRDA:289,569,3,0
BRDA:289,569,4,0
BRDA:289,569,5,0
BRDA:289,569,6,0
BRDA:290,570,0,0
BRDA:290,570,1,0
BRDA:290,571,0,0
BRDA:290,571,1,0
BRDA:290,572,0,0
BRDA:290,572,1,0
BRDA:290,573,0,0
BRDA:290,573,1,0
BRDA:290,574,0,0
BRDA:290,574,1,0
BRDA:290,575,0,0
BRDA:290,575,1,0
BRDA:291,576,0,0
BRDA:291,576,1,0
BRDA:291,577,0,0
BRDA:291,577,1,0
BRDA:291,578,0,0
BRDA:291,578,1,0
BRDA:291,579,0,0
BRDA:291,579,1,0
BRDA:291,580,0,0
BRDA:291,580,1,0
BRDA:291,581,0,0
BRDA:291,581,1,0
BRDA:294,582,0,0
BRDA:294,582,1,0
BRDA:294,583,0,0
BRDA:294,583,1,0
BRDA:294,584,0,0
BRDA:294,584,1,0
BRDA:294,585,0,0
BRDA:294,585,1,0
BRDA:294,586,0,0
BRDA:294,586,1,0
BRDA:294,587,0,0
BRDA:294,587,1,0
BRDA:295,588,0,0
BRDA:295,588,1,0
BRDA:295,589,0,0
BRDA:295,589,1,0
BRDA:295,590,0,0
BRDA:295,590,1,0
BRDA:295,591,0,0
BRDA:295,591,1,0
BRDA:295,592,0,0
BRDA:295,592,1,0
BRDA:295,593,0,0
BRDA:295,593,1,0
BRDA:298,594,0,0
BRDA:298,594,1,0
BRDA:298,595,0,0
BRDA:298,595,1,0
BRDA:298,596,0,0
BRDA:298,596,1,0
BRDA:298,597,0,0
BRDA:298,597,1,0
BRDA:298,598,0,0
BRDA:298,598,1,0
BRDA:298,599,0,0
BRDA:298,599,1,0
BRDA:299,600,0,0
BRDA:299,600,1,0
BRDA:299,601,0,0
BRDA:299,601,1,0
BRDA:299,602,0,0
BRDA:299,602,1,0
BRDA:299,603,0,0
BRDA:299,603,1,0
BRDA:299,604,0,0
BRDA:299,604,1,0
BRDA:299,605,0,0
BRDA:299,605,1,0
BRDA:302,606,0,0
BRDA:302,606,1,0
BRDA:302,607,0,0
BRDA:302,607,1,0
BRDA:302,608,0,0
BRDA:302,608,1,0
BRDA:302,609,0,0
BRDA:302,609,1,0
BRDA:302,610,0,0
BRDA:302,610,1,0
BRDA:302,611,0,0
BRDA:302,611,1,0
BRDA:303,612,0,0
BRDA:303,612,1,0
BRDA:303,613,0,0
BRDA:303,613,1,0
BRDA:303,614,0,0
BRDA:303,614,1,0
BRDA:303,615,0,0
BRDA:303,615,1,0
BRDA:303,616,0,0
BRDA:303,616,1,0
BRDA:303,617,0,0
BRDA:303,617,1,0
BRDA:306,618,0,0
BRDA:306,618,1,0
BRDA:306,619,0,0
BRDA:306,619,1,0
BRDA:306,620,0,0
BRDA:306,620,1,0
BRDA:306,621,0,0
BRDA:306,621,1,0
BRDA:306,622,0,0
BRDA:306,622,1,0
BRDA:306,623,0,0
BRDA:306,623,1,0
BRDA:307,624,0,0
BRDA:307,624,1,0
BRDA:307,625,0,0
BRDA:307,625,1,0
BRDA:307,626,0,0
BRDA:307,626,1,0
BRDA:307,627,0,0
BRDA:307,627,1,0
BRDA:307,628,0,0
BRDA:307,628,1,0
BRDA:307,629,0,0
BRDA:307,629,1,0
BRDA:310,630,0,0
BRDA:310,630,1,0
BRDA:310,631,0,0
BRDA:310,631,1,0
BRDA:310,632,0,0
BRDA:310,632,1,0
BRDA:310,633,0,0
BRDA:310,633,1,0
BRDA:310,634,0,0
BRDA:310,634,1,0
BRDA:310,635,0,0
BRDA:310,635,1,0
BRDA:311,636,0,0
BRDA:311,636,1,0
BRDA:311,637,0,0
BRDA:311,637,1,0
BRDA:311,638,0,0
BRDA:311,638,1,0
BRDA:311,639,0,0
BRDA:311,639,1,0
BRDA:311,640,0,0
BRDA:311,640,1,0
BRDA:311,641,0,0
BRDA:311,641,1,0
BRDA:321,642,0,3
BRDA:321,642,1,3
BRDA:321,642,2,3
BRDA:321,642,3,3
BRDA:321,642,4,8
BRDA:321,642,5,3
BRDA:321,642,6,138
BRDA:322,643,0,0
BRDA:322,643,1,161
BRDA:322,644,0,161
BRDA:322,644,1,161
BRDA:322,645,0,161
BRDA:322,645,1,0
BRDA:322,646,0,161
BRDA:322,646,1,161
BRDA:322,647,0,161
BRDA:322,647,1,0
BRDA:322,648,0,161
BRDA:322,648,1,161
BRDA:326,649,0,0
BRDA:326,649,1,158
BRDA:326,650,0,158
BRDA:326,650,1,158
BRDA:326,651,0,158
BRDA:326,651,1,0
BRDA:326,652,0,158
BRDA:326,652,1,158
BRDA:326,653,0,158
BRDA:326,653,1,0
BRDA:326,654,0,158
BRDA:326,654,1,158
BRDA:330,655,0,0
BRDA:330,655,1,155
BRDA:330,656,0,155
BRDA:330,656,1,155
BRDA:330,657,0,155
BRDA:330,657,1,0
BRDA:330,658,0,155
BRDA:330,658,1,155
BRDA:330,659,0,155
BRDA:330,659,1,0
BRDA:330,660,0,155
BRDA:330,660,1,155
BRDA:334,661,0,0
BRDA:334,661,1,152
BRDA:334,662,0,152
BRDA:334,662,1,152
BRDA:334,663,0,152
BRDA:334,663,1,0
BRDA:334,664,0,152
BRDA:334,664,1,152
BRDA:334,665,0,152
BRDA:334,665,1,0
BRDA:334,666,0,152
BRDA:334,666,1,152
BRDA:338,667,0,0
BRDA:338,667,1,149
BRDA:338,668,0,149
BRDA:338,668,1,149
BRDA:338,669,0,149
BRDA:338,669,1,0
BRDA:338,670,0,149
BRDA:338,670,1,149
BRDA:338,671,0,149
BRDA:338,671,1,0
BRDA:338,672,0,149
BRDA:338,672,1,149
BRDA:342,673,0,0
BRDA:342,673,1,141
BRDA:342,674,0,141
BRDA:342,674,1,141
BRDA:342,675,0,141
BRDA:342,675,1,0
BRDA:342,676,0,141
BRDA:342,676,1,141
BRDA:342,677,0,141
BRDA:342,677,1,0
BRDA:342,678,0,141
BRDA:342,678,1,141
BRDA:353,679,0,0
BRDA:353,679,1,0
BRDA:353,679,2,6
BRDA:353,679,3,0
BRDA:353,679,4,0
BRDA:353,679,5,0
BRDA:353,679,6,68
BRDA:354,680,0,0
BRDA:354,680,1,74
BRDA:354,681,0,74
BRDA:354,681,1,74
BRDA:354,682,0,74
BRDA:354,682,1,0
BRDA:354,683,0,74
BRDA:354,683,1,74
BRDA:354,684,0,74
BRDA:354,684,1,0
BRDA:354,685,0,74
BRDA:354,685,1,74
BRDA:358,686,0,0
BRDA:358,686,1,74
BRDA:358,687,0,74
BRDA:358,687,1,74
BRDA:358,688,0,74
BRDA:358,688,1,0
BRDA:358,689,0,74
BRDA:358,689,1,74
BRDA:358,690,0,74
BRDA:358,690,1,0
BRDA:358,691,0,74
BRDA:358,691,1,74
BRDA:362,692,0,0
BRDA:362,692,1,74
BRDA:362,693,0,74
BRDA:362,693,1,74
BRDA:362,694,0,74
BRDA:362,694,1,0
BRDA:362,695,0,74
BRDA:362,695,1,74
BRDA:362,696,0,74
BRDA:362,696,1,0
BRDA:362,697,0,74
BRDA:362,697,1,74
BRDA:366,698,0,0
BRDA:366,698,1,68
BRDA:366,699,0,68
BRDA:366,699,1,68
BRDA:366,700,0,68
BRDA:366,700,1,0
BRDA:366,701,0,68
BRDA:366,701,1,68
BRDA:366,702,0,68
BRDA:366,702,1,0
BRDA:366,703,0,68
BRDA:366,703,1,68
BRDA:370,704,0,0
BRDA:370,704,1,68
BRDA:370,705,0,68
BRDA:370,705,1,68
BRDA:370,706,0,68
BRDA:370,706,1,0
BRDA:370,707,0,68
BRDA:370,707,1,68
BRDA:370,708,0,68
BRDA:370,708,1,0
BRDA:370,709,0,68
BRDA:370,709,1,68
BRDA:374,710,0,0
BRDA:374,710,1,68
BRDA:374,711,0,68
BRDA:374,711,1,68
BRDA:374,712,0,68
BRDA:374,712,1,0
BRDA:374,713,0,68
BRDA:374,713,1,68
BRDA:374,714,0,68
BRDA:374,714,1,0
BRDA:374,715,0,68
BRDA:374,715,1,68
BRDA:385,716,0,3
BRDA:385,716,1,3
BRDA:385,716,2,0
BRDA:385,716,3,0
BRDA:385,716,4,3
BRDA:385,716,5,0
BRDA:385,716,6,54
BRDA:386,717,0,0
BRDA:386,717,1,63
BRDA:386,718,0,63
BRDA:386,718,1,63
BRDA:386,719,0,63
BRDA:386,719,1,0
BRDA:386,720,0,63
BRDA:386,720,1,63
BRDA:386,721,0,63
BRDA:386,721,1,0
BRDA:386,722,0,63
BRDA:386,722,1,63
BRDA:390,723,0,0
BRDA:390,723,1,60
BRDA:390,724,0,60
BRDA:390,724,1,60
BRDA:390,725,0,60
BRDA:390,725,1,0
BRDA:390,726,0,60
BRDA:390,726,1,60
BRDA:390,727,0,60
BRDA:390,727,1,0
BRDA:390,728,0,60
BRDA:390,728,1,60
BRDA:394,729,0,0
BRDA:394,729,1,57
BRDA:394,730,0,57
BRDA:394,730,1,57
BRDA:394,731,0,57
BRDA:394,731,1,0
BRDA:394,732,0,57
BRDA:394,732,1,57
BRDA:394,733,0,57
BRDA:394,733,1,0
BRDA:394,734,0,57
BRDA:394,734,1,57
BRDA:398,735,0,0
BRDA:398,735,1,57
BRDA:398,736,0,57
BRDA:398,736,1,57
BRDA:398,737,0,57
BRDA:398,737,1,0
BRDA:398,738,0,57
BRDA:398,738,1,57
BRDA:398,739,0,57
BRDA:398,739,1,0
BRDA:398,740,0,57
BRDA:398,740,1,57
BRDA:402,741,0,0
BRDA:402,741,1,57
BRDA:402,742,0,57
BRDA:402,742,1,57
BRDA:402,743,0,57
BRDA:402,743,1,0
BRDA:402,744,0,57
BRDA:402,744,1,57
BRDA:402,745,0,57
BRDA:402,745,1,0
BRDA:402,746,0,57
BRDA:402,746,1,57
BRDA:406,747,0,0
BRDA:406,747,1,54
BRDA:406,748,0,54
BRDA:406,748,1,54
BRDA:406,749,0,54
BRDA:406,749,1,0
BRDA:406,750,0,54
BRDA:406,750,1,54
BRDA:406,751,0,54
BRDA:406,751,1,0
BRDA:406,752,0,54
BRDA:406,752,1,54
BRF:1586
BRH:798
end_of_record
TN:
SF:src\Snapping\Sizes.ts
FNF:0
FNH:0
DA:3,1
DA:12,1
DA:34,1
DA:41,1
DA:48,1
DA:55,1
DA:62,1
DA:71,1
DA:80,1
DA:89,1
DA:98,1
DA:107,1
DA:116,1
DA:125,1
DA:134,1
DA:143,1
LF:16
LH:16
BRF:0
BRH:0
end_of_record
TN:
SF:src\Utils\Utils.ts
FN:1,Escape
FNF:1
FNH:1
FNDA:624,Escape
DA:1,1
DA:2,624
DA:3,624
DA:5,624
LF:4
LH:4
BRDA:2,0,0,0
BRDA:2,0,1,624
BRDA:2,1,0,624
BRDA:2,1,1,624
BRDA:3,2,0,0
BRDA:3,2,1,624
BRDA:3,3,0,624
BRDA:3,3,1,624
BRF:8
BRH:6
end_of_record
